[13:38:51] SELECT `user_id`, `user_num`, `user_password`, `user_name`, `user_phone`, `user_ol_model`, `role_id`, `role_name`, `role_type`, `dept_id`, `dept_name`, `user_tel_server`, `user_cti_server`, `user_channel`, `user_sms_phone`, `user_if_tip`, `user_remark`, `user_last_login`, `user_phone_type`, `user_last_ip`, `user_outcaller_type`, `user_outcaller_num`, `user_notebook`, `user_login_state`, `user_workbench_layout`, `user_display_dialpanel`, `user_outcall_popup`, `user_to_selfphone` FROM (`est_users`) WHERE `user_id` =  '1'
[13:38:51] SELECT count(*) as total FROM (`est_users`) WHERE `role_id` > '0'
[13:38:51] SELECT * FROM (`est_role`) WHERE `role_id` =  1
[13:38:51] SELECT count(*) as total FROM (`est_client`) WHERE `user_id` =  '1'
[13:38:51] UPDATE `est_statistics_stage` SET `dept_id` = 1 WHERE `user_id` =  '1' AND `dept_id` != 1
[13:38:51] SELECT order_id FROM est_order WHERE user_id=1 AND dept_id!=1
[13:38:51] UPDATE `est_service` SET `dept_id` = 1 WHERE `user_id` =  '1'
[13:38:51] UPDATE `est_users` SET `dept_id` = 1, `role_id` = 1, `role_name` = 'BOSS', `role_type` = '1' WHERE `user_id` =  '1'
[13:38:51] SELECT `user_id` FROM (`est_users`) WHERE `user_id` =  '1'
[13:38:51] UPDATE `est_users` SET `user_last_login` = '2015-07-14 13:38:51', `user_last_ip` = '58.246.132.154' WHERE `user_id` =  '1'
[13:38:56] SELECT count(*) as total FROM (`est_users`) WHERE `role_id` > '0'
[13:38:56] SELECT count(*) as total FROM (`est_client`) WHERE `user_id` =  '1'
[13:38:56] UPDATE `est_statistics_stage` SET `dept_id` = 1 WHERE `user_id` =  '1' AND `dept_id` != 1
[13:38:56] SELECT order_id FROM est_order WHERE user_id=1 AND dept_id!=1
[13:38:56] UPDATE `est_service` SET `dept_id` = 1 WHERE `user_id` =  '1'
[13:38:56] UPDATE `est_users` SET `dept_id` = 1, `role_id` = 1, `role_name` = 'BOSS', `role_type` = '1' WHERE `user_id` =  '1'
[13:38:56] SELECT `user_id` FROM (`est_users`) WHERE `user_id` =  '1'
[13:38:56] UPDATE `est_users` SET `user_last_login` = '2015-07-14 13:38:56', `user_last_ip` = '58.246.132.154' WHERE `user_id` =  '1'
[14:30:04] SELECT `user_id`, `user_num`, `user_password`, `user_name`, `user_phone`, `user_ol_model`, `role_id`, `role_name`, `role_type`, `dept_id`, `dept_name`, `user_tel_server`, `user_cti_server`, `user_channel`, `user_sms_phone`, `user_if_tip`, `user_remark`, `user_last_login`, `user_phone_type`, `user_last_ip`, `user_outcaller_type`, `user_outcaller_num`, `user_notebook`, `user_login_state`, `user_workbench_layout`, `user_display_dialpanel`, `user_outcall_popup`, `user_to_selfphone` FROM (`est_users`) WHERE `user_id` =  '1'
[14:30:04] SELECT `que_id`, `que_name`, `que_type` FROM (`est_queue`)
[14:30:04] SELECT * FROM (`est_config`) LIMIT 1
[14:30:06] SELECT rmd_id,rmd_param_int,rmd_param_char,rmd_remark,rmd_time FROM est_remind WHERE rmd_deal = 0 AND user_id = 1  AND  rmd_time < '2015-07-14 00:00:00' limit 10
[14:30:06] SELECT rmd_id,rmd_param_int,rmd_param_char,rmd_remark,rmd_time FROM est_remind WHERE rmd_deal = 0 AND user_id = 1  AND  '2015-07-14 00:00:00' <= rmd_time AND rmd_time <= '2015-07-14 23:59:59' limit 10
[14:30:06] SELECT rmd_id,rmd_param_int,rmd_param_char,rmd_remark,rmd_time FROM est_remind WHERE rmd_deal = 0 AND user_id = 1  AND  '2015-07-14 23:59:59' < rmd_time AND rmd_time <= '2015-07-21 23:59:59' limit 10
[14:30:06] SELECT msg_id,msg_send_user_id,msg_receive_user_id,msg_send_user_name,msg_receive_user_name,msg_content,msg_content_text ,msg_insert_time FROM est_message WHERE msg_show_time <= 1436855436 AND msg_if_readed = 0 AND msg_receive_user_id = 1 LIMIT 10
[14:30:06] SELECT COUNT(*) AS `numrows` FROM (`est_message`) WHERE `msg_show_time` <= 1436855436 AND `msg_if_readed` =  '0' AND `msg_receive_user_id` =  '1'
[14:30:06] SELECT * FROM (`est_department`) WHERE `dept_id` =  1 LIMIT 1
[14:30:06] SELECT `dept_id`, `dept_pid`, `dept_deep` FROM (`est_department`) WHERE `dept_deep` <= '1'
[14:30:06] SELECT * FROM (`est_anns`) WHERE (create_user_id = '1' OR dept_id IN (1) ) ORDER BY `creat_time` desc LIMIT 10
[14:30:06] SELECT `dept_id`, `dept_pid`, `dept_name`, `dept_deep` FROM (`est_department`) ORDER BY `dept_id`
[14:30:06] SELECT `user_id`, `user_name`, `user_num`, `dept_id`, `dept_name` FROM (`est_users`) WHERE `dept_id` IN (1)
[14:30:06] SELECT user_id,dept_id,deal_date,conn_num,conn_success,transformation,new_increment FROM est_statistics_stage WHERE deal_date='2015-07-14' AND dept_id IN (1) LIMIT 10
[14:30:06] SELECT `id`, `name`, `fields`, `field_type`, `if_custom`, `field_list_width`, `data_type`, `if_require`, `default`, `jl_series`, `jl_field_type`, `datefmt` FROM (`est_fields`) WHERE `field_type` =  1 AND `state` =  1 ORDER BY `id` ASC
[14:30:06] SELECT `id`, `name`, `fields`, `state`, `field_type`, `data_type`, `if_require`, `default`, `jl_series`, `jl_field_type`, `datefmt` FROM (`est_fields`) WHERE `field_type` =  0 AND `state` =  1 AND `if_custom` =  '1' ORDER BY `custom_poz` ASC
[14:30:06] SELECT `cle_id`, `cle_name`, `cle_stat`, `cle_stage`, `cle_last_connecttime`, `cle_public_type` FROM (`est_client`) WHERE `user_id` = '1' AND con_rec_next_time >= '2015-07-14' AND con_rec_next_time <= '2015-07-14' AND dept_id IN (1) ORDER BY `con_rec_next_time` desc LIMIT 10
[14:30:06] SELECT cus_phone FROM est_cdr WHERE start_time>='1436853606' AND result=0 AND conn_secs>0 AND cus_phone!=''
[14:30:06] SELECT id,start_time,caller,state,reason,cle_id FROM est_lost_cdr WHERE user_id='1' AND state=0 LIMIT 10
[14:30:06] SELECT rmd_id,rmd_param_int,rmd_param_char,rmd_remark,rmd_time FROM est_remind WHERE rmd_deal = 0 AND user_id = 1  AND  rmd_time < '2015-07-14 00:00:00' limit 10
[14:30:06] SELECT rmd_id,rmd_param_int,rmd_param_char,rmd_remark,rmd_time FROM est_remind WHERE rmd_deal = 0 AND user_id = 1  AND  '2015-07-14 00:00:00' <= rmd_time AND rmd_time <= '2015-07-14 23:59:59' limit 10
[14:30:06] SELECT rmd_id,rmd_param_int,rmd_param_char,rmd_remark,rmd_time FROM est_remind WHERE rmd_deal = 0 AND user_id = 1  AND  '2015-07-14 23:59:59' < rmd_time AND rmd_time <= '2015-07-21 23:59:59' limit 10
[14:30:06] SELECT msg_id,msg_send_user_id,msg_receive_user_id,msg_send_user_name,msg_receive_user_name,msg_content,msg_content_text ,msg_insert_time FROM est_message WHERE msg_show_time <= 1436855436 AND msg_if_readed = 0 AND msg_receive_user_id = 1 LIMIT 10
[14:30:06] SELECT COUNT(*) AS `numrows` FROM (`est_message`) WHERE `msg_show_time` <= 1436855436 AND `msg_if_readed` =  '0' AND `msg_receive_user_id` =  '1'
[14:30:06] SELECT * FROM (`est_anns`) WHERE (create_user_id = '1' OR dept_id IN (1) ) ORDER BY `creat_time` desc LIMIT 10
[14:30:06] SELECT `user_id`, `user_name`, `user_num`, `dept_id`, `dept_name` FROM (`est_users`) WHERE `dept_id` IN (1)
[14:30:06] SELECT user_id,dept_id,deal_date,conn_num,conn_success,transformation,new_increment FROM est_statistics_stage WHERE deal_date='2015-07-14' AND dept_id IN (1) LIMIT 10
[14:30:06] SELECT `id`, `name`, `fields`, `state`, `field_type`, `data_type`, `if_require`, `default`, `jl_series`, `jl_field_type`, `datefmt` FROM (`est_fields`) WHERE `field_type` =  0 AND `state` =  1 AND `if_custom` =  '1' ORDER BY `custom_poz` ASC
[14:30:06] SELECT `cle_id`, `cle_name`, `cle_stat`, `cle_stage`, `cle_last_connecttime`, `cle_public_type` FROM (`est_client`) WHERE `user_id` = '1' AND con_rec_next_time >= '2015-07-14' AND con_rec_next_time <= '2015-07-14' AND dept_id IN (1) ORDER BY `con_rec_next_time` desc LIMIT 10
[14:30:06] SELECT cus_phone FROM est_cdr WHERE start_time>='1436853606' AND result=0 AND conn_secs>0 AND cus_phone!=''
[14:30:06] SELECT id,start_time,caller,state,reason,cle_id FROM est_lost_cdr WHERE user_id='1' AND state=0 LIMIT 10
[14:30:06] SELECT rmd_id,rmd_param_int,rmd_param_char,rmd_remark,rmd_time FROM est_remind WHERE rmd_deal = 0 AND user_id = 1  AND  rmd_time < '2015-07-14 00:00:00' limit 10
[14:30:06] SELECT rmd_id,rmd_param_int,rmd_param_char,rmd_remark,rmd_time FROM est_remind WHERE rmd_deal = 0 AND user_id = 1  AND  '2015-07-14 00:00:00' <= rmd_time AND rmd_time <= '2015-07-14 23:59:59' limit 10
[14:30:06] SELECT rmd_id,rmd_param_int,rmd_param_char,rmd_remark,rmd_time FROM est_remind WHERE rmd_deal = 0 AND user_id = 1  AND  '2015-07-14 23:59:59' < rmd_time AND rmd_time <= '2015-07-21 23:59:59' limit 10
[14:30:06] SELECT msg_id,msg_send_user_id,msg_receive_user_id,msg_send_user_name,msg_receive_user_name,msg_content,msg_content_text ,msg_insert_time FROM est_message WHERE msg_show_time <= 1436855436 AND msg_if_readed = 0 AND msg_receive_user_id = 1 LIMIT 10
[14:30:06] SELECT COUNT(*) AS `numrows` FROM (`est_message`) WHERE `msg_show_time` <= 1436855436 AND `msg_if_readed` =  '0' AND `msg_receive_user_id` =  '1'
[14:30:06] SELECT * FROM (`est_anns`) WHERE (create_user_id = '1' OR dept_id IN (1) ) ORDER BY `creat_time` desc LIMIT 10
[14:30:06] SELECT `user_id`, `user_name`, `user_num`, `dept_id`, `dept_name` FROM (`est_users`) WHERE `dept_id` IN (1)
[14:30:06] SELECT user_id,dept_id,deal_date,conn_num,conn_success,transformation,new_increment FROM est_statistics_stage WHERE deal_date='2015-07-14' AND dept_id IN (1) LIMIT 10
[14:30:06] SELECT `id`, `name`, `fields`, `state`, `field_type`, `data_type`, `if_require`, `default`, `jl_series`, `jl_field_type`, `datefmt` FROM (`est_fields`) WHERE `field_type` =  0 AND `state` =  1 AND `if_custom` =  '1' ORDER BY `custom_poz` ASC
[14:30:06] SELECT `cle_id`, `cle_name`, `cle_stat`, `cle_stage`, `cle_last_connecttime`, `cle_public_type` FROM (`est_client`) WHERE `user_id` = '1' AND con_rec_next_time >= '2015-07-14' AND con_rec_next_time <= '2015-07-14' AND dept_id IN (1) ORDER BY `con_rec_next_time` desc LIMIT 10
[14:30:06] SELECT cus_phone FROM est_cdr WHERE start_time>='1436853606' AND result=0 AND conn_secs>0 AND cus_phone!=''
[14:30:06] SELECT id,start_time,caller,state,reason,cle_id FROM est_lost_cdr WHERE user_id='1' AND state=0 LIMIT 10
[14:30:08] SELECT COUNT(*) AS `numrows` FROM (`est_config`)
[14:30:08] UPDATE `est_config` SET `login_wizard` = 1
[14:30:24] SELECT count(*) as total FROM (`est_users`) WHERE `role_id` > '0'
[14:30:24] SELECT * FROM (`est_role`) WHERE `role_id` =  1
[14:30:24] SELECT count(*) as total FROM (`est_client`) WHERE `user_id` =  '1'
[14:30:24] UPDATE `est_statistics_stage` SET `dept_id` = 1 WHERE `user_id` =  '1' AND `dept_id` != 1
[14:30:24] SELECT order_id FROM est_order WHERE user_id=1 AND dept_id!=1
[14:30:24] UPDATE `est_service` SET `dept_id` = 1 WHERE `user_id` =  '1'
[14:30:24] UPDATE `est_users` SET `dept_id` = 1, `role_id` = 1, `role_name` = 'BOSS', `role_type` = '1' WHERE `user_id` =  '1'
[14:30:24] SELECT `user_id` FROM (`est_users`) WHERE `user_id` =  '1'
[14:30:24] UPDATE `est_users` SET `user_last_login` = '2015-07-14 14:30:24', `user_last_ip` = '58.246.132.154' WHERE `user_id` =  '1'
[14:31:29] SELECT count(*) as total FROM (`est_users`) WHERE `role_id` > '0'
[14:31:29] SELECT count(*) as total FROM (`est_client`) WHERE `user_id` =  '1'
[14:31:29] UPDATE `est_statistics_stage` SET `dept_id` = 1 WHERE `user_id` =  '1' AND `dept_id` != 1
[14:31:29] SELECT order_id FROM est_order WHERE user_id=1 AND dept_id!=1
[14:31:29] UPDATE `est_service` SET `dept_id` = 1 WHERE `user_id` =  '1'
[14:31:29] UPDATE `est_users` SET `dept_id` = 1, `role_id` = 1, `role_name` = 'BOSS', `role_type` = '1' WHERE `user_id` =  '1'
[14:31:29] SELECT `user_id` FROM (`est_users`) WHERE `user_id` =  '1'
[14:31:29] UPDATE `est_users` SET `user_last_login` = '2015-07-14 14:31:29', `user_last_ip` = '58.246.132.154' WHERE `user_id` =  '1'
[14:33:11] SELECT count(*) as total FROM (`est_users`) WHERE `role_id` > '0'
[14:33:11] SELECT count(*) as total FROM (`est_client`) WHERE `user_id` =  '1'
[14:33:11] UPDATE `est_statistics_stage` SET `dept_id` = 1 WHERE `user_id` =  '1' AND `dept_id` != 1
[14:33:11] SELECT order_id FROM est_order WHERE user_id=1 AND dept_id!=1
[14:33:11] UPDATE `est_service` SET `dept_id` = 1 WHERE `user_id` =  '1'
[14:33:11] UPDATE `est_users` SET `dept_id` = 1, `role_id` = 1, `role_name` = 'BOSS', `role_type` = '1' WHERE `user_id` =  '1'
[14:33:11] SELECT `user_id` FROM (`est_users`) WHERE `user_id` =  '1'
[14:33:11] UPDATE `est_users` SET `user_last_login` = '2015-07-14 14:33:11', `user_last_ip` = '58.246.132.154' WHERE `user_id` =  '1'
[14:38:18] SELECT count(*) as total FROM (`est_users`) WHERE `role_id` > '0'
[14:38:18] SELECT count(*) as total FROM (`est_client`) WHERE `user_id` =  '1'
[14:38:18] UPDATE `est_statistics_stage` SET `dept_id` = 1 WHERE `user_id` =  '1' AND `dept_id` != 1
[14:38:18] SELECT order_id FROM est_order WHERE user_id=1 AND dept_id!=1
[14:38:18] UPDATE `est_service` SET `dept_id` = 1 WHERE `user_id` =  '1'
[14:38:18] UPDATE `est_users` SET `dept_id` = 1, `role_id` = 1, `role_name` = 'BOSS', `role_type` = '1' WHERE `user_id` =  '1'
[14:38:18] SELECT `user_id` FROM (`est_users`) WHERE `user_id` =  '1'
[14:38:18] UPDATE `est_users` SET `user_last_login` = '2015-07-14 14:38:18', `user_last_ip` = '58.246.132.154' WHERE `user_id` =  '1'
[14:48:34] SELECT `user_id`, `user_num`, `user_password`, `user_name`, `user_phone`, `user_ol_model`, `role_id`, `role_name`, `role_type`, `dept_id`, `dept_name`, `user_tel_server`, `user_cti_server`, `user_channel`, `user_sms_phone`, `user_if_tip`, `user_remark`, `user_last_login`, `user_phone_type`, `user_last_ip`, `user_outcaller_type`, `user_outcaller_num`, `user_notebook`, `user_login_state`, `user_workbench_layout`, `user_display_dialpanel`, `user_outcall_popup`, `user_to_selfphone` FROM (`est_users`) WHERE `user_id` =  '1'
[14:48:34] SELECT count(*) as total FROM (`est_users`) WHERE `role_id` > '0'
[14:48:34] SELECT * FROM (`est_role`) WHERE `role_id` =  1
[14:48:34] SELECT count(*) as total FROM (`est_client`) WHERE `user_id` =  '1'
[14:48:34] UPDATE `est_statistics_stage` SET `dept_id` = 1 WHERE `user_id` =  '1' AND `dept_id` != 1
[14:48:34] SELECT order_id FROM est_order WHERE user_id=1 AND dept_id!=1
[14:48:34] UPDATE `est_service` SET `dept_id` = 1 WHERE `user_id` =  '1'
[14:48:34] UPDATE `est_users` SET `dept_id` = 1, `role_id` = 1, `role_name` = 'BOSS', `role_type` = '1' WHERE `user_id` =  '1'
[14:48:34] SELECT `user_id` FROM (`est_users`) WHERE `user_id` =  '1'
[14:48:34] UPDATE `est_users` SET `user_last_login` = '2015-07-14 14:48:34', `user_last_ip` = '58.246.132.154' WHERE `user_id` =  '1'
[14:49:28] SELECT count(*) as total FROM (`est_users`) WHERE `role_id` > '0'
[14:49:28] SELECT count(*) as total FROM (`est_client`) WHERE `user_id` =  '1'
[14:49:28] UPDATE `est_statistics_stage` SET `dept_id` = 1 WHERE `user_id` =  '1' AND `dept_id` != 1
[14:49:28] SELECT order_id FROM est_order WHERE user_id=1 AND dept_id!=1
[14:49:28] UPDATE `est_service` SET `dept_id` = 1 WHERE `user_id` =  '1'
[14:49:28] UPDATE `est_users` SET `dept_id` = 1, `role_id` = 1, `role_name` = 'BOSS', `role_type` = '1' WHERE `user_id` =  '1'
[14:49:28] SELECT `user_id` FROM (`est_users`) WHERE `user_id` =  '1'
[14:49:28] UPDATE `est_users` SET `user_last_login` = '2015-07-14 14:49:28', `user_last_ip` = '58.246.132.154' WHERE `user_id` =  '1'
[23:33:26] SELECT `user_id`, `user_num`, `user_password`, `user_name`, `user_phone`, `user_ol_model`, `role_id`, `role_name`, `role_type`, `dept_id`, `dept_name`, `user_tel_server`, `user_cti_server`, `user_channel`, `user_sms_phone`, `user_if_tip`, `user_remark`, `user_last_login`, `user_phone_type`, `user_last_ip`, `user_outcaller_type`, `user_outcaller_num`, `user_notebook`, `user_login_state`, `user_workbench_layout`, `user_display_dialpanel`, `user_outcall_popup`, `user_to_selfphone` FROM (`est_users`) WHERE `user_id` =  '1'
[23:33:26] SELECT count(*) as total FROM (`est_users`) WHERE `role_id` > '0'
[23:33:26] SELECT * FROM (`est_role`) WHERE `role_id` =  1
[23:33:26] SELECT count(*) as total FROM (`est_client`) WHERE `user_id` =  '1'
[23:33:26] UPDATE `est_statistics_stage` SET `dept_id` = 1 WHERE `user_id` =  '1' AND `dept_id` != 1
[23:33:26] SELECT order_id FROM est_order WHERE user_id=1 AND dept_id!=1
[23:33:26] UPDATE `est_service` SET `dept_id` = 1 WHERE `user_id` =  '1'
[23:33:26] UPDATE `est_users` SET `dept_id` = 1, `role_id` = 1, `role_name` = 'BOSS', `role_type` = '1' WHERE `user_id` =  '1'
[23:33:26] SELECT `user_id` FROM (`est_users`) WHERE `user_id` =  '1'
[23:33:26] UPDATE `est_users` SET `user_last_login` = '2015-07-14 23:33:26', `user_last_ip` = '180.158.134.27' WHERE `user_id` =  '1'
[23:33:26] SELECT `user_id`, `user_num`, `user_password`, `user_name`, `user_phone`, `user_ol_model`, `role_id`, `role_name`, `role_type`, `dept_id`, `dept_name`, `user_tel_server`, `user_cti_server`, `user_channel`, `user_sms_phone`, `user_if_tip`, `user_remark`, `user_last_login`, `user_phone_type`, `user_last_ip`, `user_outcaller_type`, `user_outcaller_num`, `user_notebook`, `user_login_state`, `user_workbench_layout`, `user_display_dialpanel`, `user_outcall_popup`, `user_to_selfphone` FROM (`est_users`) WHERE `user_id` =  '1'
[23:33:26] SELECT `que_id`, `que_name`, `que_type` FROM (`est_queue`)
[23:33:26] SELECT * FROM (`est_config`) LIMIT 1
[23:33:26] SELECT rmd_id,rmd_param_int,rmd_param_char,rmd_remark,rmd_time FROM est_remind WHERE rmd_deal = 0 AND user_id = 1  AND  rmd_time < '2015-07-14 00:00:00' limit 10
[23:33:26] SELECT rmd_id,rmd_param_int,rmd_param_char,rmd_remark,rmd_time FROM est_remind WHERE rmd_deal = 0 AND user_id = 1  AND  '2015-07-14 00:00:00' <= rmd_time AND rmd_time <= '2015-07-14 23:59:59' limit 10
[23:33:26] SELECT rmd_id,rmd_param_int,rmd_param_char,rmd_remark,rmd_time FROM est_remind WHERE rmd_deal = 0 AND user_id = 1  AND  '2015-07-14 23:59:59' < rmd_time AND rmd_time <= '2015-07-21 23:59:59' limit 10
[23:33:26] SELECT msg_id,msg_send_user_id,msg_receive_user_id,msg_send_user_name,msg_receive_user_name,msg_content,msg_content_text ,msg_insert_time FROM est_message WHERE msg_show_time <= 1436888036 AND msg_if_readed = 0 AND msg_receive_user_id = 1 LIMIT 10
[23:33:26] SELECT COUNT(*) AS `numrows` FROM (`est_message`) WHERE `msg_show_time` <= 1436888036 AND `msg_if_readed` =  '0' AND `msg_receive_user_id` =  '1'
[23:33:26] SELECT * FROM (`est_department`) WHERE `dept_id` =  1 LIMIT 1
[23:33:26] SELECT `dept_id`, `dept_pid`, `dept_deep` FROM (`est_department`) WHERE `dept_deep` <= '1'
[23:33:26] SELECT * FROM (`est_anns`) WHERE (create_user_id = '1' OR dept_id IN (1) ) ORDER BY `creat_time` desc LIMIT 10
[23:33:26] SELECT `dept_id`, `dept_pid`, `dept_name`, `dept_deep` FROM (`est_department`) ORDER BY `dept_id`
[23:33:26] SELECT `user_id`, `user_name`, `user_num`, `dept_id`, `dept_name` FROM (`est_users`) WHERE `dept_id` IN (1)
[23:33:26] SELECT user_id,dept_id,deal_date,conn_num,conn_success,transformation,new_increment FROM est_statistics_stage WHERE deal_date='2015-07-14' AND dept_id IN (1) LIMIT 10
[23:33:26] SELECT `id`, `name`, `fields`, `field_type`, `if_custom`, `field_list_width`, `data_type`, `if_require`, `default`, `jl_series`, `jl_field_type`, `datefmt` FROM (`est_fields`) WHERE `field_type` =  1 AND `state` =  1 ORDER BY `id` ASC
[23:33:26] SELECT `id`, `name`, `fields`, `state`, `field_type`, `data_type`, `if_require`, `default`, `jl_series`, `jl_field_type`, `datefmt` FROM (`est_fields`) WHERE `field_type` =  0 AND `state` =  1 AND `if_custom` =  '1' ORDER BY `custom_poz` ASC
[23:33:26] SELECT `cle_id`, `cle_name`, `cle_stat`, `cle_stage`, `cle_last_connecttime`, `cle_public_type` FROM (`est_client`) WHERE `user_id` = '1' AND con_rec_next_time >= '2015-07-14' AND con_rec_next_time <= '2015-07-14' AND dept_id IN (1) ORDER BY `con_rec_next_time` desc LIMIT 10
[23:33:26] SELECT cus_phone FROM est_cdr WHERE start_time>='1436886206' AND result=0 AND conn_secs>0 AND cus_phone!=''
[23:33:26] SELECT id,start_time,caller,state,reason,cle_id FROM est_lost_cdr WHERE user_id='1' AND state=0 LIMIT 10
[23:33:26] SELECT rmd_id,rmd_param_int,rmd_param_char,rmd_remark,rmd_time FROM est_remind WHERE rmd_deal = 0 AND user_id = 1  AND  rmd_time < '2015-07-14 00:00:00' limit 10
[23:33:26] SELECT rmd_id,rmd_param_int,rmd_param_char,rmd_remark,rmd_time FROM est_remind WHERE rmd_deal = 0 AND user_id = 1  AND  '2015-07-14 00:00:00' <= rmd_time AND rmd_time <= '2015-07-14 23:59:59' limit 10
[23:33:26] SELECT rmd_id,rmd_param_int,rmd_param_char,rmd_remark,rmd_time FROM est_remind WHERE rmd_deal = 0 AND user_id = 1  AND  '2015-07-14 23:59:59' < rmd_time AND rmd_time <= '2015-07-21 23:59:59' limit 10
[23:33:26] SELECT msg_id,msg_send_user_id,msg_receive_user_id,msg_send_user_name,msg_receive_user_name,msg_content,msg_content_text ,msg_insert_time FROM est_message WHERE msg_show_time <= 1436888036 AND msg_if_readed = 0 AND msg_receive_user_id = 1 LIMIT 10
[23:33:26] SELECT COUNT(*) AS `numrows` FROM (`est_message`) WHERE `msg_show_time` <= 1436888036 AND `msg_if_readed` =  '0' AND `msg_receive_user_id` =  '1'
[23:33:26] SELECT * FROM (`est_anns`) WHERE (create_user_id = '1' OR dept_id IN (1) ) ORDER BY `creat_time` desc LIMIT 10
[23:33:26] SELECT user_id,dept_id,deal_date,conn_num,conn_success,transformation,new_increment FROM est_statistics_stage WHERE deal_date='2015-07-14' AND dept_id IN (1) LIMIT 10
[23:33:26] SELECT `id`, `name`, `fields`, `state`, `field_type`, `data_type`, `if_require`, `default`, `jl_series`, `jl_field_type`, `datefmt` FROM (`est_fields`) WHERE `field_type` =  0 AND `state` =  1 AND `if_custom` =  '1' ORDER BY `custom_poz` ASC
[23:33:26] SELECT `cle_id`, `cle_name`, `cle_stat`, `cle_stage`, `cle_last_connecttime`, `cle_public_type` FROM (`est_client`) WHERE `user_id` = '1' AND con_rec_next_time >= '2015-07-14' AND con_rec_next_time <= '2015-07-14' AND dept_id IN (1) ORDER BY `con_rec_next_time` desc LIMIT 10
[23:33:26] SELECT cus_phone FROM est_cdr WHERE start_time>='1436886206' AND result=0 AND conn_secs>0 AND cus_phone!=''
[23:33:26] SELECT id,start_time,caller,state,reason,cle_id FROM est_lost_cdr WHERE user_id='1' AND state=0 LIMIT 10
[23:33:26] SELECT rmd_id,rmd_param_int,rmd_param_char,rmd_remark,rmd_time FROM est_remind WHERE rmd_deal = 0 AND user_id = 1  AND  rmd_time < '2015-07-14 00:00:00' limit 10
[23:33:26] SELECT rmd_id,rmd_param_int,rmd_param_char,rmd_remark,rmd_time FROM est_remind WHERE rmd_deal = 0 AND user_id = 1  AND  '2015-07-14 00:00:00' <= rmd_time AND rmd_time <= '2015-07-14 23:59:59' limit 10
[23:33:26] SELECT rmd_id,rmd_param_int,rmd_param_char,rmd_remark,rmd_time FROM est_remind WHERE rmd_deal = 0 AND user_id = 1  AND  '2015-07-14 23:59:59' < rmd_time AND rmd_time <= '2015-07-21 23:59:59' limit 10
[23:33:26] SELECT msg_id,msg_send_user_id,msg_receive_user_id,msg_send_user_name,msg_receive_user_name,msg_content,msg_content_text ,msg_insert_time FROM est_message WHERE msg_show_time <= 1436888036 AND msg_if_readed = 0 AND msg_receive_user_id = 1 LIMIT 10
[23:33:26] SELECT COUNT(*) AS `numrows` FROM (`est_message`) WHERE `msg_show_time` <= 1436888036 AND `msg_if_readed` =  '0' AND `msg_receive_user_id` =  '1'
[23:33:26] SELECT rmd_id,rmd_param_int,rmd_param_char,rmd_remark,rmd_time FROM est_remind WHERE rmd_deal = 0 AND user_id = 1  AND  rmd_time < '2015-07-14 00:00:00' limit 10
[23:33:26] SELECT rmd_id,rmd_param_int,rmd_param_char,rmd_remark,rmd_time FROM est_remind WHERE rmd_deal = 0 AND user_id = 1  AND  '2015-07-14 00:00:00' <= rmd_time AND rmd_time <= '2015-07-14 23:59:59' limit 10
[23:33:26] SELECT rmd_id,rmd_param_int,rmd_param_char,rmd_remark,rmd_time FROM est_remind WHERE rmd_deal = 0 AND user_id = 1  AND  '2015-07-14 23:59:59' < rmd_time AND rmd_time <= '2015-07-21 23:59:59' limit 10
[23:33:26] SELECT * FROM (`est_anns`) WHERE (create_user_id = '1' OR dept_id IN (1) ) ORDER BY `creat_time` desc LIMIT 10
[23:33:26] SELECT msg_id,msg_send_user_id,msg_receive_user_id,msg_send_user_name,msg_receive_user_name,msg_content,msg_content_text ,msg_insert_time FROM est_message WHERE msg_show_time <= 1436888036 AND msg_if_readed = 0 AND msg_receive_user_id = 1 LIMIT 10
[23:33:26] SELECT COUNT(*) AS `numrows` FROM (`est_message`) WHERE `msg_show_time` <= 1436888036 AND `msg_if_readed` =  '0' AND `msg_receive_user_id` =  '1'
[23:33:26] SELECT user_id,dept_id,deal_date,conn_num,conn_success,transformation,new_increment FROM est_statistics_stage WHERE deal_date='2015-07-14' AND dept_id IN (1) LIMIT 10
[23:33:26] SELECT * FROM (`est_anns`) WHERE (create_user_id = '1' OR dept_id IN (1) ) ORDER BY `creat_time` desc LIMIT 10
[23:33:26] SELECT user_id,dept_id,deal_date,conn_num,conn_success,transformation,new_increment FROM est_statistics_stage WHERE deal_date='2015-07-14' AND dept_id IN (1) LIMIT 10
[23:33:26] SELECT `id`, `name`, `fields`, `state`, `field_type`, `data_type`, `if_require`, `default`, `jl_series`, `jl_field_type`, `datefmt` FROM (`est_fields`) WHERE `field_type` =  0 AND `state` =  1 AND `if_custom` =  '1' ORDER BY `custom_poz` ASC
[23:33:26] SELECT `cle_id`, `cle_name`, `cle_stat`, `cle_stage`, `cle_last_connecttime`, `cle_public_type` FROM (`est_client`) WHERE `user_id` = '1' AND con_rec_next_time >= '2015-07-14' AND con_rec_next_time <= '2015-07-14' AND dept_id IN (1) ORDER BY `con_rec_next_time` desc LIMIT 10
[23:33:26] SELECT `id`, `name`, `fields`, `state`, `field_type`, `data_type`, `if_require`, `default`, `jl_series`, `jl_field_type`, `datefmt` FROM (`est_fields`) WHERE `field_type` =  0 AND `state` =  1 AND `if_custom` =  '1' ORDER BY `custom_poz` ASC
[23:33:26] SELECT `cle_id`, `cle_name`, `cle_stat`, `cle_stage`, `cle_last_connecttime`, `cle_public_type` FROM (`est_client`) WHERE `user_id` = '1' AND con_rec_next_time >= '2015-07-14' AND con_rec_next_time <= '2015-07-14' AND dept_id IN (1) ORDER BY `con_rec_next_time` desc LIMIT 10
[23:33:26] SELECT cus_phone FROM est_cdr WHERE start_time>='1436886206' AND result=0 AND conn_secs>0 AND cus_phone!=''
[23:33:26] SELECT id,start_time,caller,state,reason,cle_id FROM est_lost_cdr WHERE user_id='1' AND state=0 LIMIT 10
[23:33:26] SELECT cus_phone FROM est_cdr WHERE start_time>='1436886206' AND result=0 AND conn_secs>0 AND cus_phone!=''
[23:33:26] SELECT id,start_time,caller,state,reason,cle_id FROM est_lost_cdr WHERE user_id='1' AND state=0 LIMIT 10
[23:33:26] SELECT rmd_id,rmd_param_int,rmd_param_char,rmd_remark,rmd_time FROM est_remind WHERE rmd_deal = 0 AND user_id = 1  AND  rmd_time < '2015-07-14 00:00:00' limit 10
[23:33:26] SELECT rmd_id,rmd_param_int,rmd_param_char,rmd_remark,rmd_time FROM est_remind WHERE rmd_deal = 0 AND user_id = 1  AND  '2015-07-14 00:00:00' <= rmd_time AND rmd_time <= '2015-07-14 23:59:59' limit 10
[23:33:26] SELECT rmd_id,rmd_param_int,rmd_param_char,rmd_remark,rmd_time FROM est_remind WHERE rmd_deal = 0 AND user_id = 1  AND  '2015-07-14 23:59:59' < rmd_time AND rmd_time <= '2015-07-21 23:59:59' limit 10
[23:33:26] SELECT msg_id,msg_send_user_id,msg_receive_user_id,msg_send_user_name,msg_receive_user_name,msg_content,msg_content_text ,msg_insert_time FROM est_message WHERE msg_show_time <= 1436888036 AND msg_if_readed = 0 AND msg_receive_user_id = 1 LIMIT 10
[23:33:26] SELECT COUNT(*) AS `numrows` FROM (`est_message`) WHERE `msg_show_time` <= 1436888036 AND `msg_if_readed` =  '0' AND `msg_receive_user_id` =  '1'
[23:33:26] SELECT * FROM (`est_anns`) WHERE (create_user_id = '1' OR dept_id IN (1) ) ORDER BY `creat_time` desc LIMIT 10
[23:33:26] SELECT user_id,dept_id,deal_date,conn_num,conn_success,transformation,new_increment FROM est_statistics_stage WHERE deal_date='2015-07-14' AND dept_id IN (1) LIMIT 10
[23:33:26] SELECT `id`, `name`, `fields`, `state`, `field_type`, `data_type`, `if_require`, `default`, `jl_series`, `jl_field_type`, `datefmt` FROM (`est_fields`) WHERE `field_type` =  0 AND `state` =  1 AND `if_custom` =  '1' ORDER BY `custom_poz` ASC
[23:33:26] SELECT `cle_id`, `cle_name`, `cle_stat`, `cle_stage`, `cle_last_connecttime`, `cle_public_type` FROM (`est_client`) WHERE `user_id` = '1' AND con_rec_next_time >= '2015-07-14' AND con_rec_next_time <= '2015-07-14' AND dept_id IN (1) ORDER BY `con_rec_next_time` desc LIMIT 10
[23:33:26] SELECT cus_phone FROM est_cdr WHERE start_time>='1436886206' AND result=0 AND conn_secs>0 AND cus_phone!=''
[23:33:26] SELECT id,start_time,caller,state,reason,cle_id FROM est_lost_cdr WHERE user_id='1' AND state=0 LIMIT 10
[23:33:31] SELECT `client_list_display` AS list_display FROM (`est_users`) WHERE `user_id` =  '1' LIMIT 1
[23:33:31] SELECT `id`, `name`, `fields`, `field_type`, `if_custom`, `field_list_width`, `data_type`, `if_require`, `default`, `jl_series`, `jl_field_type`, `datefmt` FROM (`est_fields`) WHERE `field_type` IN (0, 1)  AND `state` =  1 ORDER BY `id` ASC
[23:33:31] SELECT `id`, `name`, `fields`, `state` FROM (`est_fields`) WHERE `field_type` =  0 AND `state` =  1 AND `if_custom` =  0 ORDER BY `id` ASC
[23:33:31] SELECT `client_list_display` AS list_display FROM (`est_users`) WHERE `user_id` =  '1' LIMIT 1
[23:33:31] SELECT `id`, `name`, `fields`, `state`, `field_type`, `data_type`, `if_require`, `default`, `jl_series`, `jl_field_type`, `datefmt` FROM (`est_fields`) WHERE `field_type` =  0 AND `state` =  1 AND `if_custom` =  '1' ORDER BY `custom_poz` ASC
[23:33:31] SELECT `cle_name`, `cle_phone`, `cle_stat`, `dept_id`, `user_id`, `est_client`.`cle_id`, `cle_public_type` FROM (`est_client`) WHERE `user_id` = '1' AND dept_id IN (1) ORDER BY `cle_id` desc LIMIT 10
[23:33:31] SELECT `dept_id`, `dept_name` FROM (`est_department`)
[23:33:32] SELECT `client_list_display` AS list_display FROM (`est_users`) WHERE `user_id` =  '1' LIMIT 1
[23:33:33] SELECT `client_list_display` AS list_display FROM (`est_users`) WHERE `user_id` =  '1' LIMIT 1
[23:33:33] SELECT `id`, `name`, `fields`, `state`, `field_type`, `data_type`, `if_require`, `default`, `jl_series`, `jl_field_type`, `datefmt` FROM (`est_fields`) WHERE `field_type` =  0 AND `state` =  1 AND `if_custom` =  '1' ORDER BY `custom_poz` ASC
[23:33:33] SELECT `cle_name`, `cle_phone`, `cle_stat`, `dept_id`, `user_id`, `est_client`.`cle_id`, `cle_public_type` FROM (`est_client`) WHERE `dept_id` IN (1) ORDER BY `cle_id` desc LIMIT 10
[23:33:34] SELECT * FROM (`est_dictionary_detail`) WHERE `parent_id` =  1 ORDER BY `sorts` ASC
[23:33:34] SELECT `model_id`, `model_name`, `model_type`, `model_detail` FROM (`est_model`) WHERE `model_type` =  1 AND `model_creat_user_id` =  '1'
[23:33:34] SELECT `resource_list_display` AS list_display FROM (`est_users`) WHERE `user_id` =  '1' LIMIT 1
[23:33:35] SELECT `resource_list_display` AS list_display FROM (`est_users`) WHERE `user_id` =  '1' LIMIT 1
[23:33:35] SELECT `id`, `name`, `fields`, `state`, `field_type`, `data_type`, `if_require`, `default`, `jl_series`, `jl_field_type`, `datefmt` FROM (`est_fields`) WHERE `field_type` =  0 AND `state` =  1 AND `if_custom` =  '1' ORDER BY `custom_poz` ASC
[23:33:35] SELECT `cle_name`, `cle_phone`, `cle_stat`, `dept_id`, `user_id`, `est_client`.`cle_id`, `cle_public_type` FROM (`est_client`) WHERE `user_id` = '0' AND cle_first_connecttime = '0000-00-00' AND dployment_num = '0' AND cle_public_type = 3 AND dept_id IN (1) ORDER BY `cle_creat_time` desc LIMIT 10
[23:33:35] SELECT `client_list_display` AS list_display FROM (`est_users`) WHERE `user_id` =  '1' LIMIT 1
[23:33:36] SELECT `id`, `name`, `fields`, `state`, `field_type`, `data_type`, `if_require`, `default`, `jl_series`, `jl_field_type`, `datefmt` FROM (`est_fields`) WHERE `field_type` IN (0, 1)  AND `state` =  1 AND `if_custom` =  '1' ORDER BY `custom_poz` ASC
[23:33:36] SELECT `cle_name`, `cle_pingyin`, `cle_phone`, `cle_address`, `cle_info_source`, `cle_stage`, `cle_stat`, `cle_remark`, `cle_first_connecttime`, `cle_last_connecttime`, `con_rec_next_time`, `user_id`, `dployment_num`, `dept_id`, `cle_executor_time`, `cle_creat_time`, `cle_creat_user_id`, `cle_update_time`, `cle_update_user_id`, `impt_id`, `con_name`, `con_mobile`, `con_mail`, `con_remark`, `cle_dial_number`, `cle_province_name`, `cle_city_name`, `cle_phone2`, `cle_phone3`, `est_client`.`cle_id`, `cle_public_type` FROM (`est_client`) LEFT JOIN `est_contact` ON `est_contact`.`cle_id` = `est_client`.`cle_id` AND est_contact.con_if_main = 1 WHERE `user_id` = '0' ORDER BY `cle_id` desc LIMIT 10
[23:33:36] SELECT `user_id`, `user_name`, `user_num`, `dept_id`, `dept_name` FROM (`est_users`)
[23:33:36] SELECT `datadeal_list_display` AS list_display FROM (`est_users`) WHERE `user_id` =  '1' LIMIT 1
[23:33:36] SELECT `id`, `name`, `fields`, `field_type`, `if_custom`, `field_list_width`, `data_type`, `if_require`, `default`, `jl_series`, `jl_field_type`, `datefmt` FROM (`est_fields`) WHERE `field_type` =  0 AND `state` =  1 ORDER BY `id` ASC
[23:33:37] SELECT * FROM (`est_dictionary_detail`) WHERE `parent_id` =  2 ORDER BY `sorts` ASC
[23:33:37] SELECT * FROM (`est_dictionary_detail`) WHERE `parent_id` =  1 ORDER BY `sorts` ASC
[23:33:37] SELECT `region_id`, `region_name` FROM (`est_region`) WHERE `region_type` =  1 AND `parent_id` =  1
[23:33:37] SELECT * FROM (`est_dictionary_detail`) WHERE `parent_id` =  6 ORDER BY `sorts` ASC
[23:33:37] INSERT INTO `est_dictionary_detail` (`name`, `parent_id`, `sorts`) VALUES ('未拨打','6',0), ('呼通','6',1), ('未呼通','6',2), ('空号错号','6',3), ('停机','6',4)
[23:33:37] SELECT `user_id`, `user_num`, `user_name`, `user_phone`, `user_ol_model`, `role_id`, `role_name`, `role_type`, `dept_id`, `dept_name`, `user_tel_server`, `user_cti_server`, `user_sms_phone`, `user_if_tip`, `user_remark`, `user_last_login`, `user_phone_type`, `user_last_ip`, `user_outcaller_type`, `user_outcaller_num`, `user_notebook`, `user_login_state`, `user_workbench_layout`, `user_display_dialpanel`, `user_outcall_popup`, `user_to_selfphone` FROM (`est_users`) WHERE `dept_id` = 1 AND user_id > 0
[23:33:41] SELECT * FROM (`est_product_class`) ORDER BY `p_c_id`
[23:33:45] SELECT `role_id`, `role_name`, `role_type` FROM (`est_role`)
[23:33:48] SELECT count(*) as total FROM (`est_users`) WHERE `user_id` > 0
[23:33:48] SELECT * FROM (`est_users`) WHERE `user_id` > 0 ORDER BY `user_id` DESC LIMIT 10
[23:33:50] SELECT `role_id`, `role_name`, `role_type` FROM (`est_role`)
[23:33:52] UPDATE `est_users` SET `dept_name` = '公司' WHERE `user_id` =  '1'
[23:33:52] SELECT `user_id` FROM (`est_users`) WHERE `user_id` =  '1'
[23:33:53] SELECT count(*) as total FROM (`est_users`) WHERE `user_id` > 0
[23:33:53] SELECT * FROM (`est_users`) WHERE `user_id` > 0 ORDER BY `user_id` DESC LIMIT 10
[23:33:56] SELECT `user_id`, `user_num`, `user_password`, `user_name`, `user_phone`, `user_ol_model`, `role_id`, `role_name`, `role_type`, `dept_id`, `dept_name`, `user_tel_server`, `user_cti_server`, `user_channel`, `user_sms_phone`, `user_if_tip`, `user_remark`, `user_last_login`, `user_phone_type`, `user_last_ip`, `user_outcaller_type`, `user_outcaller_num`, `user_notebook`, `user_login_state`, `user_workbench_layout`, `user_display_dialpanel`, `user_outcall_popup`, `user_to_selfphone` FROM (`est_users`) WHERE `user_id` =  '2'
[23:33:56] SELECT `role_id`, `role_name`, `role_type` FROM (`est_role`)
[23:33:58] UPDATE `est_users` SET `dept_name` = '公司', `role_id` = '1', `role_name` = 'BOSS', `role_type` = '1' WHERE `user_id` =  '2'
[23:33:58] SELECT `user_id` FROM (`est_users`) WHERE `user_id` =  '2'
[23:33:58] SELECT count(*) as total FROM (`est_users`) WHERE `user_id` > 0
[23:33:58] SELECT * FROM (`est_users`) WHERE `user_id` > 0 ORDER BY `user_id` DESC LIMIT 10
