[22:44:03] SELECT `user_id`, `user_num`, `user_password`, `user_name`, `user_phone`, `user_ol_model`, `role_id`, `role_name`, `role_type`, `dept_id`, `dept_name`, `user_tel_server`, `user_cti_server`, `user_channel`, `user_sms_phone`, `user_if_tip`, `user_remark`, `user_last_login`, `user_phone_type`, `user_last_ip`, `user_outcaller_type`, `user_outcaller_num`, `user_notebook`, `user_login_state`, `user_workbench_layout`, `user_display_dialpanel`, `user_outcall_popup`, `user_to_selfphone` FROM (`est_users`) WHERE `user_id` =  '1'
[22:44:03] SELECT count(*) as total FROM (`est_users`) WHERE `role_id` > '0'
[22:44:03] SELECT * FROM (`est_role`) WHERE `role_id` =  1
[22:44:03] SELECT count(*) as total FROM (`est_client`) WHERE `user_id` =  '1'
[22:44:03] UPDATE `est_statistics_stage` SET `dept_id` = 1 WHERE `user_id` =  '1' AND `dept_id` != 1
[22:44:03] SELECT order_id FROM est_order WHERE user_id=1 AND dept_id!=1
[22:44:03] UPDATE `est_service` SET `dept_id` = 1 WHERE `user_id` =  '1'
[22:44:03] UPDATE `est_users` SET `dept_id` = 1, `role_id` = 1, `role_name` = 'BOSS', `role_type` = '1' WHERE `user_id` =  '1'
[22:44:03] SELECT `user_id` FROM (`est_users`) WHERE `user_id` =  '1'
[22:44:03] UPDATE `est_users` SET `user_last_login` = '2015-07-13 22:44:03', `user_last_ip` = '118.244.255.149' WHERE `user_id` =  '1'
[22:44:34] SELECT count(*) as total FROM (`est_users`) WHERE `role_id` > '0'
[22:44:34] SELECT count(*) as total FROM (`est_client`) WHERE `user_id` =  '1'
[22:44:34] UPDATE `est_statistics_stage` SET `dept_id` = 1 WHERE `user_id` =  '1' AND `dept_id` != 1
[22:44:34] SELECT order_id FROM est_order WHERE user_id=1 AND dept_id!=1
[22:44:34] UPDATE `est_service` SET `dept_id` = 1 WHERE `user_id` =  '1'
[22:44:34] UPDATE `est_users` SET `dept_id` = 1, `role_id` = 1, `role_name` = 'BOSS', `role_type` = '1' WHERE `user_id` =  '1'
[22:44:34] SELECT `user_id` FROM (`est_users`) WHERE `user_id` =  '1'
[22:44:34] UPDATE `est_users` SET `user_last_login` = '2015-07-13 22:44:34', `user_last_ip` = '118.244.255.149' WHERE `user_id` =  '1'
[22:44:45] SELECT count(*) as total FROM (`est_users`) WHERE `role_id` > '0'
[22:44:45] SELECT count(*) as total FROM (`est_client`) WHERE `user_id` =  '1'
[22:44:45] UPDATE `est_statistics_stage` SET `dept_id` = 1 WHERE `user_id` =  '1' AND `dept_id` != 1
[22:44:45] SELECT order_id FROM est_order WHERE user_id=1 AND dept_id!=1
[22:44:45] UPDATE `est_service` SET `dept_id` = 1 WHERE `user_id` =  '1'
[22:44:45] UPDATE `est_users` SET `dept_id` = 1, `role_id` = 1, `role_name` = 'BOSS', `role_type` = '1' WHERE `user_id` =  '1'
[22:44:45] SELECT `user_id` FROM (`est_users`) WHERE `user_id` =  '1'
[22:44:45] UPDATE `est_users` SET `user_last_login` = '2015-07-13 22:44:45', `user_last_ip` = '118.244.255.149' WHERE `user_id` =  '1'
[22:45:13] SELECT count(*) as total FROM (`est_users`) WHERE `role_id` > '0'
[22:45:13] SELECT count(*) as total FROM (`est_client`) WHERE `user_id` =  '1'
[22:45:13] UPDATE `est_statistics_stage` SET `dept_id` = 1 WHERE `user_id` =  '1' AND `dept_id` != 1
[22:45:13] SELECT order_id FROM est_order WHERE user_id=1 AND dept_id!=1
[22:45:13] UPDATE `est_service` SET `dept_id` = 1 WHERE `user_id` =  '1'
[22:45:13] UPDATE `est_users` SET `dept_id` = 1, `role_id` = 1, `role_name` = 'BOSS', `role_type` = '1' WHERE `user_id` =  '1'
[22:45:13] SELECT `user_id` FROM (`est_users`) WHERE `user_id` =  '1'
[22:45:13] UPDATE `est_users` SET `user_last_login` = '2015-07-13 22:45:13', `user_last_ip` = '118.244.255.149' WHERE `user_id` =  '1'
