[14:38:37] SELECT `user_id`, `user_num`, `user_password`, `user_name`, `user_phone`, `user_ol_model`, `role_id`, `role_name`, `role_type`, `dept_id`, `dept_name`, `user_tel_server`, `user_cti_server`, `user_channel`, `user_sms_phone`, `user_if_tip`, `user_remark`, `user_last_login`, `user_phone_type`, `user_last_ip`, `user_outcaller_type`, `user_outcaller_num`, `user_notebook`, `user_login_state`, `user_workbench_layout`, `user_display_dialpanel`, `user_outcall_popup`, `user_to_selfphone` FROM (`est_users`) WHERE `user_id` =  '1'
[14:38:37] SELECT * FROM (`est_role`) WHERE `role_id` =  '1'
[14:38:37] UPDATE `est_users` SET `user_last_login` = '2015-08-10 14:38:37', `user_last_ip` = '58.246.132.158' WHERE `user_id` =  '1'
[14:38:37] SELECT `que_id`, `que_name`, `que_type` FROM (`est_queue`)
[14:38:37] SELECT * FROM (`est_config`) LIMIT 1
[14:38:37] SELECT rmd_id,rmd_param_int,rmd_param_char,rmd_remark,rmd_time FROM est_remind WHERE rmd_deal = 0 AND user_id = 1  AND  rmd_time < '2015-08-10 00:00:00' limit 10
[14:38:37] SELECT rmd_id,rmd_param_int,rmd_param_char,rmd_remark,rmd_time FROM est_remind WHERE rmd_deal = 0 AND user_id = 1  AND  '2015-08-10 00:00:00' <= rmd_time AND rmd_time <= '2015-08-10 23:59:59' limit 10
[14:38:37] SELECT rmd_id,rmd_param_int,rmd_param_char,rmd_remark,rmd_time FROM est_remind WHERE rmd_deal = 0 AND user_id = 1  AND  '2015-08-10 23:59:59' < rmd_time AND rmd_time <= '2015-08-17 23:59:59' limit 10
[14:38:37] SELECT msg_id,msg_send_user_id,msg_receive_user_id,msg_send_user_name,msg_receive_user_name,msg_content,msg_content_text ,msg_insert_time FROM est_message WHERE msg_show_time <= 1439188747 AND msg_if_readed = 0 AND msg_receive_user_id = 1 LIMIT 10
[14:38:37] SELECT COUNT(*) AS `numrows` FROM (`est_message`) WHERE `msg_show_time` <= 1439188747 AND `msg_if_readed` =  '0' AND `msg_receive_user_id` =  '1'
[14:38:37] SELECT * FROM (`est_department`) WHERE `dept_id` =  '1' LIMIT 1
[14:38:37] SELECT `dept_id`, `dept_pid`, `dept_deep` FROM (`est_department`) WHERE `dept_deep` <= '1'
[14:38:37] SELECT * FROM (`est_anns`) WHERE (create_user_id = '1' OR dept_id IN (1) ) ORDER BY `creat_time` desc LIMIT 10
[14:38:37] SELECT `dept_id`, `dept_pid`, `dept_name`, `dept_deep` FROM (`est_department`) ORDER BY `dept_id`
[14:38:37] SELECT `user_id`, `user_name`, `user_num`, `dept_id`, `dept_name` FROM (`est_users`) WHERE `dept_id` IN (1,2,3,4,5,6,7,8,9,10)
[14:38:37] SELECT user_id,dept_id,deal_date,conn_num,conn_success,transformation,new_increment FROM est_statistics_stage WHERE deal_date='2015-08-10' AND dept_id IN (1,2,3,4,5,6,7,8,9,10) LIMIT 10
[14:38:37] SELECT `id`, `name`, `fields`, `field_type`, `if_custom`, `field_list_width`, `data_type`, `if_require`, `default`, `jl_series`, `jl_field_type`, `datefmt` FROM (`est_fields`) WHERE `field_type` =  1 AND `state` =  1 ORDER BY `id` ASC
[14:38:37] SELECT `id`, `name`, `fields`, `state`, `field_type`, `data_type`, `if_require`, `default`, `jl_series`, `jl_field_type`, `datefmt` FROM (`est_fields`) WHERE `field_type` =  0 AND `state` =  1 AND `if_custom` =  '1' ORDER BY `custom_poz` ASC
[14:38:37] SELECT `cle_id`, `cle_name`, `cle_stat`, `cle_stage`, `cle_last_connecttime`, `cle_public_type` FROM (`est_client`) WHERE `user_id` = '1' AND con_rec_next_time >= '2015-08-10' AND con_rec_next_time <= '2015-08-10' AND dept_id IN (1,2,3,4,5,6,7,8,9,10) ORDER BY `con_rec_next_time` desc LIMIT 10
[14:38:37] SELECT cus_phone FROM est_cdr WHERE start_time>='1439186917' AND result=0 AND conn_secs>0 AND cus_phone!=''
[14:38:37] SELECT id,start_time,caller,state,reason,cle_id FROM est_lost_cdr WHERE user_id='1' AND state=0 LIMIT 10
[14:38:37] SELECT rmd_id,rmd_param_int,rmd_param_char,rmd_remark,rmd_time FROM est_remind WHERE rmd_deal = 0 AND user_id = 1  AND  rmd_time < '2015-08-10 00:00:00' limit 10
[14:38:37] SELECT rmd_id,rmd_param_int,rmd_param_char,rmd_remark,rmd_time FROM est_remind WHERE rmd_deal = 0 AND user_id = 1  AND  '2015-08-10 00:00:00' <= rmd_time AND rmd_time <= '2015-08-10 23:59:59' limit 10
[14:38:37] SELECT rmd_id,rmd_param_int,rmd_param_char,rmd_remark,rmd_time FROM est_remind WHERE rmd_deal = 0 AND user_id = 1  AND  '2015-08-10 23:59:59' < rmd_time AND rmd_time <= '2015-08-17 23:59:59' limit 10
[14:38:37] SELECT msg_id,msg_send_user_id,msg_receive_user_id,msg_send_user_name,msg_receive_user_name,msg_content,msg_content_text ,msg_insert_time FROM est_message WHERE msg_show_time <= 1439188747 AND msg_if_readed = 0 AND msg_receive_user_id = 1 LIMIT 10
[14:38:37] SELECT COUNT(*) AS `numrows` FROM (`est_message`) WHERE `msg_show_time` <= 1439188747 AND `msg_if_readed` =  '0' AND `msg_receive_user_id` =  '1'
[14:38:37] SELECT rmd_id,rmd_param_int,rmd_param_char,rmd_remark,rmd_time FROM est_remind WHERE rmd_deal = 0 AND user_id = 1  AND  rmd_time < '2015-08-10 00:00:00' limit 10
[14:38:37] SELECT rmd_id,rmd_param_int,rmd_param_char,rmd_remark,rmd_time FROM est_remind WHERE rmd_deal = 0 AND user_id = 1  AND  '2015-08-10 00:00:00' <= rmd_time AND rmd_time <= '2015-08-10 23:59:59' limit 10
[14:38:37] SELECT rmd_id,rmd_param_int,rmd_param_char,rmd_remark,rmd_time FROM est_remind WHERE rmd_deal = 0 AND user_id = 1  AND  '2015-08-10 23:59:59' < rmd_time AND rmd_time <= '2015-08-17 23:59:59' limit 10
[14:38:37] SELECT * FROM (`est_anns`) WHERE (create_user_id = '1' OR dept_id IN (1) ) ORDER BY `creat_time` desc LIMIT 10
[14:38:37] SELECT msg_id,msg_send_user_id,msg_receive_user_id,msg_send_user_name,msg_receive_user_name,msg_content,msg_content_text ,msg_insert_time FROM est_message WHERE msg_show_time <= 1439188747 AND msg_if_readed = 0 AND msg_receive_user_id = 1 LIMIT 10
[14:38:37] SELECT COUNT(*) AS `numrows` FROM (`est_message`) WHERE `msg_show_time` <= 1439188747 AND `msg_if_readed` =  '0' AND `msg_receive_user_id` =  '1'
[14:38:37] SELECT user_id,dept_id,deal_date,conn_num,conn_success,transformation,new_increment FROM est_statistics_stage WHERE deal_date='2015-08-10' AND dept_id IN (1,2,3,4,5,6,7,8,9,10) LIMIT 10
[14:38:37] SELECT * FROM (`est_anns`) WHERE (create_user_id = '1' OR dept_id IN (1) ) ORDER BY `creat_time` desc LIMIT 10
[14:38:37] SELECT `cle_id`, `cle_name`, `cle_stat`, `cle_stage`, `cle_last_connecttime`, `cle_public_type` FROM (`est_client`) WHERE `user_id` = '1' AND con_rec_next_time >= '2015-08-10' AND con_rec_next_time <= '2015-08-10' AND dept_id IN (1,2,3,4,5,6,7,8,9,10) ORDER BY `con_rec_next_time` desc LIMIT 10
[14:38:37] SELECT user_id,dept_id,deal_date,conn_num,conn_success,transformation,new_increment FROM est_statistics_stage WHERE deal_date='2015-08-10' AND dept_id IN (1,2,3,4,5,6,7,8,9,10) LIMIT 10
[14:38:37] SELECT cus_phone FROM est_cdr WHERE start_time>='1439186917' AND result=0 AND conn_secs>0 AND cus_phone!=''
[14:38:37] SELECT id,start_time,caller,state,reason,cle_id FROM est_lost_cdr WHERE user_id='1' AND state=0 LIMIT 10
[14:38:37] SELECT `cle_id`, `cle_name`, `cle_stat`, `cle_stage`, `cle_last_connecttime`, `cle_public_type` FROM (`est_client`) WHERE `user_id` = '1' AND con_rec_next_time >= '2015-08-10' AND con_rec_next_time <= '2015-08-10' AND dept_id IN (1,2,3,4,5,6,7,8,9,10) ORDER BY `con_rec_next_time` desc LIMIT 10
[14:38:37] SELECT cus_phone FROM est_cdr WHERE start_time>='1439186917' AND result=0 AND conn_secs>0 AND cus_phone!=''
[14:38:37] SELECT id,start_time,caller,state,reason,cle_id FROM est_lost_cdr WHERE user_id='1' AND state=0 LIMIT 10
[14:38:38] SELECT rmd_id,rmd_param_int,rmd_param_char,rmd_remark,rmd_time FROM est_remind WHERE rmd_deal = 0 AND user_id = 1  AND  rmd_time < '2015-08-10 00:00:00' limit 10
[14:38:38] SELECT rmd_id,rmd_param_int,rmd_param_char,rmd_remark,rmd_time FROM est_remind WHERE rmd_deal = 0 AND user_id = 1  AND  '2015-08-10 00:00:00' <= rmd_time AND rmd_time <= '2015-08-10 23:59:59' limit 10
[14:38:38] SELECT rmd_id,rmd_param_int,rmd_param_char,rmd_remark,rmd_time FROM est_remind WHERE rmd_deal = 0 AND user_id = 1  AND  '2015-08-10 23:59:59' < rmd_time AND rmd_time <= '2015-08-17 23:59:59' limit 10
[14:38:38] SELECT msg_id,msg_send_user_id,msg_receive_user_id,msg_send_user_name,msg_receive_user_name,msg_content,msg_content_text ,msg_insert_time FROM est_message WHERE msg_show_time <= 1439188748 AND msg_if_readed = 0 AND msg_receive_user_id = 1 LIMIT 10
[14:38:38] SELECT COUNT(*) AS `numrows` FROM (`est_message`) WHERE `msg_show_time` <= 1439188748 AND `msg_if_readed` =  '0' AND `msg_receive_user_id` =  '1'
[14:38:38] SELECT * FROM (`est_anns`) WHERE (create_user_id = '1' OR dept_id IN (1) ) ORDER BY `creat_time` desc LIMIT 10
[14:38:38] SELECT user_id,dept_id,deal_date,conn_num,conn_success,transformation,new_increment FROM est_statistics_stage WHERE deal_date='2015-08-10' AND dept_id IN (1,2,3,4,5,6,7,8,9,10) LIMIT 10
[14:38:38] SELECT `cle_id`, `cle_name`, `cle_stat`, `cle_stage`, `cle_last_connecttime`, `cle_public_type` FROM (`est_client`) WHERE `user_id` = '1' AND con_rec_next_time >= '2015-08-10' AND con_rec_next_time <= '2015-08-10' AND dept_id IN (1,2,3,4,5,6,7,8,9,10) ORDER BY `con_rec_next_time` desc LIMIT 10
[14:38:38] SELECT cus_phone FROM est_cdr WHERE start_time>='1439186918' AND result=0 AND conn_secs>0 AND cus_phone!=''
[14:38:38] SELECT id,start_time,caller,state,reason,cle_id FROM est_lost_cdr WHERE user_id='1' AND state=0 LIMIT 10
[14:39:11] UPDATE `est_users` SET `user_last_login` = '2015-08-10 14:39:11', `user_last_ip` = '58.246.132.158' WHERE `user_id` =  '1'
[14:39:11] SELECT rmd_id,rmd_param_int,rmd_param_char,rmd_remark,rmd_time FROM est_remind WHERE rmd_deal = 0 AND user_id = 1  AND  rmd_time < '2015-08-10 00:00:00' limit 10
[14:39:11] SELECT rmd_id,rmd_param_int,rmd_param_char,rmd_remark,rmd_time FROM est_remind WHERE rmd_deal = 0 AND user_id = 1  AND  '2015-08-10 00:00:00' <= rmd_time AND rmd_time <= '2015-08-10 23:59:59' limit 10
[14:39:11] SELECT rmd_id,rmd_param_int,rmd_param_char,rmd_remark,rmd_time FROM est_remind WHERE rmd_deal = 0 AND user_id = 1  AND  '2015-08-10 23:59:59' < rmd_time AND rmd_time <= '2015-08-17 23:59:59' limit 10
[14:39:11] SELECT msg_id,msg_send_user_id,msg_receive_user_id,msg_send_user_name,msg_receive_user_name,msg_content,msg_content_text ,msg_insert_time FROM est_message WHERE msg_show_time <= 1439188781 AND msg_if_readed = 0 AND msg_receive_user_id = 1 LIMIT 10
[14:39:11] SELECT COUNT(*) AS `numrows` FROM (`est_message`) WHERE `msg_show_time` <= 1439188781 AND `msg_if_readed` =  '0' AND `msg_receive_user_id` =  '1'
[14:39:11] SELECT * FROM (`est_anns`) WHERE (create_user_id = '1' OR dept_id IN (1) ) ORDER BY `creat_time` desc LIMIT 10
[14:39:11] SELECT user_id,dept_id,deal_date,conn_num,conn_success,transformation,new_increment FROM est_statistics_stage WHERE deal_date='2015-08-10' AND dept_id IN (1,2,3,4,5,6,7,8,9,10) LIMIT 10
[14:39:11] SELECT `cle_id`, `cle_name`, `cle_stat`, `cle_stage`, `cle_last_connecttime`, `cle_public_type` FROM (`est_client`) WHERE `user_id` = '1' AND con_rec_next_time >= '2015-08-10' AND con_rec_next_time <= '2015-08-10' AND dept_id IN (1,2,3,4,5,6,7,8,9,10) ORDER BY `con_rec_next_time` desc LIMIT 10
[14:39:11] SELECT cus_phone FROM est_cdr WHERE start_time>='1439186951' AND result=0 AND conn_secs>0 AND cus_phone!=''
[14:39:11] SELECT id,start_time,caller,state,reason,cle_id FROM est_lost_cdr WHERE user_id='1' AND state=0 LIMIT 10
[14:39:11] SELECT rmd_id,rmd_param_int,rmd_param_char,rmd_remark,rmd_time FROM est_remind WHERE rmd_deal = 0 AND user_id = 1  AND  rmd_time < '2015-08-10 00:00:00' limit 10
[14:39:11] SELECT rmd_id,rmd_param_int,rmd_param_char,rmd_remark,rmd_time FROM est_remind WHERE rmd_deal = 0 AND user_id = 1  AND  '2015-08-10 00:00:00' <= rmd_time AND rmd_time <= '2015-08-10 23:59:59' limit 10
[14:39:11] SELECT rmd_id,rmd_param_int,rmd_param_char,rmd_remark,rmd_time FROM est_remind WHERE rmd_deal = 0 AND user_id = 1  AND  '2015-08-10 23:59:59' < rmd_time AND rmd_time <= '2015-08-17 23:59:59' limit 10
[14:39:11] SELECT msg_id,msg_send_user_id,msg_receive_user_id,msg_send_user_name,msg_receive_user_name,msg_content,msg_content_text ,msg_insert_time FROM est_message WHERE msg_show_time <= 1439188781 AND msg_if_readed = 0 AND msg_receive_user_id = 1 LIMIT 10
[14:39:11] SELECT COUNT(*) AS `numrows` FROM (`est_message`) WHERE `msg_show_time` <= 1439188781 AND `msg_if_readed` =  '0' AND `msg_receive_user_id` =  '1'
[14:39:11] SELECT * FROM (`est_anns`) WHERE (create_user_id = '1' OR dept_id IN (1) ) ORDER BY `creat_time` desc LIMIT 10
[14:39:11] SELECT user_id,dept_id,deal_date,conn_num,conn_success,transformation,new_increment FROM est_statistics_stage WHERE deal_date='2015-08-10' AND dept_id IN (1,2,3,4,5,6,7,8,9,10) LIMIT 10
[14:39:11] SELECT `cle_id`, `cle_name`, `cle_stat`, `cle_stage`, `cle_last_connecttime`, `cle_public_type` FROM (`est_client`) WHERE `user_id` = '1' AND con_rec_next_time >= '2015-08-10' AND con_rec_next_time <= '2015-08-10' AND dept_id IN (1,2,3,4,5,6,7,8,9,10) ORDER BY `con_rec_next_time` desc LIMIT 10
[14:39:11] SELECT cus_phone FROM est_cdr WHERE start_time>='1439186951' AND result=0 AND conn_secs>0 AND cus_phone!=''
[14:39:11] SELECT id,start_time,caller,state,reason,cle_id FROM est_lost_cdr WHERE user_id='1' AND state=0 LIMIT 10
[14:39:11] SELECT rmd_id,rmd_param_int,rmd_param_char,rmd_remark,rmd_time FROM est_remind WHERE rmd_deal = 0 AND user_id = 1  AND  rmd_time < '2015-08-10 00:00:00' limit 10
[14:39:11] SELECT rmd_id,rmd_param_int,rmd_param_char,rmd_remark,rmd_time FROM est_remind WHERE rmd_deal = 0 AND user_id = 1  AND  '2015-08-10 00:00:00' <= rmd_time AND rmd_time <= '2015-08-10 23:59:59' limit 10
[14:39:11] SELECT rmd_id,rmd_param_int,rmd_param_char,rmd_remark,rmd_time FROM est_remind WHERE rmd_deal = 0 AND user_id = 1  AND  '2015-08-10 23:59:59' < rmd_time AND rmd_time <= '2015-08-17 23:59:59' limit 10
[14:39:11] SELECT msg_id,msg_send_user_id,msg_receive_user_id,msg_send_user_name,msg_receive_user_name,msg_content,msg_content_text ,msg_insert_time FROM est_message WHERE msg_show_time <= 1439188781 AND msg_if_readed = 0 AND msg_receive_user_id = 1 LIMIT 10
[14:39:11] SELECT COUNT(*) AS `numrows` FROM (`est_message`) WHERE `msg_show_time` <= 1439188781 AND `msg_if_readed` =  '0' AND `msg_receive_user_id` =  '1'
[14:39:11] SELECT * FROM (`est_anns`) WHERE (create_user_id = '1' OR dept_id IN (1) ) ORDER BY `creat_time` desc LIMIT 10
[14:39:11] SELECT user_id,dept_id,deal_date,conn_num,conn_success,transformation,new_increment FROM est_statistics_stage WHERE deal_date='2015-08-10' AND dept_id IN (1,2,3,4,5,6,7,8,9,10) LIMIT 10
[14:39:11] SELECT `cle_id`, `cle_name`, `cle_stat`, `cle_stage`, `cle_last_connecttime`, `cle_public_type` FROM (`est_client`) WHERE `user_id` = '1' AND con_rec_next_time >= '2015-08-10' AND con_rec_next_time <= '2015-08-10' AND dept_id IN (1,2,3,4,5,6,7,8,9,10) ORDER BY `con_rec_next_time` desc LIMIT 10
[14:39:11] SELECT cus_phone FROM est_cdr WHERE start_time>='1439186951' AND result=0 AND conn_secs>0 AND cus_phone!=''
[14:39:11] SELECT id,start_time,caller,state,reason,cle_id FROM est_lost_cdr WHERE user_id='1' AND state=0 LIMIT 10
[14:43:51] UPDATE `est_users` SET `user_last_login` = '2015-08-10 14:43:51', `user_last_ip` = '123.123.88.175' WHERE `user_id` =  '1'
[14:43:52] SELECT rmd_id,rmd_param_int,rmd_param_char,rmd_remark,rmd_time FROM est_remind WHERE rmd_deal = 0 AND user_id = 1  AND  rmd_time < '2015-08-10 00:00:00' limit 10
[14:43:52] SELECT rmd_id,rmd_param_int,rmd_param_char,rmd_remark,rmd_time FROM est_remind WHERE rmd_deal = 0 AND user_id = 1  AND  '2015-08-10 00:00:00' <= rmd_time AND rmd_time <= '2015-08-10 23:59:59' limit 10
[14:43:52] SELECT rmd_id,rmd_param_int,rmd_param_char,rmd_remark,rmd_time FROM est_remind WHERE rmd_deal = 0 AND user_id = 1  AND  '2015-08-10 23:59:59' < rmd_time AND rmd_time <= '2015-08-17 23:59:59' limit 10
[14:43:52] SELECT msg_id,msg_send_user_id,msg_receive_user_id,msg_send_user_name,msg_receive_user_name,msg_content,msg_content_text ,msg_insert_time FROM est_message WHERE msg_show_time <= 1439189062 AND msg_if_readed = 0 AND msg_receive_user_id = 1 LIMIT 10
[14:43:52] SELECT COUNT(*) AS `numrows` FROM (`est_message`) WHERE `msg_show_time` <= 1439189062 AND `msg_if_readed` =  '0' AND `msg_receive_user_id` =  '1'
[14:43:52] SELECT * FROM (`est_anns`) WHERE (create_user_id = '1' OR dept_id IN (1) ) ORDER BY `creat_time` desc LIMIT 10
[14:43:52] SELECT user_id,dept_id,deal_date,conn_num,conn_success,transformation,new_increment FROM est_statistics_stage WHERE deal_date='2015-08-10' AND dept_id IN (1,2,3,4,5,6,7,8,9,10) LIMIT 10
[14:43:52] SELECT `cle_id`, `cle_name`, `cle_stat`, `cle_stage`, `cle_last_connecttime`, `cle_public_type` FROM (`est_client`) WHERE `user_id` = '1' AND con_rec_next_time >= '2015-08-10' AND con_rec_next_time <= '2015-08-10' AND dept_id IN (1,2,3,4,5,6,7,8,9,10) ORDER BY `con_rec_next_time` desc LIMIT 10
[14:43:52] SELECT cus_phone FROM est_cdr WHERE start_time>='1439187232' AND result=0 AND conn_secs>0 AND cus_phone!=''
[14:43:52] SELECT id,start_time,caller,state,reason,cle_id FROM est_lost_cdr WHERE user_id='1' AND state=0 LIMIT 10
[14:43:54] SELECT rmd_id,rmd_param_int,rmd_param_char,rmd_remark,rmd_time FROM est_remind WHERE rmd_deal = 0 AND user_id = 1  AND  rmd_time < '2015-08-10 00:00:00' limit 10
[14:43:54] SELECT rmd_id,rmd_param_int,rmd_param_char,rmd_remark,rmd_time FROM est_remind WHERE rmd_deal = 0 AND user_id = 1  AND  '2015-08-10 00:00:00' <= rmd_time AND rmd_time <= '2015-08-10 23:59:59' limit 10
[14:43:54] SELECT rmd_id,rmd_param_int,rmd_param_char,rmd_remark,rmd_time FROM est_remind WHERE rmd_deal = 0 AND user_id = 1  AND  '2015-08-10 23:59:59' < rmd_time AND rmd_time <= '2015-08-17 23:59:59' limit 10
[14:43:54] SELECT msg_id,msg_send_user_id,msg_receive_user_id,msg_send_user_name,msg_receive_user_name,msg_content,msg_content_text ,msg_insert_time FROM est_message WHERE msg_show_time <= 1439189064 AND msg_if_readed = 0 AND msg_receive_user_id = 1 LIMIT 10
[14:43:54] SELECT COUNT(*) AS `numrows` FROM (`est_message`) WHERE `msg_show_time` <= 1439189064 AND `msg_if_readed` =  '0' AND `msg_receive_user_id` =  '1'
[14:43:54] SELECT * FROM (`est_anns`) WHERE (create_user_id = '1' OR dept_id IN (1) ) ORDER BY `creat_time` desc LIMIT 10
[14:43:54] SELECT user_id,dept_id,deal_date,conn_num,conn_success,transformation,new_increment FROM est_statistics_stage WHERE deal_date='2015-08-10' AND dept_id IN (1,2,3,4,5,6,7,8,9,10) LIMIT 10
[14:43:54] SELECT `cle_id`, `cle_name`, `cle_stat`, `cle_stage`, `cle_last_connecttime`, `cle_public_type` FROM (`est_client`) WHERE `user_id` = '1' AND con_rec_next_time >= '2015-08-10' AND con_rec_next_time <= '2015-08-10' AND dept_id IN (1,2,3,4,5,6,7,8,9,10) ORDER BY `con_rec_next_time` desc LIMIT 10
[14:43:54] SELECT cus_phone FROM est_cdr WHERE start_time>='1439187234' AND result=0 AND conn_secs>0 AND cus_phone!=''
[14:43:54] SELECT id,start_time,caller,state,reason,cle_id FROM est_lost_cdr WHERE user_id='1' AND state=0 LIMIT 10
[14:43:54] SELECT rmd_id,rmd_param_int,rmd_param_char,rmd_remark,rmd_time FROM est_remind WHERE rmd_deal = 0 AND user_id = 1  AND  rmd_time < '2015-08-10 00:00:00' limit 10
[14:43:54] SELECT rmd_id,rmd_param_int,rmd_param_char,rmd_remark,rmd_time FROM est_remind WHERE rmd_deal = 0 AND user_id = 1  AND  '2015-08-10 00:00:00' <= rmd_time AND rmd_time <= '2015-08-10 23:59:59' limit 10
[14:43:54] SELECT rmd_id,rmd_param_int,rmd_param_char,rmd_remark,rmd_time FROM est_remind WHERE rmd_deal = 0 AND user_id = 1  AND  '2015-08-10 23:59:59' < rmd_time AND rmd_time <= '2015-08-17 23:59:59' limit 10
[14:43:54] SELECT msg_id,msg_send_user_id,msg_receive_user_id,msg_send_user_name,msg_receive_user_name,msg_content,msg_content_text ,msg_insert_time FROM est_message WHERE msg_show_time <= 1439189064 AND msg_if_readed = 0 AND msg_receive_user_id = 1 LIMIT 10
[14:43:54] SELECT COUNT(*) AS `numrows` FROM (`est_message`) WHERE `msg_show_time` <= 1439189064 AND `msg_if_readed` =  '0' AND `msg_receive_user_id` =  '1'
[14:43:54] SELECT * FROM (`est_anns`) WHERE (create_user_id = '1' OR dept_id IN (1) ) ORDER BY `creat_time` desc LIMIT 10
[14:43:54] SELECT rmd_id,rmd_param_int,rmd_param_char,rmd_remark,rmd_time FROM est_remind WHERE rmd_deal = 0 AND user_id = 1  AND  rmd_time < '2015-08-10 00:00:00' limit 10
[14:43:54] SELECT rmd_id,rmd_param_int,rmd_param_char,rmd_remark,rmd_time FROM est_remind WHERE rmd_deal = 0 AND user_id = 1  AND  '2015-08-10 00:00:00' <= rmd_time AND rmd_time <= '2015-08-10 23:59:59' limit 10
[14:43:54] SELECT rmd_id,rmd_param_int,rmd_param_char,rmd_remark,rmd_time FROM est_remind WHERE rmd_deal = 0 AND user_id = 1  AND  '2015-08-10 23:59:59' < rmd_time AND rmd_time <= '2015-08-17 23:59:59' limit 10
[14:43:54] SELECT user_id,dept_id,deal_date,conn_num,conn_success,transformation,new_increment FROM est_statistics_stage WHERE deal_date='2015-08-10' AND dept_id IN (1,2,3,4,5,6,7,8,9,10) LIMIT 10
[14:43:54] SELECT msg_id,msg_send_user_id,msg_receive_user_id,msg_send_user_name,msg_receive_user_name,msg_content,msg_content_text ,msg_insert_time FROM est_message WHERE msg_show_time <= 1439189064 AND msg_if_readed = 0 AND msg_receive_user_id = 1 LIMIT 10
[14:43:54] SELECT COUNT(*) AS `numrows` FROM (`est_message`) WHERE `msg_show_time` <= 1439189064 AND `msg_if_readed` =  '0' AND `msg_receive_user_id` =  '1'
[14:43:54] SELECT `cle_id`, `cle_name`, `cle_stat`, `cle_stage`, `cle_last_connecttime`, `cle_public_type` FROM (`est_client`) WHERE `user_id` = '1' AND con_rec_next_time >= '2015-08-10' AND con_rec_next_time <= '2015-08-10' AND dept_id IN (1,2,3,4,5,6,7,8,9,10) ORDER BY `con_rec_next_time` desc LIMIT 10
[14:43:54] SELECT * FROM (`est_anns`) WHERE (create_user_id = '1' OR dept_id IN (1) ) ORDER BY `creat_time` desc LIMIT 10
[14:43:54] SELECT cus_phone FROM est_cdr WHERE start_time>='1439187234' AND result=0 AND conn_secs>0 AND cus_phone!=''
[14:43:54] SELECT id,start_time,caller,state,reason,cle_id FROM est_lost_cdr WHERE user_id='1' AND state=0 LIMIT 10
[14:43:54] SELECT user_id,dept_id,deal_date,conn_num,conn_success,transformation,new_increment FROM est_statistics_stage WHERE deal_date='2015-08-10' AND dept_id IN (1,2,3,4,5,6,7,8,9,10) LIMIT 10
[14:43:54] SELECT `cle_id`, `cle_name`, `cle_stat`, `cle_stage`, `cle_last_connecttime`, `cle_public_type` FROM (`est_client`) WHERE `user_id` = '1' AND con_rec_next_time >= '2015-08-10' AND con_rec_next_time <= '2015-08-10' AND dept_id IN (1,2,3,4,5,6,7,8,9,10) ORDER BY `con_rec_next_time` desc LIMIT 10
[14:43:54] SELECT cus_phone FROM est_cdr WHERE start_time>='1439187234' AND result=0 AND conn_secs>0 AND cus_phone!=''
[14:43:54] SELECT id,start_time,caller,state,reason,cle_id FROM est_lost_cdr WHERE user_id='1' AND state=0 LIMIT 10
[14:43:54] SELECT rmd_id,rmd_param_int,rmd_param_char,rmd_remark,rmd_time FROM est_remind WHERE rmd_deal = 0 AND user_id = 1  AND  rmd_time < '2015-08-10 00:00:00' limit 10
[14:43:54] SELECT rmd_id,rmd_param_int,rmd_param_char,rmd_remark,rmd_time FROM est_remind WHERE rmd_deal = 0 AND user_id = 1  AND  '2015-08-10 00:00:00' <= rmd_time AND rmd_time <= '2015-08-10 23:59:59' limit 10
[14:43:54] SELECT rmd_id,rmd_param_int,rmd_param_char,rmd_remark,rmd_time FROM est_remind WHERE rmd_deal = 0 AND user_id = 1  AND  '2015-08-10 23:59:59' < rmd_time AND rmd_time <= '2015-08-17 23:59:59' limit 10
[14:43:54] SELECT msg_id,msg_send_user_id,msg_receive_user_id,msg_send_user_name,msg_receive_user_name,msg_content,msg_content_text ,msg_insert_time FROM est_message WHERE msg_show_time <= 1439189064 AND msg_if_readed = 0 AND msg_receive_user_id = 1 LIMIT 10
[14:43:54] SELECT COUNT(*) AS `numrows` FROM (`est_message`) WHERE `msg_show_time` <= 1439189064 AND `msg_if_readed` =  '0' AND `msg_receive_user_id` =  '1'
[14:43:54] SELECT * FROM (`est_anns`) WHERE (create_user_id = '1' OR dept_id IN (1) ) ORDER BY `creat_time` desc LIMIT 10
[14:43:54] SELECT user_id,dept_id,deal_date,conn_num,conn_success,transformation,new_increment FROM est_statistics_stage WHERE deal_date='2015-08-10' AND dept_id IN (1,2,3,4,5,6,7,8,9,10) LIMIT 10
[14:43:54] SELECT `cle_id`, `cle_name`, `cle_stat`, `cle_stage`, `cle_last_connecttime`, `cle_public_type` FROM (`est_client`) WHERE `user_id` = '1' AND con_rec_next_time >= '2015-08-10' AND con_rec_next_time <= '2015-08-10' AND dept_id IN (1,2,3,4,5,6,7,8,9,10) ORDER BY `con_rec_next_time` desc LIMIT 10
[14:43:54] SELECT cus_phone FROM est_cdr WHERE start_time>='1439187234' AND result=0 AND conn_secs>0 AND cus_phone!=''
[14:43:54] SELECT id,start_time,caller,state,reason,cle_id FROM est_lost_cdr WHERE user_id='1' AND state=0 LIMIT 10
[14:45:10] SELECT `client_list_display` AS list_display FROM (`est_users`) WHERE `user_id` =  '1' LIMIT 1
[14:45:10] SELECT `id`, `name`, `fields`, `field_type`, `if_custom`, `field_list_width`, `data_type`, `if_require`, `default`, `jl_series`, `jl_field_type`, `datefmt` FROM (`est_fields`) WHERE `field_type` IN (0, 1)  AND `state` =  1 ORDER BY `id` ASC
[14:45:10] SELECT `id`, `name`, `fields`, `state` FROM (`est_fields`) WHERE `field_type` =  0 AND `state` =  1 AND `if_custom` =  0 ORDER BY `id` ASC
[14:45:11] SELECT `client_list_display` AS list_display FROM (`est_users`) WHERE `user_id` =  '1' LIMIT 1
[14:45:11] SELECT `cle_name`, `cle_phone`, `cle_stat`, `dept_id`, `user_id`, `cle_info_source`, `cle_address`, `con_rec_next_time`, `est_client`.`cle_id`, `cle_public_type` FROM (`est_client`) WHERE `user_id` = '1' AND dept_id IN (1,2,3,4,5,6,7,8,9,10) ORDER BY `cle_id` desc LIMIT 10
[14:45:11] SELECT `dept_id`, `dept_name` FROM (`est_department`)
[14:46:55] SELECT `client_list_display` AS list_display FROM (`est_users`) WHERE `user_id` =  '1' LIMIT 1
[14:46:56] SELECT `client_list_display` AS list_display FROM (`est_users`) WHERE `user_id` =  '1' LIMIT 1
[14:46:56] SELECT `cle_name`, `cle_phone`, `cle_stat`, `dept_id`, `user_id`, `cle_info_source`, `cle_address`, `con_rec_next_time`, `est_client`.`cle_id`, `cle_public_type` FROM (`est_client`) WHERE `user_id` = '1' AND dept_id IN (1,2,3,4,5,6,7,8,9,10) ORDER BY `cle_id` desc LIMIT 10
[14:46:58] SELECT `client_list_display` AS list_display FROM (`est_users`) WHERE `user_id` =  '1' LIMIT 1
[14:46:58] SELECT `client_list_display` AS list_display FROM (`est_users`) WHERE `user_id` =  '1' LIMIT 1
[14:46:58] SELECT `cle_name`, `cle_phone`, `cle_stat`, `dept_id`, `user_id`, `cle_info_source`, `cle_address`, `con_rec_next_time`, `est_client`.`cle_id`, `cle_public_type` FROM (`est_client`) WHERE `dept_id` IN (1,2,3,4,5,6,7,8,9,10) ORDER BY `cle_id` desc LIMIT 10
[14:47:04] SELECT * FROM (`est_dictionary_detail`) WHERE `parent_id` =  1 ORDER BY `sorts` ASC
[14:47:04] SELECT `model_id`, `model_name`, `model_type`, `model_detail` FROM (`est_model`) WHERE `model_type` =  1 AND `model_creat_user_id` =  '1'
[14:47:26] SELECT * FROM (`est_dictionary_detail`) WHERE `parent_id` =  1 ORDER BY `sorts` ASC
[14:47:26] SELECT `model_id`, `model_name`, `model_type`, `model_detail` FROM (`est_model`) WHERE `model_type` =  1 AND `model_creat_user_id` =  '1'
[14:47:44] SELECT `resource_list_display` AS list_display FROM (`est_users`) WHERE `user_id` =  '1' LIMIT 1
[14:47:44] SELECT `resource_list_display` AS list_display FROM (`est_users`) WHERE `user_id` =  '1' LIMIT 1
[14:47:44] SELECT `cle_name`, `cle_phone`, `cle_stat`, `dept_id`, `user_id`, `est_client`.`cle_id`, `cle_public_type` FROM (`est_client`) WHERE `user_id` = '0' AND cle_first_connecttime = '0000-00-00' AND dployment_num = '0' AND cle_public_type = 3 AND dept_id IN (1,2,3,4,5,6,7,8,9,10) ORDER BY `cle_creat_time` desc LIMIT 10
[14:48:01] SELECT `client_list_display` AS list_display FROM (`est_users`) WHERE `user_id` =  '1' LIMIT 1
[14:48:02] SELECT `id`, `name`, `fields`, `state`, `field_type`, `data_type`, `if_require`, `default`, `jl_series`, `jl_field_type`, `datefmt` FROM (`est_fields`) WHERE `field_type` IN (0, 1)  AND `state` =  1 AND `if_custom` =  '1' ORDER BY `custom_poz` ASC
[14:48:02] SELECT `cle_name`, `cle_pingyin`, `cle_phone`, `cle_address`, `cle_info_source`, `cle_stage`, `cle_stat`, `cle_remark`, `cle_first_connecttime`, `cle_last_connecttime`, `con_rec_next_time`, `user_id`, `dployment_num`, `dept_id`, `cle_executor_time`, `cle_creat_time`, `cle_creat_user_id`, `cle_update_time`, `cle_update_user_id`, `impt_id`, `cle_1`, `cle_2`, `con_name`, `con_mobile`, `con_mail`, `con_remark`, `cle_dial_number`, `cle_province_name`, `cle_city_name`, `cle_phone2`, `cle_phone3`, `est_client`.`cle_id`, `cle_public_type`, `cle_1_1`, `cle_1_2`, `cle_1_3` FROM (`est_client`) LEFT JOIN `est_contact` ON `est_contact`.`cle_id` = `est_client`.`cle_id` AND est_contact.con_if_main = 1 WHERE `user_id` = '0' ORDER BY `cle_id` desc LIMIT 10
[14:48:02] SELECT `user_id`, `user_name`, `user_num`, `dept_id`, `dept_name` FROM (`est_users`)
[14:48:02] SELECT `id`, `name` FROM (`est_fields_jl`) WHERE `fields_id` IN ('25') 
[14:48:13] SELECT `datadeal_list_display` AS list_display FROM (`est_users`) WHERE `user_id` =  '1' LIMIT 1
[14:48:13] SELECT `id`, `name`, `fields`, `field_type`, `if_custom`, `field_list_width`, `data_type`, `if_require`, `default`, `jl_series`, `jl_field_type`, `datefmt` FROM (`est_fields`) WHERE `field_type` =  0 AND `state` =  1 ORDER BY `id` ASC
[14:48:13] SELECT * FROM (`est_dictionary_detail`) WHERE `parent_id` =  2 ORDER BY `sorts` ASC
[14:48:13] SELECT * FROM (`est_dictionary_detail`) WHERE `parent_id` =  1 ORDER BY `sorts` ASC
[14:48:13] SELECT `region_id`, `region_name` FROM (`est_region`) WHERE `region_type` =  1 AND `parent_id` =  1
[14:48:13] SELECT * FROM (`est_dictionary_detail`) WHERE `parent_id` =  6 ORDER BY `sorts` ASC
[14:48:13] SELECT count(*) as total FROM (`est_users`) WHERE `dept_id` =  '2'
[14:48:13] SELECT count(*) as total FROM (`est_users`) WHERE `dept_id` =  '3'
[14:48:13] SELECT `user_id`, `user_num`, `user_name`, `user_phone`, `user_ol_model`, `role_id`, `role_name`, `role_type`, `dept_id`, `dept_name`, `user_tel_server`, `user_cti_server`, `user_sms_phone`, `user_if_tip`, `user_remark`, `user_last_login`, `user_phone_type`, `user_last_ip`, `user_outcaller_type`, `user_outcaller_num`, `user_notebook`, `user_login_state`, `user_workbench_layout`, `user_display_dialpanel`, `user_outcall_popup`, `user_to_selfphone` FROM (`est_users`) WHERE `dept_id` = 1 AND user_id > 0
[14:48:32] SELECT `role_id`, `role_name`, `role_type` FROM (`est_role`)
[14:48:51] SELECT * FROM (`est_role`) WHERE `role_id` =  '1'
[14:48:52] SELECT * FROM (`est_role`) WHERE `role_id` =  '2'
[14:48:54] SELECT * FROM (`est_role`) WHERE `role_id` =  '3'
[14:48:55] SELECT * FROM (`est_role`) WHERE `role_id` =  '4'
[14:49:01] SELECT * FROM (`est_role`) WHERE `role_id` =  '5'
[14:49:10] SELECT `dept_id`, `dept_pid`, `dept_name`, `dept_deep` FROM (`est_department`) ORDER BY `dept_id`
[14:49:28] SELECT count(*) as total FROM (`est_users`) WHERE `user_id` > 0
[14:49:28] SELECT * FROM (`est_users`) WHERE `user_id` > 0 ORDER BY `user_id` DESC LIMIT 10
[14:49:48] SELECT * FROM (`est_queue`)
[14:49:48] SELECT `role_id`, `role_name`, `role_type` FROM (`est_role`)
[14:50:10] SELECT `role_id`, `role_name`, `role_type` FROM (`est_role`)
[14:50:10] SELECT * FROM (`est_config`) LIMIT 1
[14:50:17] SELECT count(*) as total FROM (`est_users`) WHERE `user_id` > 0
[14:50:17] SELECT * FROM (`est_users`) WHERE `user_id` > 0 ORDER BY `user_id` DESC LIMIT 10
[14:50:21] SELECT * FROM (`est_queue`)
[14:50:21] SELECT `role_id`, `role_name`, `role_type` FROM (`est_role`)
[14:50:31] SELECT * FROM (`est_users`) WHERE `user_num` =  '8005' LIMIT 1
[14:50:58] INSERT INTO `est_users` (`user_name`, `user_num`, `role_id`, `dept_id`, `dept_name`, `user_ol_model`, `user_outcaller_type`, `user_outcaller_num`, `user_password`, `user_login_state`, `user_tel_server`, `user_phone_type`, `user_cti_server`, `user_id`, `role_name`, `role_type`) VALUES ('8005', '8005', '3', '4', '销售部', '0', '0', '', 'e10adc3949ba59abbe56e057f20f883e', '1', '', '3', '', '5', '组长', '2')
[14:50:58] SELECT count(*) as total FROM (`est_users`) WHERE `user_id` > 0
[14:50:58] SELECT * FROM (`est_users`) WHERE `user_id` > 0 ORDER BY `user_id` DESC LIMIT 10
[14:51:02] SELECT `user_id`, `user_num`, `user_password`, `user_name`, `user_phone`, `user_ol_model`, `role_id`, `role_name`, `role_type`, `dept_id`, `dept_name`, `user_tel_server`, `user_cti_server`, `user_channel`, `user_sms_phone`, `user_if_tip`, `user_remark`, `user_last_login`, `user_phone_type`, `user_last_ip`, `user_outcaller_type`, `user_outcaller_num`, `user_notebook`, `user_login_state`, `user_workbench_layout`, `user_display_dialpanel`, `user_outcall_popup`, `user_to_selfphone` FROM (`est_users`) WHERE `user_id` =  '5'
[14:51:02] SELECT `role_id`, `role_name`, `role_type` FROM (`est_role`)
[14:51:08] SELECT `id`, `name`, `fields`, `state` FROM (`est_fields`) WHERE `field_type` =  0 AND `if_custom` =  0 ORDER BY `id` ASC
[14:51:21] SELECT `id`, `name`, `fields`, `state`, `field_type`, `data_type`, `if_require`, `default`, `jl_series`, `jl_field_type`, `datefmt` FROM (`est_fields`) WHERE `field_type` =  0 AND `if_custom` =  '1' ORDER BY `custom_poz` ASC
[14:51:28] SELECT `id`, `name`, `fields`, `state` FROM (`est_fields`) WHERE `field_type` =  1 AND `if_custom` =  0 ORDER BY `id` ASC
[14:51:44] SELECT `id`, `name`, `fields`, `state`, `field_type`, `data_type`, `if_require`, `default`, `jl_series`, `jl_field_type`, `datefmt` FROM (`est_fields`) WHERE `field_type` =  1 AND `if_custom` =  '1' ORDER BY `custom_poz` ASC
[14:51:55] SELECT * FROM (`est_dictionary`) WHERE `id` =  '2'
[14:51:55] SELECT `cle_stage`, `cle_type` FROM (`est_client_type`)
[14:52:38] SELECT count(*) as total FROM (`est_users`) WHERE `user_id` > 0
[14:52:38] SELECT * FROM (`est_users`) WHERE `user_id` > 0 ORDER BY `user_id` DESC LIMIT 10
[14:52:46] SELECT user_name,user_num,user_phone,(CASE user_ol_model WHEN '0' THEN '无常接通' WHEN '1' THEN '常接通' ELSE '常接通并自动外呼' END),role_name,dept_name,user_tel_server,user_sms_phone,(CASE user_if_tip WHEN '1' THEN '是' WHEN '2' THEN '否' ELSE '' END),(CASE user_outcaller_type WHEN '0' THEN '全部' WHEN '1' THEN '指定' ELSE '' END),user_outcaller_num,(CASE user_display_dialpanel WHEN '1' THEN '是' WHEN '2' THEN '否' ELSE '' END),(CASE user_outcall_popup WHEN '1' THEN '是' WHEN '2' THEN '否' ELSE '' END),user_last_ip,user_last_login,user_remark FROM est_users
[15:17:19] SELECT * FROM (`est_queue`)
[15:17:19] SELECT `role_id`, `role_name`, `role_type` FROM (`est_role`)
[15:17:19] SELECT `dept_id`, `dept_pid`, `dept_name`, `dept_deep` FROM (`est_department`) ORDER BY `dept_id`
[15:19:03] SELECT `user_id`, `user_num`, `user_password`, `user_name`, `user_phone`, `user_ol_model`, `role_id`, `role_name`, `role_type`, `dept_id`, `dept_name`, `user_tel_server`, `user_cti_server`, `user_channel`, `user_sms_phone`, `user_if_tip`, `user_remark`, `user_last_login`, `user_phone_type`, `user_last_ip`, `user_outcaller_type`, `user_outcaller_num`, `user_notebook`, `user_login_state`, `user_workbench_layout`, `user_display_dialpanel`, `user_outcall_popup`, `user_to_selfphone` FROM (`est_users`) WHERE `user_id` =  '1'
[15:19:03] SELECT `role_id`, `role_name`, `role_type` FROM (`est_role`)
[15:19:35] SELECT `client_list_display` AS list_display FROM (`est_users`) WHERE `user_id` =  '1' LIMIT 1
[15:19:35] SELECT * FROM (`est_config`) LIMIT 1
[15:19:35] SELECT `id`, `name`, `fields`, `field_type`, `if_custom`, `field_list_width`, `data_type`, `if_require`, `default`, `jl_series`, `jl_field_type`, `datefmt` FROM (`est_fields`) WHERE `field_type` IN (0, 1)  AND `state` =  1 ORDER BY `id` ASC
[15:19:35] SELECT `id`, `name`, `fields`, `state` FROM (`est_fields`) WHERE `field_type` =  0 AND `state` =  1 AND `if_custom` =  0 ORDER BY `id` ASC
[15:19:35] SELECT `client_list_display` AS list_display FROM (`est_users`) WHERE `user_id` =  '1' LIMIT 1
[15:19:35] SELECT `id`, `name`, `fields`, `field_type`, `if_custom`, `field_list_width`, `data_type`, `if_require`, `default`, `jl_series`, `jl_field_type`, `datefmt` FROM (`est_fields`) WHERE `field_type` =  1 AND `state` =  1 ORDER BY `id` ASC
[15:19:35] SELECT `id`, `name`, `fields`, `state`, `field_type`, `data_type`, `if_require`, `default`, `jl_series`, `jl_field_type`, `datefmt` FROM (`est_fields`) WHERE `field_type` =  0 AND `state` =  1 AND `if_custom` =  '1' ORDER BY `custom_poz` ASC
[15:19:35] SELECT `cle_name`, `cle_phone`, `cle_stat`, `dept_id`, `user_id`, `cle_info_source`, `cle_address`, `con_rec_next_time`, `est_client`.`cle_id`, `cle_public_type` FROM (`est_client`) WHERE `dept_id` IN (1,2,3,4,5,6,7,8,9,10) ORDER BY `cle_id` desc LIMIT 10
[15:19:35] SELECT `user_id`, `user_name`, `user_num`, `dept_id`, `dept_name` FROM (`est_users`) WHERE `dept_id` IN (1,2,3,4,5,6,7,8,9,10)
[15:19:35] SELECT `dept_id`, `dept_name` FROM (`est_department`)
[15:33:46] SELECT `id`, `name`, `fields`, `state` FROM (`est_fields`) WHERE `field_type` =  0 AND `state` =  1 AND `if_custom` =  0 ORDER BY `id` ASC
[15:33:46] SELECT * FROM (`est_dictionary_detail`) WHERE `parent_id` =  '2' ORDER BY `sorts` ASC
[15:33:46] SELECT * FROM (`est_dictionary`) WHERE `id` =  '2'
[15:33:46] SELECT `cle_stage`, `cle_type` FROM (`est_client_type`)
[15:33:49] SELECT * FROM (`est_dictionary_detail`) WHERE `parent_id` =  '6' ORDER BY `sorts` ASC
[15:33:49] SELECT * FROM (`est_dictionary`) WHERE `id` =  '6'
[15:33:50] SELECT * FROM (`est_dictionary_detail`) WHERE `parent_id` =  '1' ORDER BY `sorts` ASC
[15:33:50] SELECT * FROM (`est_dictionary`) WHERE `id` =  '1'
[15:33:51] SELECT * FROM (`est_dictionary_detail`) WHERE `parent_id` =  '4' ORDER BY `sorts` ASC
[15:33:51] SELECT * FROM (`est_dictionary`) WHERE `id` =  '4'
[15:35:10] SELECT `cle_stage`, `cle_type` FROM (`est_client_type`)
[15:35:12] SELECT * FROM (`est_dictionary_detail`) WHERE `parent_id` =  '1' ORDER BY `sorts` ASC
[15:36:02] SELECT `user_id`, `user_num`, `user_password`, `user_name`, `user_phone`, `user_ol_model`, `role_id`, `role_name`, `role_type`, `dept_id`, `dept_name`, `user_tel_server`, `user_cti_server`, `user_channel`, `user_sms_phone`, `user_if_tip`, `user_remark`, `user_last_login`, `user_phone_type`, `user_last_ip`, `user_outcaller_type`, `user_outcaller_num`, `user_notebook`, `user_login_state`, `user_workbench_layout`, `user_display_dialpanel`, `user_outcall_popup`, `user_to_selfphone` FROM (`est_users`) WHERE `user_id` =  '1'
[15:36:15] SELECT `service_list_display` AS list_display FROM (`est_users`) WHERE `user_id` =  '1' LIMIT 1
[15:36:15] SELECT * FROM (`est_config`) LIMIT 1
[15:36:15] SELECT `id`, `name`, `fields`, `field_type`, `if_custom`, `field_list_width`, `data_type`, `if_require`, `default`, `jl_series`, `jl_field_type`, `datefmt` FROM (`est_fields`) WHERE `field_type` =  4 AND `state` =  1 ORDER BY `id` ASC
[15:36:15] SELECT `service_list_display` AS list_display FROM (`est_users`) WHERE `user_id` =  '1' LIMIT 1
[15:36:15] SELECT `dept_id`, `dept_pid`, `dept_name`, `dept_deep` FROM (`est_department`) ORDER BY `dept_id`
[15:36:15] SELECT `id`, `name`, `fields`, `state`, `field_type`, `data_type`, `if_require`, `default`, `jl_series`, `jl_field_type`, `datefmt` FROM (`est_fields`) WHERE `field_type` =  4 AND `state` =  1 AND `if_custom` =  '1' ORDER BY `custom_poz` ASC
[15:36:15] SELECT count(*) as total FROM (`est_service`) WHERE (user_id = '1' OR create_user_id = '1' ) AND dept_id IN (1,2,3,4,5,6,7,8,9,10)
[15:36:52] SELECT `client_list_display` AS list_display FROM (`est_users`) WHERE `user_id` =  '1' LIMIT 1
[15:36:52] SELECT `id`, `name`, `fields`, `field_type`, `if_custom`, `field_list_width`, `data_type`, `if_require`, `default`, `jl_series`, `jl_field_type`, `datefmt` FROM (`est_fields`) WHERE `field_type` IN (0, 1)  AND `state` =  1 ORDER BY `id` ASC
[15:36:52] SELECT `client_list_display` AS list_display FROM (`est_users`) WHERE `user_id` =  '1' LIMIT 1
[15:36:52] SELECT `id`, `name`, `fields`, `field_type`, `if_custom`, `field_list_width`, `data_type`, `if_require`, `default`, `jl_series`, `jl_field_type`, `datefmt` FROM (`est_fields`) WHERE `field_type` =  1 AND `state` =  1 ORDER BY `id` ASC
[15:36:52] SELECT `id`, `name`, `fields`, `state`, `field_type`, `data_type`, `if_require`, `default`, `jl_series`, `jl_field_type`, `datefmt` FROM (`est_fields`) WHERE `field_type` =  0 AND `state` =  1 AND `if_custom` =  '1' ORDER BY `custom_poz` ASC
[15:36:52] SELECT `cle_name`, `cle_phone`, `cle_stat`, `dept_id`, `user_id`, `cle_info_source`, `cle_address`, `con_rec_next_time`, `est_client`.`cle_id`, `cle_public_type` FROM (`est_client`) WHERE `dept_id` IN (1,2,3,4,5,6,7,8,9,10) ORDER BY `cle_id` desc LIMIT 10
[15:36:52] SELECT `user_id`, `user_name`, `user_num`, `dept_id`, `dept_name` FROM (`est_users`) WHERE `dept_id` IN (1,2,3,4,5,6,7,8,9,10)
[15:36:52] SELECT `dept_id`, `dept_name` FROM (`est_department`)
[15:37:25] SELECT count(*) as total FROM (`est_users`) WHERE `user_id` > 0
[15:37:25] SELECT * FROM (`est_users`) WHERE `user_id` > 0 ORDER BY `user_id` DESC LIMIT 10
[15:40:20] SELECT count(*) as total FROM (`est_users`) WHERE `user_id` > 0
[15:40:20] SELECT * FROM (`est_users`) WHERE `user_id` > 0 ORDER BY `user_id` DESC LIMIT 10
[15:40:21] SELECT * FROM (`est_queue`)
[15:40:21] SELECT `role_id`, `role_name`, `role_type` FROM (`est_role`)
[15:40:50] SELECT * FROM (`est_users`) WHERE `user_num` =  '8006' LIMIT 1
[15:41:11] SELECT * FROM (`est_role`) WHERE `role_id` =  '4'
[15:41:11] INSERT INTO `est_users` (`user_name`, `user_num`, `role_id`, `dept_id`, `dept_name`, `user_ol_model`, `user_outcaller_type`, `user_outcaller_num`, `user_password`, `user_login_state`, `user_tel_server`, `user_phone_type`, `user_cti_server`, `user_id`, `role_name`, `role_type`) VALUES ('小李', '8006', '4', '4', '销售部', '0', '0', '', 'e10adc3949ba59abbe56e057f20f883e', '1', '', '3', '', '6', '坐席', '2')
[15:41:11] SELECT count(*) as total FROM (`est_users`) WHERE `user_id` > 0
[15:41:11] SELECT * FROM (`est_users`) WHERE `user_id` > 0 ORDER BY `user_id` DESC LIMIT 10
[15:41:24] SELECT `role_id`, `role_name`, `role_type` FROM (`est_role`)
[15:41:29] SELECT `client_list_display` AS list_display FROM (`est_users`) WHERE `user_id` =  '1' LIMIT 1
[15:41:30] SELECT `client_list_display` AS list_display FROM (`est_users`) WHERE `user_id` =  '1' LIMIT 1
[15:41:30] SELECT `cle_name`, `cle_phone`, `cle_stat`, `dept_id`, `user_id`, `cle_info_source`, `cle_address`, `con_rec_next_time`, `est_client`.`cle_id`, `cle_public_type` FROM (`est_client`) WHERE `user_id` = '1' AND dept_id IN (1,2,3,4,5,6,7,8,9,10) ORDER BY `cle_id` desc LIMIT 10
[15:41:30] SELECT `user_id`, `user_name`, `user_num`, `dept_id`, `dept_name` FROM (`est_users`) WHERE `dept_id` IN (1,2,3,4,5,6,7,8,9,10)
[15:41:38] SELECT `client_list_display` AS list_display FROM (`est_users`) WHERE `user_id` =  '1' LIMIT 1
[15:41:38] SELECT `client_list_display` AS list_display FROM (`est_users`) WHERE `user_id` =  '1' LIMIT 1
[15:41:38] SELECT `cle_name`, `cle_phone`, `cle_stat`, `dept_id`, `user_id`, `cle_info_source`, `cle_address`, `con_rec_next_time`, `est_client`.`cle_id`, `cle_public_type` FROM (`est_client`) WHERE `dept_id` IN (1,2,3,4,5,6,7,8,9,10) ORDER BY `cle_id` desc LIMIT 10
[15:44:19] SELECT `id`, `name`, `fields`, `state` FROM (`est_fields`) WHERE `field_type` =  0 AND `state` =  1 AND `if_custom` =  0 ORDER BY `id` ASC
[15:44:19] SELECT * FROM (`est_dictionary_detail`) WHERE `parent_id` =  1 ORDER BY `sorts` ASC
[15:44:19] SELECT `model_id`, `model_name`, `model_type`, `model_detail` FROM (`est_model`) WHERE `model_type` =  1 AND `model_creat_user_id` =  '1'
[15:44:21] SELECT `model_id`, `model_name`, `model_type`, `model_detail` FROM (`est_model`) WHERE `model_type` =  1 AND `model_creat_user_id` =  '1'
[15:44:21] SELECT id,name,fields,(CASE WHEN id IN(2,4,26,7,11) THEN 1 ELSE 0 END) AS if_used,field_type,data_type FROM est_fields WHERE state=1  AND field_type IN(0,1) AND id IN (2,4,26,7,11) ORDER BY if_used desc,FIELD(id,2,4,26,7,11)
[15:44:42] INSERT INTO `est_model` (`model_name`, `model_type`, `model_detail`, `model_creat_user_id`, `model_creat_time`) VALUES ('客户模板', '1', '2,4,7', '1', '2015-08-10 15:44:42')
[15:44:42] SELECT `model_id`, `model_name`, `model_type`, `model_detail` FROM (`est_model`) WHERE `model_type` =  1 AND `model_creat_user_id` =  '1'
[15:44:42] SELECT id,name,fields,(CASE WHEN id IN(2,4,26,7,11) THEN 1 ELSE 0 END) AS if_used,field_type,data_type FROM est_fields WHERE state=1  AND field_type IN(0,1) AND id IN (2,4,26,7,11) ORDER BY if_used desc,FIELD(id,2,4,26,7,11)
[15:44:45] SELECT `model_id`, `model_name`, `model_type`, `model_detail` FROM (`est_model`) WHERE `model_id` =  '2' AND `model_type` =  1 AND `model_creat_user_id` =  '1'
[15:44:45] SELECT id,name,fields,(CASE WHEN id IN(2,4,26,7,11) THEN 1 ELSE 0 END) AS if_used,field_type,data_type FROM est_fields WHERE state=1  AND field_type IN(0,1) AND id IN (2,4,26,7,11) ORDER BY if_used desc,FIELD(id,2,4,26,7,11)
[15:44:50] SELECT `model_id`, `model_name`, `model_type`, `model_detail` FROM (`est_model`) WHERE `model_id` =  '2' AND `model_type` =  1 AND `model_creat_user_id` =  '1'
[15:44:50] SELECT id,name,fields,(CASE WHEN id IN(2,4,26,7,11) THEN 1 ELSE 0 END) AS if_used,field_type,data_type FROM est_fields WHERE state=1  AND field_type IN(0,1) AND id IN (2,4,26,7,11) ORDER BY if_used desc,FIELD(id,2,4,26,7,11)
[15:55:24] SELECT `client_list_display` AS list_display FROM (`est_users`) WHERE `user_id` =  '1' LIMIT 1
[15:55:24] SELECT * FROM (`est_config`) LIMIT 1
[15:55:24] SELECT `id`, `name`, `fields`, `field_type`, `if_custom`, `field_list_width`, `data_type`, `if_require`, `default`, `jl_series`, `jl_field_type`, `datefmt` FROM (`est_fields`) WHERE `field_type` IN (0, 1)  AND `state` =  1 ORDER BY `id` ASC
[15:55:24] SELECT `id`, `name`, `fields`, `state` FROM (`est_fields`) WHERE `field_type` =  0 AND `state` =  1 AND `if_custom` =  0 ORDER BY `id` ASC
[15:55:24] SELECT `client_list_display` AS list_display FROM (`est_users`) WHERE `user_id` =  '1' LIMIT 1
[15:55:24] SELECT `dept_id`, `dept_pid`, `dept_name`, `dept_deep` FROM (`est_department`) ORDER BY `dept_id`
[15:55:24] SELECT `id`, `name`, `fields`, `field_type`, `if_custom`, `field_list_width`, `data_type`, `if_require`, `default`, `jl_series`, `jl_field_type`, `datefmt` FROM (`est_fields`) WHERE `field_type` =  1 AND `state` =  1 ORDER BY `id` ASC
[15:55:24] SELECT `id`, `name`, `fields`, `state`, `field_type`, `data_type`, `if_require`, `default`, `jl_series`, `jl_field_type`, `datefmt` FROM (`est_fields`) WHERE `field_type` =  0 AND `state` =  1 AND `if_custom` =  '1' ORDER BY `custom_poz` ASC
[15:55:24] SELECT `cle_name`, `cle_phone`, `cle_stat`, `dept_id`, `user_id`, `cle_info_source`, `cle_address`, `con_rec_next_time`, `est_client`.`cle_id`, `cle_public_type` FROM (`est_client`) WHERE `user_id` = '1' AND dept_id IN (1,2,3,4,5,6,7,8,9,10) ORDER BY `cle_id` desc LIMIT 10
[15:55:24] SELECT `user_id`, `user_name`, `user_num`, `dept_id`, `dept_name` FROM (`est_users`) WHERE `dept_id` IN (1,2,3,4,5,6,7,8,9,10)
[15:55:24] SELECT `dept_id`, `dept_name` FROM (`est_department`)
[15:55:35] SELECT `cle_id`, `cle_name` FROM (`est_client`) WHERE `cle_id` IN(5) AND user_id = 1
[15:55:35] UPDATE est_client SET user_id='0',cle_update_time=CURDATE(),cle_update_user_id='1',last_user_id=CONCAT(IFNULL(last_user_id,''),',','1'),cle_public_type=1 WHERE user_id=1 AND cle_id IN (5) AND cle_public_type!=1
[15:55:35] INSERT INTO `est_client_log` (`cle_id`, `contents`, `log_time`, `user_ip`, `user_name`) VALUES ('5','坐席放弃客户','2015-08-10 15:55:35','123.116.182.71','8001')
[15:55:35] SELECT `client_list_display` AS list_display FROM (`est_users`) WHERE `user_id` =  '1' LIMIT 1
[15:55:35] SELECT `cle_name`, `cle_phone`, `cle_stat`, `dept_id`, `user_id`, `cle_info_source`, `cle_address`, `con_rec_next_time`, `est_client`.`cle_id`, `cle_public_type` FROM (`est_client`) WHERE `user_id` = '1' AND dept_id IN (1,2,3,4,5,6,7,8,9,10) ORDER BY `cle_id` desc LIMIT 10
[15:55:39] SELECT `client_list_display` AS list_display FROM (`est_users`) WHERE `user_id` =  '1' LIMIT 1
[15:55:39] SELECT `id`, `name`, `fields`, `state`, `field_type`, `data_type`, `if_require`, `default`, `jl_series`, `jl_field_type`, `datefmt` FROM (`est_fields`) WHERE `field_type` IN (0, 1)  AND `state` =  1 AND `if_custom` =  '1' ORDER BY `custom_poz` ASC
[15:55:39] SELECT `cle_name`, `cle_pingyin`, `cle_phone`, `cle_address`, `cle_info_source`, `cle_stage`, `cle_stat`, `cle_remark`, `cle_first_connecttime`, `cle_last_connecttime`, `con_rec_next_time`, `user_id`, `dployment_num`, `dept_id`, `cle_executor_time`, `cle_creat_time`, `cle_creat_user_id`, `cle_update_time`, `cle_update_user_id`, `impt_id`, `cle_1`, `cle_2`, `con_name`, `con_mobile`, `con_mail`, `con_remark`, `cle_dial_number`, `cle_province_name`, `cle_city_name`, `cle_phone2`, `cle_phone3`, `est_client`.`cle_id`, `cle_public_type`, `cle_1_1`, `cle_1_2`, `cle_1_3` FROM (`est_client`) LEFT JOIN `est_contact` ON `est_contact`.`cle_id` = `est_client`.`cle_id` AND est_contact.con_if_main = 1 WHERE `user_id` = '0' ORDER BY `cle_id` desc LIMIT 10
[15:55:39] SELECT `user_id`, `user_name`, `user_num`, `dept_id`, `dept_name` FROM (`est_users`)
[15:55:39] SELECT `id`, `name` FROM (`est_fields_jl`) WHERE `fields_id` IN ('25') 
[15:55:45] SELECT * FROM (`est_client`) WHERE `cle_id` =  '5'
[15:55:45] SELECT * FROM (`est_department`) WHERE `dept_id` =  '1' LIMIT 1
[15:55:45] UPDATE est_client SET dept_id=1,user_id=1,cle_public_type='0',cle_update_time=CURDATE() , cle_update_user_id='1' WHERE user_id=0 AND cle_id=5
[15:55:45] INSERT INTO `est_client_log` (`cle_id`, `contents`, `log_time`, `user_ip`, `user_name`) VALUES ('5','坐席占用数据','2015-08-10 15:55:45','123.116.182.71','8001')
[15:55:45] SELECT `cle_name`, `cle_pingyin`, `cle_phone`, `cle_address`, `cle_info_source`, `cle_stage`, `cle_stat`, `cle_remark`, `cle_first_connecttime`, `cle_last_connecttime`, `con_rec_next_time`, `user_id`, `dployment_num`, `dept_id`, `cle_executor_time`, `cle_creat_time`, `cle_creat_user_id`, `cle_update_time`, `cle_update_user_id`, `impt_id`, `cle_1`, `cle_2`, `con_name`, `con_mobile`, `con_mail`, `con_remark`, `cle_dial_number`, `cle_province_name`, `cle_city_name`, `cle_phone2`, `cle_phone3`, `est_client`.`cle_id`, `cle_public_type`, `cle_1_1`, `cle_1_2`, `cle_1_3` FROM (`est_client`) LEFT JOIN `est_contact` ON `est_contact`.`cle_id` = `est_client`.`cle_id` AND est_contact.con_if_main = 1 WHERE `user_id` = '0' ORDER BY `cle_id` desc LIMIT 10
[15:55:48] SELECT * FROM (`est_client`) WHERE `cle_id` =  '5'
[15:55:48] SELECT `user_id`, `user_num`, `user_password`, `user_name`, `user_phone`, `user_ol_model`, `role_id`, `role_name`, `role_type`, `dept_id`, `dept_name`, `user_tel_server`, `user_cti_server`, `user_channel`, `user_sms_phone`, `user_if_tip`, `user_remark`, `user_last_login`, `user_phone_type`, `user_last_ip`, `user_outcaller_type`, `user_outcaller_num`, `user_notebook`, `user_login_state`, `user_workbench_layout`, `user_display_dialpanel`, `user_outcall_popup`, `user_to_selfphone` FROM (`est_users`) WHERE `user_id` =  '1'
[15:55:48] SELECT * FROM (`est_client`) WHERE `cle_id` =  '5'
[15:55:48] SELECT `con_mobile`, `con_name` FROM (`est_contact`) WHERE `cle_id` =  '5' ORDER BY `con_if_main` desc LIMIT 20
[15:55:48] SELECT `id`, `name`, `fields`, `field_type`, `if_custom`, `field_list_width`, `data_type`, `if_require`, `default`, `jl_series`, `jl_field_type`, `datefmt` FROM (`est_fields`) WHERE `field_type` =  0 AND `state` =  1 ORDER BY `id` ASC
[15:55:48] SELECT * FROM (`est_fields_detail`) WHERE `parent_id` =  '26' ORDER BY `sorts` ASC
[15:55:48] SELECT `id`, `name`, `fields_id`, `type` FROM (`est_fields_jl`) WHERE `parent_id` IN (0)  AND `fields_id` IN ('25') 
[15:55:48] SELECT * FROM (`est_dictionary_detail`) WHERE `parent_id` =  1 ORDER BY `sorts` ASC
[15:55:48] SELECT `region_id`, `region_name` FROM (`est_region`) WHERE `region_type` =  1 AND `parent_id` =  1
[15:55:48] SELECT * FROM (`est_dictionary_detail`) WHERE `parent_id` =  6 ORDER BY `sorts` ASC
[15:55:48] SELECT * FROM (`est_dictionary_detail`) WHERE `parent_id` =  2 ORDER BY `sorts` ASC
[15:55:49] SELECT * FROM (`est_client`) WHERE `cle_id` =  '5'
[15:55:49] SELECT * FROM (`est_dictionary_detail`) WHERE `parent_id` =  4 ORDER BY `sorts` ASC
[15:55:49] SELECT `id`, `name`, `fields`, `field_type`, `if_custom`, `field_list_width`, `data_type`, `if_require`, `default`, `jl_series`, `jl_field_type`, `datefmt` FROM (`est_fields`) WHERE `field_type` =  4 AND `state` =  1 ORDER BY `id` ASC
[15:55:49] SELECT `user_id`, `user_name`, `user_num` FROM (`est_users`) WHERE `user_id` > 0 LIMIT 20
[15:55:49] SELECT `contact_list_display` AS list_display FROM (`est_users`) WHERE `user_id` =  '1' LIMIT 1
[15:55:49] SELECT `id`, `name`, `fields`, `state`, `field_type`, `data_type`, `if_require`, `default`, `jl_series`, `jl_field_type`, `datefmt` FROM (`est_fields`) WHERE `field_type` =  1 AND `state` =  1 AND `if_custom` =  '1' ORDER BY `custom_poz` ASC
[15:55:49] SELECT count(*) as total FROM (`est_contact`) WHERE `cle_id` = '5'
[15:56:03] SELECT `client_list_display` AS list_display FROM (`est_users`) WHERE `user_id` =  '1' LIMIT 1
[15:56:03] SELECT `client_list_display` AS list_display FROM (`est_users`) WHERE `user_id` =  '1' LIMIT 1
[15:56:03] SELECT `cle_name`, `cle_phone`, `cle_stat`, `dept_id`, `user_id`, `cle_info_source`, `cle_address`, `con_rec_next_time`, `est_client`.`cle_id`, `cle_public_type` FROM (`est_client`) WHERE `user_id` = '1' AND dept_id IN (1,2,3,4,5,6,7,8,9,10) ORDER BY `cle_id` desc LIMIT 10
[15:56:06] SELECT `client_list_display` AS list_display FROM (`est_users`) WHERE `user_id` =  '1' LIMIT 1
[15:56:06] SELECT `cle_name`, `cle_pingyin`, `cle_phone`, `cle_address`, `cle_info_source`, `cle_stage`, `cle_stat`, `cle_remark`, `cle_first_connecttime`, `cle_last_connecttime`, `con_rec_next_time`, `user_id`, `dployment_num`, `dept_id`, `cle_executor_time`, `cle_creat_time`, `cle_creat_user_id`, `cle_update_time`, `cle_update_user_id`, `impt_id`, `cle_1`, `cle_2`, `con_name`, `con_mobile`, `con_mail`, `con_remark`, `cle_dial_number`, `cle_province_name`, `cle_city_name`, `cle_phone2`, `cle_phone3`, `est_client`.`cle_id`, `cle_public_type`, `cle_1_1`, `cle_1_2`, `cle_1_3` FROM (`est_client`) LEFT JOIN `est_contact` ON `est_contact`.`cle_id` = `est_client`.`cle_id` AND est_contact.con_if_main = 1 WHERE `user_id` = '0' ORDER BY `cle_id` desc LIMIT 10
[15:56:12] SELECT * FROM (`est_client`) WHERE `cle_id` =  '3'
[15:56:12] UPDATE est_client SET dept_id=1,user_id=1,cle_public_type='0',cle_update_time=CURDATE() , cle_update_user_id='1' WHERE user_id=0 AND cle_id=3
[15:56:12] INSERT INTO `est_client_log` (`cle_id`, `contents`, `log_time`, `user_ip`, `user_name`) VALUES ('3','坐席占用数据','2015-08-10 15:56:12','123.116.182.71','8001')
[15:56:12] SELECT `cle_name`, `cle_pingyin`, `cle_phone`, `cle_address`, `cle_info_source`, `cle_stage`, `cle_stat`, `cle_remark`, `cle_first_connecttime`, `cle_last_connecttime`, `con_rec_next_time`, `user_id`, `dployment_num`, `dept_id`, `cle_executor_time`, `cle_creat_time`, `cle_creat_user_id`, `cle_update_time`, `cle_update_user_id`, `impt_id`, `cle_1`, `cle_2`, `con_name`, `con_mobile`, `con_mail`, `con_remark`, `cle_dial_number`, `cle_province_name`, `cle_city_name`, `cle_phone2`, `cle_phone3`, `est_client`.`cle_id`, `cle_public_type`, `cle_1_1`, `cle_1_2`, `cle_1_3` FROM (`est_client`) LEFT JOIN `est_contact` ON `est_contact`.`cle_id` = `est_client`.`cle_id` AND est_contact.con_if_main = 1 WHERE `user_id` = '0' ORDER BY `cle_id` desc LIMIT 10
[15:56:14] SELECT * FROM (`est_client`) WHERE `cle_id` =  '3'
[15:56:14] SELECT * FROM (`est_client`) WHERE `cle_id` =  '3'
[15:56:14] SELECT `con_mobile`, `con_name` FROM (`est_contact`) WHERE `cle_id` =  '3' ORDER BY `con_if_main` desc LIMIT 20
[15:56:14] SELECT `id`, `name`, `fields_id`, `type` FROM (`est_fields_jl`) WHERE `parent_id` IN (0)  AND `fields_id` IN ('25') 
[15:56:14] SELECT * FROM (`est_dictionary_detail`) WHERE `parent_id` =  1 ORDER BY `sorts` ASC
[15:56:14] SELECT `region_id`, `region_name` FROM (`est_region`) WHERE `region_type` =  1 AND `parent_id` =  1
[15:56:14] SELECT * FROM (`est_client`) WHERE `cle_id` =  '3'
[15:56:15] SELECT `user_id`, `user_name`, `user_num` FROM (`est_users`) WHERE `user_id` > 0 LIMIT 20
[15:56:15] SELECT `contact_list_display` AS list_display FROM (`est_users`) WHERE `user_id` =  '1' LIMIT 1
[15:56:15] SELECT `id`, `name`, `fields`, `state`, `field_type`, `data_type`, `if_require`, `default`, `jl_series`, `jl_field_type`, `datefmt` FROM (`est_fields`) WHERE `field_type` =  1 AND `state` =  1 AND `if_custom` =  '1' ORDER BY `custom_poz` ASC
[15:56:15] SELECT count(*) as total FROM (`est_contact`) WHERE `cle_id` = '3'
[15:56:36] SELECT `client_list_display` AS list_display FROM (`est_users`) WHERE `user_id` =  '1' LIMIT 1
[15:56:37] SELECT `client_list_display` AS list_display FROM (`est_users`) WHERE `user_id` =  '1' LIMIT 1
[15:56:37] SELECT `cle_name`, `cle_phone`, `cle_stat`, `dept_id`, `user_id`, `cle_info_source`, `cle_address`, `con_rec_next_time`, `est_client`.`cle_id`, `cle_public_type` FROM (`est_client`) WHERE `user_id` = '1' AND dept_id IN (1,2,3,4,5,6,7,8,9,10) ORDER BY `cle_id` desc LIMIT 10
[15:56:42] SELECT `client_list_display` AS list_display FROM (`est_users`) WHERE `user_id` =  '1' LIMIT 1
[15:56:42] SELECT `cle_name`, `cle_pingyin`, `cle_phone`, `cle_address`, `cle_info_source`, `cle_stage`, `cle_stat`, `cle_remark`, `cle_first_connecttime`, `cle_last_connecttime`, `con_rec_next_time`, `user_id`, `dployment_num`, `dept_id`, `cle_executor_time`, `cle_creat_time`, `cle_creat_user_id`, `cle_update_time`, `cle_update_user_id`, `impt_id`, `cle_1`, `cle_2`, `con_name`, `con_mobile`, `con_mail`, `con_remark`, `cle_dial_number`, `cle_province_name`, `cle_city_name`, `cle_phone2`, `cle_phone3`, `est_client`.`cle_id`, `cle_public_type`, `cle_1_1`, `cle_1_2`, `cle_1_3` FROM (`est_client`) LEFT JOIN `est_contact` ON `est_contact`.`cle_id` = `est_client`.`cle_id` AND est_contact.con_if_main = 1 WHERE `user_id` = '0' ORDER BY `cle_id` desc LIMIT 10
[16:39:32] SELECT `resource_list_display` AS list_display FROM (`est_users`) WHERE `user_id` =  '1' LIMIT 1
[16:39:32] SELECT * FROM (`est_config`) LIMIT 1
[16:39:32] SELECT `id`, `name`, `fields`, `field_type`, `if_custom`, `field_list_width`, `data_type`, `if_require`, `default`, `jl_series`, `jl_field_type`, `datefmt` FROM (`est_fields`) WHERE `field_type` IN (0, 1)  AND `state` =  1 ORDER BY `id` ASC
[16:39:36] SELECT `resource_list_display` AS list_display FROM (`est_users`) WHERE `user_id` =  '1' LIMIT 1
[16:39:36] SELECT `dept_id`, `dept_pid`, `dept_name`, `dept_deep` FROM (`est_department`) ORDER BY `dept_id`
[16:39:36] SELECT `id`, `name`, `fields`, `field_type`, `if_custom`, `field_list_width`, `data_type`, `if_require`, `default`, `jl_series`, `jl_field_type`, `datefmt` FROM (`est_fields`) WHERE `field_type` =  1 AND `state` =  1 ORDER BY `id` ASC
[16:39:36] SELECT `id`, `name`, `fields`, `state`, `field_type`, `data_type`, `if_require`, `default`, `jl_series`, `jl_field_type`, `datefmt` FROM (`est_fields`) WHERE `field_type` =  0 AND `state` =  1 AND `if_custom` =  '1' ORDER BY `custom_poz` ASC
[16:39:36] SELECT `cle_name`, `cle_phone`, `cle_stat`, `dept_id`, `user_id`, `est_client`.`cle_id`, `cle_public_type` FROM (`est_client`) WHERE `user_id` = '0' AND cle_first_connecttime = '0000-00-00' AND dployment_num = '0' AND cle_public_type = 3 AND dept_id IN (1,2,3,4,5,6,7,8,9,10) ORDER BY `cle_creat_time` desc LIMIT 10
[16:39:36] SELECT `user_id`, `user_name`, `user_num`, `dept_id`, `dept_name` FROM (`est_users`) WHERE `dept_id` IN (1,2,3,4,5,6,7,8,9,10)
[16:39:36] SELECT `dept_id`, `dept_name` FROM (`est_department`)
[16:39:56] SELECT `service_list_display` AS list_display FROM (`est_users`) WHERE `user_id` =  '1' LIMIT 1
[16:39:56] SELECT `id`, `name`, `fields`, `field_type`, `if_custom`, `field_list_width`, `data_type`, `if_require`, `default`, `jl_series`, `jl_field_type`, `datefmt` FROM (`est_fields`) WHERE `field_type` =  4 AND `state` =  1 ORDER BY `id` ASC
[16:39:56] SELECT * FROM (`est_dictionary_detail`) WHERE `parent_id` =  4 ORDER BY `sorts` ASC
[16:39:56] SELECT `service_list_display` AS list_display FROM (`est_users`) WHERE `user_id` =  '1' LIMIT 1
[16:39:56] SELECT `id`, `name`, `fields`, `state`, `field_type`, `data_type`, `if_require`, `default`, `jl_series`, `jl_field_type`, `datefmt` FROM (`est_fields`) WHERE `field_type` =  4 AND `state` =  1 AND `if_custom` =  '1' ORDER BY `custom_poz` ASC
[16:39:56] SELECT count(*) as total FROM (`est_service`) WHERE (user_id = '1' OR create_user_id = '1' ) AND dept_id IN (1,2,3,4,5,6,7,8,9,10)
[16:40:04] SELECT `service_list_display` AS list_display FROM (`est_users`) WHERE `user_id` =  '1' LIMIT 1
[16:40:08] SELECT `user_id`, `user_name`, `user_num` FROM (`est_users`) WHERE `user_id` > 0 LIMIT 20
[16:44:37] SELECT `id`, `name`, `fields`, `state` FROM (`est_fields`) WHERE `field_type` =  0 AND `if_custom` =  0 ORDER BY `id` ASC
[16:51:50] SELECT `client_list_display` AS list_display FROM (`est_users`) WHERE `user_id` =  '1' LIMIT 1
[16:51:50] SELECT * FROM (`est_config`) LIMIT 1
[16:51:50] SELECT `id`, `name`, `fields`, `field_type`, `if_custom`, `field_list_width`, `data_type`, `if_require`, `default`, `jl_series`, `jl_field_type`, `datefmt` FROM (`est_fields`) WHERE `field_type` IN (0, 1)  AND `state` =  1 ORDER BY `id` ASC
[16:51:50] SELECT `id`, `name`, `fields`, `state` FROM (`est_fields`) WHERE `field_type` =  0 AND `state` =  1 AND `if_custom` =  0 ORDER BY `id` ASC
[16:51:50] SELECT `client_list_display` AS list_display FROM (`est_users`) WHERE `user_id` =  '1' LIMIT 1
[16:51:50] SELECT `dept_id`, `dept_pid`, `dept_name`, `dept_deep` FROM (`est_department`) ORDER BY `dept_id`
[16:51:50] SELECT `id`, `name`, `fields`, `field_type`, `if_custom`, `field_list_width`, `data_type`, `if_require`, `default`, `jl_series`, `jl_field_type`, `datefmt` FROM (`est_fields`) WHERE `field_type` =  1 AND `state` =  1 ORDER BY `id` ASC
[16:51:50] SELECT `id`, `name`, `fields`, `state`, `field_type`, `data_type`, `if_require`, `default`, `jl_series`, `jl_field_type`, `datefmt` FROM (`est_fields`) WHERE `field_type` =  0 AND `state` =  1 AND `if_custom` =  '1' ORDER BY `custom_poz` ASC
[16:51:50] SELECT `cle_name`, `cle_phone`, `cle_stat`, `dept_id`, `user_id`, `cle_info_source`, `cle_address`, `con_rec_next_time`, `est_client`.`cle_id`, `cle_public_type` FROM (`est_client`) WHERE `dept_id` IN (1,2,3,4,5,6,7,8,9,10) ORDER BY `cle_id` desc LIMIT 10
[16:51:50] SELECT `user_id`, `user_name`, `user_num`, `dept_id`, `dept_name` FROM (`est_users`) WHERE `dept_id` IN (1,2,3,4,5,6,7,8,9,10)
[16:51:50] SELECT `dept_id`, `dept_name` FROM (`est_department`)
[16:51:59] SELECT * FROM (`est_client`) WHERE `cle_id` =  '5'
[16:51:59] SELECT `user_id`, `user_num`, `user_password`, `user_name`, `user_phone`, `user_ol_model`, `role_id`, `role_name`, `role_type`, `dept_id`, `dept_name`, `user_tel_server`, `user_cti_server`, `user_channel`, `user_sms_phone`, `user_if_tip`, `user_remark`, `user_last_login`, `user_phone_type`, `user_last_ip`, `user_outcaller_type`, `user_outcaller_num`, `user_notebook`, `user_login_state`, `user_workbench_layout`, `user_display_dialpanel`, `user_outcall_popup`, `user_to_selfphone` FROM (`est_users`) WHERE `user_id` =  '1'
[16:51:59] SELECT * FROM (`est_department`) WHERE `dept_id` =  '1' LIMIT 1
[16:51:59] SELECT * FROM (`est_client`) WHERE `cle_id` =  '5'
[16:51:59] SELECT `con_mobile`, `con_name` FROM (`est_contact`) WHERE `cle_id` =  '5' ORDER BY `con_if_main` desc LIMIT 20
[16:51:59] SELECT `id`, `name`, `fields`, `field_type`, `if_custom`, `field_list_width`, `data_type`, `if_require`, `default`, `jl_series`, `jl_field_type`, `datefmt` FROM (`est_fields`) WHERE `field_type` =  0 AND `state` =  1 ORDER BY `id` ASC
[16:51:59] SELECT * FROM (`est_fields_detail`) WHERE `parent_id` =  '26' ORDER BY `sorts` ASC
[16:51:59] SELECT `id`, `name`, `fields_id`, `type` FROM (`est_fields_jl`) WHERE `parent_id` IN (0)  AND `fields_id` IN ('25') 
[16:51:59] SELECT * FROM (`est_dictionary_detail`) WHERE `parent_id` =  1 ORDER BY `sorts` ASC
[16:51:59] SELECT `region_id`, `region_name` FROM (`est_region`) WHERE `region_type` =  1 AND `parent_id` =  1
[16:51:59] SELECT * FROM (`est_dictionary_detail`) WHERE `parent_id` =  6 ORDER BY `sorts` ASC
[16:51:59] SELECT * FROM (`est_dictionary_detail`) WHERE `parent_id` =  2 ORDER BY `sorts` ASC
[16:51:59] SELECT * FROM (`est_client`) WHERE `cle_id` =  '5'
[16:51:59] SELECT * FROM (`est_dictionary_detail`) WHERE `parent_id` =  4 ORDER BY `sorts` ASC
[16:51:59] SELECT `id`, `name`, `fields`, `field_type`, `if_custom`, `field_list_width`, `data_type`, `if_require`, `default`, `jl_series`, `jl_field_type`, `datefmt` FROM (`est_fields`) WHERE `field_type` =  4 AND `state` =  1 ORDER BY `id` ASC
[16:51:59] SELECT `user_id`, `user_name`, `user_num` FROM (`est_users`) WHERE `user_id` > 0 LIMIT 20
[16:51:59] SELECT `contact_list_display` AS list_display FROM (`est_users`) WHERE `user_id` =  '1' LIMIT 1
[16:51:59] SELECT `id`, `name`, `fields`, `state`, `field_type`, `data_type`, `if_require`, `default`, `jl_series`, `jl_field_type`, `datefmt` FROM (`est_fields`) WHERE `field_type` =  1 AND `state` =  1 AND `if_custom` =  '1' ORDER BY `custom_poz` ASC
[16:51:59] SELECT count(*) as total FROM (`est_contact`) WHERE `cle_id` = '5'
[16:52:08] SELECT `service_list_display` AS list_display FROM (`est_users`) WHERE `user_id` =  '1' LIMIT 1
[16:52:08] SELECT `service_list_display` AS list_display FROM (`est_users`) WHERE `user_id` =  '1' LIMIT 1
[16:52:08] SELECT `id`, `name`, `fields`, `state`, `field_type`, `data_type`, `if_require`, `default`, `jl_series`, `jl_field_type`, `datefmt` FROM (`est_fields`) WHERE `field_type` =  4 AND `state` =  1 AND `if_custom` =  '1' ORDER BY `custom_poz` ASC
[16:52:08] SELECT count(*) as total FROM (`est_service`) WHERE `cle_id` = '5' AND dept_id IN (1,2,3,4,5,6,7,8,9,10)
[16:56:40] SELECT `client_list_display` AS list_display FROM (`est_users`) WHERE `user_id` =  '1' LIMIT 1
[16:56:41] SELECT `client_list_display` AS list_display FROM (`est_users`) WHERE `user_id` =  '1' LIMIT 1
[16:56:41] SELECT `cle_name`, `cle_phone`, `cle_stat`, `dept_id`, `user_id`, `cle_info_source`, `cle_address`, `con_rec_next_time`, `est_client`.`cle_id`, `cle_public_type` FROM (`est_client`) WHERE `dept_id` IN (1,2,3,4,5,6,7,8,9,10) ORDER BY `cle_id` desc LIMIT 10
[16:56:44] SELECT * FROM (`est_client`) WHERE `cle_id` =  '4'
[16:56:44] SELECT * FROM (`est_client`) WHERE `cle_id` =  '4'
[16:56:44] SELECT `con_mobile`, `con_name` FROM (`est_contact`) WHERE `cle_id` =  '4' ORDER BY `con_if_main` desc LIMIT 20
[16:56:44] SELECT `id`, `name`, `fields_id`, `type` FROM (`est_fields_jl`) WHERE `parent_id` IN (0)  AND `fields_id` IN ('25') 
[16:56:44] SELECT * FROM (`est_dictionary_detail`) WHERE `parent_id` =  1 ORDER BY `sorts` ASC
[16:56:44] SELECT `region_id`, `region_name` FROM (`est_region`) WHERE `region_type` =  1 AND `parent_id` =  1
[16:56:45] SELECT * FROM (`est_client`) WHERE `cle_id` =  '4'
[16:56:45] SELECT `user_id`, `user_name`, `user_num` FROM (`est_users`) WHERE `user_id` > 0 LIMIT 20
[16:56:45] SELECT `contact_list_display` AS list_display FROM (`est_users`) WHERE `user_id` =  '1' LIMIT 1
[16:56:45] SELECT `id`, `name`, `fields`, `state`, `field_type`, `data_type`, `if_require`, `default`, `jl_series`, `jl_field_type`, `datefmt` FROM (`est_fields`) WHERE `field_type` =  1 AND `state` =  1 AND `if_custom` =  '1' ORDER BY `custom_poz` ASC
[16:56:45] SELECT count(*) as total FROM (`est_contact`) WHERE `cle_id` = '4'
[16:58:19] SELECT `client_list_display` AS list_display FROM (`est_users`) WHERE `user_id` =  '1' LIMIT 1
[16:58:19] SELECT `client_list_display` AS list_display FROM (`est_users`) WHERE `user_id` =  '1' LIMIT 1
[16:58:19] SELECT `cle_name`, `cle_phone`, `cle_stat`, `dept_id`, `user_id`, `cle_info_source`, `cle_address`, `con_rec_next_time`, `est_client`.`cle_id`, `cle_public_type` FROM (`est_client`) WHERE `user_id` = '1' AND dept_id IN (1,2,3,4,5,6,7,8,9,10) ORDER BY `cle_id` desc LIMIT 10
[16:58:21] SELECT `client_list_display` AS list_display FROM (`est_users`) WHERE `user_id` =  '1' LIMIT 1
[16:58:21] SELECT `client_list_display` AS list_display FROM (`est_users`) WHERE `user_id` =  '1' LIMIT 1
[16:58:21] SELECT `cle_name`, `cle_phone`, `cle_stat`, `dept_id`, `user_id`, `cle_info_source`, `cle_address`, `con_rec_next_time`, `est_client`.`cle_id`, `cle_public_type` FROM (`est_client`) WHERE `dept_id` IN (1,2,3,4,5,6,7,8,9,10) ORDER BY `cle_id` desc LIMIT 10
[16:58:25] SELECT * FROM (`est_client`) WHERE `cle_id` =  '5'
[16:58:25] SELECT * FROM (`est_client`) WHERE `cle_id` =  '5'
[16:58:25] SELECT `con_mobile`, `con_name` FROM (`est_contact`) WHERE `cle_id` =  '5' ORDER BY `con_if_main` desc LIMIT 20
[16:58:25] SELECT `id`, `name`, `fields_id`, `type` FROM (`est_fields_jl`) WHERE `parent_id` IN (0)  AND `fields_id` IN ('25') 
[16:58:25] SELECT * FROM (`est_dictionary_detail`) WHERE `parent_id` =  1 ORDER BY `sorts` ASC
[16:58:25] SELECT `region_id`, `region_name` FROM (`est_region`) WHERE `region_type` =  1 AND `parent_id` =  1
[16:58:25] SELECT * FROM (`est_client`) WHERE `cle_id` =  '5'
[16:58:25] SELECT `user_id`, `user_name`, `user_num` FROM (`est_users`) WHERE `user_id` > 0 LIMIT 20
[16:58:25] SELECT `contact_list_display` AS list_display FROM (`est_users`) WHERE `user_id` =  '1' LIMIT 1
[16:58:25] SELECT `id`, `name`, `fields`, `state`, `field_type`, `data_type`, `if_require`, `default`, `jl_series`, `jl_field_type`, `datefmt` FROM (`est_fields`) WHERE `field_type` =  1 AND `state` =  1 AND `if_custom` =  '1' ORDER BY `custom_poz` ASC
[16:58:25] SELECT count(*) as total FROM (`est_contact`) WHERE `cle_id` = '5'
[16:59:28] SELECT `id`, `name`, `fields`, `state` FROM (`est_fields`) WHERE `field_type` =  0 AND `if_custom` =  0 ORDER BY `id` ASC
[16:59:33] SELECT `id`, `name`, `fields`, `state`, `field_type`, `data_type`, `if_require`, `default`, `jl_series`, `jl_field_type`, `datefmt` FROM (`est_fields`) WHERE `field_type` =  0 AND `if_custom` =  '1' ORDER BY `custom_poz` ASC
[16:59:36] SELECT `id`, `name`, `fields`, `state` FROM (`est_fields`) WHERE `field_type` =  1 AND `if_custom` =  0 ORDER BY `id` ASC
[16:59:38] SELECT `id`, `name`, `fields`, `state`, `field_type`, `data_type`, `if_require`, `default`, `jl_series`, `jl_field_type`, `datefmt` FROM (`est_fields`) WHERE `field_type` =  1 AND `if_custom` =  '1' ORDER BY `custom_poz` ASC
[16:59:40] SELECT `id`, `name`, `fields`, `state` FROM (`est_fields`) WHERE `field_type` =  4 AND `if_custom` =  0 ORDER BY `id` ASC
[16:59:44] SELECT `id`, `name`, `fields`, `state`, `field_type`, `data_type`, `if_require`, `default`, `jl_series`, `jl_field_type`, `datefmt` FROM (`est_fields`) WHERE `field_type` =  4 AND `if_custom` =  '1' ORDER BY `custom_poz` ASC
[16:59:56] SELECT * FROM (`est_dictionary`) WHERE `id` =  '2'
[16:59:56] SELECT `cle_stage`, `cle_type` FROM (`est_client_type`)
[17:00:13] SELECT `client_list_display` AS list_display FROM (`est_users`) WHERE `user_id` =  '1' LIMIT 1
[17:00:13] SELECT `client_list_display` AS list_display FROM (`est_users`) WHERE `user_id` =  '1' LIMIT 1
[17:00:13] SELECT `cle_name`, `cle_phone`, `cle_stat`, `dept_id`, `user_id`, `cle_info_source`, `cle_address`, `con_rec_next_time`, `est_client`.`cle_id`, `cle_public_type` FROM (`est_client`) WHERE `dept_id` IN (1,2,3,4,5,6,7,8,9,10) ORDER BY `cle_id` desc LIMIT 10
[17:00:15] SELECT * FROM (`est_client`) WHERE `cle_id` =  '5'
[17:00:15] SELECT * FROM (`est_client`) WHERE `cle_id` =  '5'
[17:00:15] SELECT `con_mobile`, `con_name` FROM (`est_contact`) WHERE `cle_id` =  '5' ORDER BY `con_if_main` desc LIMIT 20
[17:00:15] SELECT `id`, `name`, `fields_id`, `type` FROM (`est_fields_jl`) WHERE `parent_id` IN (0)  AND `fields_id` IN ('25') 
[17:00:15] SELECT * FROM (`est_dictionary_detail`) WHERE `parent_id` =  1 ORDER BY `sorts` ASC
[17:00:15] SELECT `region_id`, `region_name` FROM (`est_region`) WHERE `region_type` =  1 AND `parent_id` =  1
[17:00:15] SELECT * FROM (`est_client`) WHERE `cle_id` =  '5'
[17:00:15] SELECT `user_id`, `user_name`, `user_num` FROM (`est_users`) WHERE `user_id` > 0 LIMIT 20
[17:00:16] SELECT `contact_list_display` AS list_display FROM (`est_users`) WHERE `user_id` =  '1' LIMIT 1
[17:00:16] SELECT `id`, `name`, `fields`, `state`, `field_type`, `data_type`, `if_require`, `default`, `jl_series`, `jl_field_type`, `datefmt` FROM (`est_fields`) WHERE `field_type` =  1 AND `state` =  1 AND `if_custom` =  '1' ORDER BY `custom_poz` ASC
[17:00:16] SELECT count(*) as total FROM (`est_contact`) WHERE `cle_id` = '5'
[17:00:27] SELECT `cle_stage`, `cle_type` FROM (`est_client_type`)
[17:00:41] SELECT * FROM (`est_dictionary_detail`) WHERE `parent_id` =  '2'
[17:00:41] UPDATE `est_dictionary_detail` SET `sorts` = CASE  WHEN `id` = 6 THEN 0 WHEN `id` = 7 THEN 1 ELSE `sorts` END WHERE `id` IN (6,7)
[17:00:41] INSERT INTO `est_dictionary_detail` (`name`, `parent_id`, `sorts`) VALUES ('购买中','2',2)
[17:00:41] SELECT * FROM (`est_dictionary_detail`) WHERE `name` IN ('购买中') 
[17:00:41] ALTER TABLE est_statistics_stage ADD COLUMN cle_stage_11  int NULL DEFAULT 0
[17:00:41] INSERT INTO `est_client_log` (`cle_id`, `contents`, `log_time`, `user_ip`, `user_name`) VALUES (0,'数据字典|配置 客户阶段 数据类型','2015-08-10 17:00:41','123.116.182.71','8001')
[17:00:41] DELETE FROM `est_client_type`
[17:00:41] INSERT INTO `est_client_type` (`cle_stage`, `cle_type`) VALUES ('有意向','1'), ('准备购买','1'), ('购买中','1')
[17:00:43] SELECT * FROM (`est_dictionary_detail`) WHERE `parent_id` =  '2' ORDER BY `sorts` ASC
[17:00:43] SELECT `cle_stage`, `cle_type` FROM (`est_client_type`)
[17:00:45] SELECT * FROM (`est_dictionary`) WHERE `id` =  '6'
[17:01:05] SELECT * FROM (`est_dictionary_detail`) WHERE `parent_id` =  '1' ORDER BY `sorts` ASC
[17:01:05] SELECT * FROM (`est_dictionary`) WHERE `id` =  '1'
[17:01:07] SELECT * FROM (`est_dictionary`) WHERE `id` =  '4'
[17:01:20] SELECT `client_list_display` AS list_display FROM (`est_users`) WHERE `user_id` =  '1' LIMIT 1
[17:01:20] SELECT `client_list_display` AS list_display FROM (`est_users`) WHERE `user_id` =  '1' LIMIT 1
[17:01:20] SELECT `cle_name`, `cle_phone`, `cle_stat`, `dept_id`, `user_id`, `cle_info_source`, `cle_address`, `con_rec_next_time`, `est_client`.`cle_id`, `cle_public_type` FROM (`est_client`) WHERE `dept_id` IN (1,2,3,4,5,6,7,8,9,10) ORDER BY `cle_id` desc LIMIT 10
[17:01:22] SELECT * FROM (`est_client`) WHERE `cle_id` =  '5'
[17:01:22] SELECT * FROM (`est_client`) WHERE `cle_id` =  '5'
[17:01:22] SELECT `con_mobile`, `con_name` FROM (`est_contact`) WHERE `cle_id` =  '5' ORDER BY `con_if_main` desc LIMIT 20
[17:01:22] SELECT `id`, `name`, `fields_id`, `type` FROM (`est_fields_jl`) WHERE `parent_id` IN (0)  AND `fields_id` IN ('25') 
[17:01:22] SELECT * FROM (`est_dictionary_detail`) WHERE `parent_id` =  1 ORDER BY `sorts` ASC
[17:01:22] SELECT `region_id`, `region_name` FROM (`est_region`) WHERE `region_type` =  1 AND `parent_id` =  1
[17:01:22] SELECT * FROM (`est_client`) WHERE `cle_id` =  '5'
[17:01:22] SELECT `user_id`, `user_name`, `user_num` FROM (`est_users`) WHERE `user_id` > 0 LIMIT 20
[17:01:22] SELECT `contact_list_display` AS list_display FROM (`est_users`) WHERE `user_id` =  '1' LIMIT 1
[17:01:22] SELECT `id`, `name`, `fields`, `state`, `field_type`, `data_type`, `if_require`, `default`, `jl_series`, `jl_field_type`, `datefmt` FROM (`est_fields`) WHERE `field_type` =  1 AND `state` =  1 AND `if_custom` =  '1' ORDER BY `custom_poz` ASC
[17:01:22] SELECT count(*) as total FROM (`est_contact`) WHERE `cle_id` = '5'
[17:01:26] SELECT `service_list_display` AS list_display FROM (`est_users`) WHERE `user_id` =  '1' LIMIT 1
[17:01:26] SELECT `service_list_display` AS list_display FROM (`est_users`) WHERE `user_id` =  '1' LIMIT 1
[17:01:26] SELECT `id`, `name`, `fields`, `state`, `field_type`, `data_type`, `if_require`, `default`, `jl_series`, `jl_field_type`, `datefmt` FROM (`est_fields`) WHERE `field_type` =  4 AND `state` =  1 AND `if_custom` =  '1' ORDER BY `custom_poz` ASC
[17:01:26] SELECT count(*) as total FROM (`est_service`) WHERE `cle_id` = '5' AND dept_id IN (1,2,3,4,5,6,7,8,9,10)
[17:02:19] SELECT `user_id`, `user_num`, `user_password`, `user_name`, `user_phone`, `user_ol_model`, `role_id`, `role_name`, `role_type`, `dept_id`, `dept_name`, `user_tel_server`, `user_cti_server`, `user_channel`, `user_sms_phone`, `user_if_tip`, `user_remark`, `user_last_login`, `user_phone_type`, `user_last_ip`, `user_outcaller_type`, `user_outcaller_num`, `user_notebook`, `user_login_state`, `user_workbench_layout`, `user_display_dialpanel`, `user_outcall_popup`, `user_to_selfphone` FROM (`est_users`) WHERE `user_id` =  '1'
[17:14:23] SELECT `user_id`, `user_num`, `user_password`, `user_name`, `user_phone`, `user_ol_model`, `role_id`, `role_name`, `role_type`, `dept_id`, `dept_name`, `user_tel_server`, `user_cti_server`, `user_channel`, `user_sms_phone`, `user_if_tip`, `user_remark`, `user_last_login`, `user_phone_type`, `user_last_ip`, `user_outcaller_type`, `user_outcaller_num`, `user_notebook`, `user_login_state`, `user_workbench_layout`, `user_display_dialpanel`, `user_outcall_popup`, `user_to_selfphone` FROM (`est_users`) WHERE `user_id` =  '1'
[17:14:36] SELECT `client_list_display` AS list_display FROM (`est_users`) WHERE `user_id` =  '1' LIMIT 1
[17:14:36] SELECT * FROM (`est_config`) LIMIT 1
[17:14:36] SELECT `id`, `name`, `fields`, `field_type`, `if_custom`, `field_list_width`, `data_type`, `if_require`, `default`, `jl_series`, `jl_field_type`, `datefmt` FROM (`est_fields`) WHERE `field_type` IN (0, 1)  AND `state` =  1 ORDER BY `id` ASC
[17:14:36] SELECT `id`, `name`, `fields`, `state` FROM (`est_fields`) WHERE `field_type` =  0 AND `state` =  1 AND `if_custom` =  0 ORDER BY `id` ASC
[17:14:37] SELECT `client_list_display` AS list_display FROM (`est_users`) WHERE `user_id` =  '1' LIMIT 1
[17:14:37] SELECT `dept_id`, `dept_pid`, `dept_name`, `dept_deep` FROM (`est_department`) ORDER BY `dept_id`
[17:14:37] SELECT `id`, `name`, `fields`, `field_type`, `if_custom`, `field_list_width`, `data_type`, `if_require`, `default`, `jl_series`, `jl_field_type`, `datefmt` FROM (`est_fields`) WHERE `field_type` =  1 AND `state` =  1 ORDER BY `id` ASC
[17:14:37] SELECT `id`, `name`, `fields`, `state`, `field_type`, `data_type`, `if_require`, `default`, `jl_series`, `jl_field_type`, `datefmt` FROM (`est_fields`) WHERE `field_type` =  0 AND `state` =  1 AND `if_custom` =  '1' ORDER BY `custom_poz` ASC
[17:14:37] SELECT `cle_name`, `cle_phone`, `cle_stat`, `dept_id`, `user_id`, `cle_info_source`, `cle_address`, `con_rec_next_time`, `est_client`.`cle_id`, `cle_public_type` FROM (`est_client`) WHERE `user_id` = '1' AND dept_id IN (1,2,3,4,5,6,7,8,9,10) ORDER BY `cle_id` desc LIMIT 10
[17:14:37] SELECT `user_id`, `user_name`, `user_num`, `dept_id`, `dept_name` FROM (`est_users`) WHERE `dept_id` IN (1,2,3,4,5,6,7,8,9,10)
[17:14:37] SELECT `dept_id`, `dept_name` FROM (`est_department`)
[17:14:39] SELECT * FROM (`est_client`) WHERE `cle_id` =  '5'
[17:14:39] SELECT * FROM (`est_department`) WHERE `dept_id` =  '1' LIMIT 1
[17:14:39] SELECT * FROM (`est_client`) WHERE `cle_id` =  '5'
[17:14:39] SELECT `con_mobile`, `con_name` FROM (`est_contact`) WHERE `cle_id` =  '5' ORDER BY `con_if_main` desc LIMIT 20
[17:14:39] SELECT `id`, `name`, `fields`, `field_type`, `if_custom`, `field_list_width`, `data_type`, `if_require`, `default`, `jl_series`, `jl_field_type`, `datefmt` FROM (`est_fields`) WHERE `field_type` =  0 AND `state` =  1 ORDER BY `id` ASC
[17:14:39] SELECT * FROM (`est_fields_detail`) WHERE `parent_id` =  '26' ORDER BY `sorts` ASC
[17:14:39] SELECT `id`, `name`, `fields_id`, `type` FROM (`est_fields_jl`) WHERE `parent_id` IN (0)  AND `fields_id` IN ('25') 
[17:14:39] SELECT * FROM (`est_dictionary_detail`) WHERE `parent_id` =  1 ORDER BY `sorts` ASC
[17:14:39] SELECT `region_id`, `region_name` FROM (`est_region`) WHERE `region_type` =  1 AND `parent_id` =  1
[17:14:39] SELECT * FROM (`est_dictionary_detail`) WHERE `parent_id` =  6 ORDER BY `sorts` ASC
[17:14:39] SELECT * FROM (`est_dictionary_detail`) WHERE `parent_id` =  2 ORDER BY `sorts` ASC
[17:14:39] SELECT * FROM (`est_client`) WHERE `cle_id` =  '5'
[17:14:39] SELECT * FROM (`est_dictionary_detail`) WHERE `parent_id` =  4 ORDER BY `sorts` ASC
[17:14:39] SELECT `id`, `name`, `fields`, `field_type`, `if_custom`, `field_list_width`, `data_type`, `if_require`, `default`, `jl_series`, `jl_field_type`, `datefmt` FROM (`est_fields`) WHERE `field_type` =  4 AND `state` =  1 ORDER BY `id` ASC
[17:14:39] SELECT `user_id`, `user_name`, `user_num` FROM (`est_users`) WHERE `user_id` > 0 LIMIT 20
[17:14:39] SELECT `contact_list_display` AS list_display FROM (`est_users`) WHERE `user_id` =  '1' LIMIT 1
[17:14:39] SELECT `id`, `name`, `fields`, `state`, `field_type`, `data_type`, `if_require`, `default`, `jl_series`, `jl_field_type`, `datefmt` FROM (`est_fields`) WHERE `field_type` =  1 AND `state` =  1 AND `if_custom` =  '1' ORDER BY `custom_poz` ASC
[17:14:39] SELECT count(*) as total FROM (`est_contact`) WHERE `cle_id` = '5'
[17:15:35] SELECT * FROM (`est_client`) WHERE `cle_id` =  '5'
[17:15:35] UPDATE `est_client` SET `cle_stage` = '有意向', `cle_last_stage` = '', `cle_recede` = 0, `cle_if_increment` = 0, `cle_stage_change_time` = '2015-08-10', `cle_stat` = '呼通', `cle_update_time` = '2015-08-10', `cle_update_user_id` = '1' WHERE `cle_id` =  '5'
[17:15:35] UPDATE est_client SET cle_if_increment = 1,cle_recede = 0 WHERE cle_id = 5
[17:15:35] SHOW COLUMNS FROM `est_statistics_stage`
[17:15:35] INSERT INTO est_statistics_stage(deal_date,user_id,dept_id,transformation,new_increment,cle_stage_6) VALUES('2015-08-10','1','1','1','1','1') ON DUPLICATE KEY UPDATE dept_id = 1 ,transformation = transformation+1, new_increment = new_increment+1,cle_stage_6 = cle_stage_6+1
[17:15:35] INSERT INTO `est_client_log` (`cle_id`, `contents`, `log_time`, `user_ip`, `user_name`) VALUES ('5','编辑客户|客户阶段:有意向|号码状态:呼通','2015-08-10 17:15:35','123.116.182.71','8001')
[17:15:36] SELECT * FROM (`est_client`) WHERE `cle_id` =  '3'
[17:15:36] SELECT * FROM (`est_client`) WHERE `cle_id` =  '3'
[17:15:36] SELECT `con_mobile`, `con_name` FROM (`est_contact`) WHERE `cle_id` =  '3' ORDER BY `con_if_main` desc LIMIT 20
[17:15:36] SELECT `id`, `name`, `fields_id`, `type` FROM (`est_fields_jl`) WHERE `parent_id` IN (0)  AND `fields_id` IN ('25') 
[17:15:36] SELECT * FROM (`est_dictionary_detail`) WHERE `parent_id` =  1 ORDER BY `sorts` ASC
[17:15:36] SELECT `region_id`, `region_name` FROM (`est_region`) WHERE `region_type` =  1 AND `parent_id` =  1
[17:15:36] SELECT * FROM (`est_client`) WHERE `cle_id` =  '3'
[17:15:36] SELECT `user_id`, `user_name`, `user_num` FROM (`est_users`) WHERE `user_id` > 0 LIMIT 20
[17:15:36] SELECT `contact_list_display` AS list_display FROM (`est_users`) WHERE `user_id` =  '1' LIMIT 1
[17:15:36] SELECT `id`, `name`, `fields`, `state`, `field_type`, `data_type`, `if_require`, `default`, `jl_series`, `jl_field_type`, `datefmt` FROM (`est_fields`) WHERE `field_type` =  1 AND `state` =  1 AND `if_custom` =  '1' ORDER BY `custom_poz` ASC
[17:15:36] SELECT count(*) as total FROM (`est_contact`) WHERE `cle_id` = '3'
[17:15:55] SELECT `service_list_display` AS list_display FROM (`est_users`) WHERE `user_id` =  '1' LIMIT 1
[17:15:55] SELECT `service_list_display` AS list_display FROM (`est_users`) WHERE `user_id` =  '1' LIMIT 1
[17:15:55] SELECT `id`, `name`, `fields`, `state`, `field_type`, `data_type`, `if_require`, `default`, `jl_series`, `jl_field_type`, `datefmt` FROM (`est_fields`) WHERE `field_type` =  4 AND `state` =  1 AND `if_custom` =  '1' ORDER BY `custom_poz` ASC
[17:15:55] SELECT count(*) as total FROM (`est_service`) WHERE `cle_id` = '3' AND dept_id IN (1,2,3,4,5,6,7,8,9,10)
[17:16:00] SELECT count(*) as total FROM (`est_contact_record`) WHERE `cle_id` = 3
[17:16:00] SELECT * FROM (`est_contact_record`) WHERE `cle_id` = 3 ORDER BY `con_rec_time` desc LIMIT 10
[17:16:00] SELECT `contact_list_display` AS list_display FROM (`est_users`) WHERE `user_id` =  '1' LIMIT 1
[17:16:00] SELECT `contact_list_display` AS list_display FROM (`est_users`) WHERE `user_id` =  '1' LIMIT 1
[17:16:00] SELECT `id`, `name`, `fields`, `state`, `field_type`, `data_type`, `if_require`, `default`, `jl_series`, `jl_field_type`, `datefmt` FROM (`est_fields`) WHERE `field_type` =  1 AND `state` =  1 AND `if_custom` =  '1' ORDER BY `custom_poz` ASC
[17:16:00] SELECT count(*) as total FROM (`est_contact`) WHERE `cle_id` = '3'
[17:16:01] SELECT count(*) as total FROM (`est_file`) WHERE `cle_id` = '3'
[17:16:01] SELECT * FROM (`est_file`) WHERE `cle_id` = '3' ORDER BY `file_upload_time` DESC LIMIT 5
[17:16:01] SELECT * FROM (`est_client`) WHERE `cle_id` =  '3'
[17:16:01] SELECT `id`, `log_time`, `user_name`, `user_ip`, `cle_id`, `contents` FROM (`est_client_log`) WHERE `cle_id` =  '3' ORDER BY `id` desc
