[22:53:59] SELECT `user_id`, `user_num`, `user_password`, `user_name`, `user_phone`, `user_ol_model`, `role_id`, `role_name`, `role_type`, `dept_id`, `dept_name`, `user_tel_server`, `user_cti_server`, `user_channel`, `user_sms_phone`, `user_if_tip`, `user_remark`, `user_last_login`, `user_phone_type`, `user_last_ip`, `user_outcaller_type`, `user_outcaller_num`, `user_notebook`, `user_login_state`, `user_workbench_layout`, `user_display_dialpanel`, `user_outcall_popup`, `user_to_selfphone` FROM (`est_users`) WHERE `user_id` =  '1'
[22:53:59] SELECT * FROM (`est_role`) WHERE `role_id` =  '1'
[22:53:59] UPDATE `est_users` SET `user_last_login` = '2015-07-20 22:53:59', `user_last_ip` = '180.157.155.155' WHERE `user_id` =  '1'
[22:53:59] SELECT `que_id`, `que_name`, `que_type` FROM (`est_queue`)
[22:53:59] SELECT * FROM (`est_config`) LIMIT 1
[22:54:00] SELECT rmd_id,rmd_param_int,rmd_param_char,rmd_remark,rmd_time FROM est_remind WHERE rmd_deal = 0 AND user_id = 1  AND  rmd_time < '2015-07-20 00:00:00' limit 10
[22:54:00] SELECT rmd_id,rmd_param_int,rmd_param_char,rmd_remark,rmd_time FROM est_remind WHERE rmd_deal = 0 AND user_id = 1  AND  '2015-07-20 00:00:00' <= rmd_time AND rmd_time <= '2015-07-20 23:59:59' limit 10
[22:54:00] SELECT rmd_id,rmd_param_int,rmd_param_char,rmd_remark,rmd_time FROM est_remind WHERE rmd_deal = 0 AND user_id = 1  AND  '2015-07-20 23:59:59' < rmd_time AND rmd_time <= '2015-07-27 23:59:59' limit 10
[22:54:00] SELECT msg_id,msg_send_user_id,msg_receive_user_id,msg_send_user_name,msg_receive_user_name,msg_content,msg_content_text ,msg_insert_time FROM est_message WHERE msg_show_time <= 1437404070 AND msg_if_readed = 0 AND msg_receive_user_id = 1 LIMIT 10
[22:54:00] SELECT COUNT(*) AS `numrows` FROM (`est_message`) WHERE `msg_show_time` <= 1437404070 AND `msg_if_readed` =  '0' AND `msg_receive_user_id` =  '1'
[22:54:00] SELECT * FROM (`est_department`) WHERE `dept_id` =  '1' LIMIT 1
[22:54:00] SELECT `dept_id`, `dept_pid`, `dept_deep` FROM (`est_department`) WHERE `dept_deep` <= '1'
[22:54:00] SELECT * FROM (`est_anns`) WHERE (create_user_id = '1' OR dept_id IN (1) ) ORDER BY `creat_time` desc LIMIT 10
[22:54:00] SELECT `dept_id`, `dept_pid`, `dept_name`, `dept_deep` FROM (`est_department`) ORDER BY `dept_id`
[22:54:00] SELECT `user_id`, `user_name`, `user_num`, `dept_id`, `dept_name` FROM (`est_users`) WHERE `dept_id` IN (1)
[22:54:00] SELECT user_id,dept_id,deal_date,conn_num,conn_success,transformation,new_increment FROM est_statistics_stage WHERE deal_date='2015-07-20' AND dept_id IN (1) LIMIT 10
[22:54:00] SELECT `id`, `name`, `fields`, `field_type`, `if_custom`, `field_list_width`, `data_type`, `if_require`, `default`, `jl_series`, `jl_field_type`, `datefmt` FROM (`est_fields`) WHERE `field_type` =  1 AND `state` =  1 ORDER BY `id` ASC
[22:54:00] SELECT `id`, `name`, `fields`, `state`, `field_type`, `data_type`, `if_require`, `default`, `jl_series`, `jl_field_type`, `datefmt` FROM (`est_fields`) WHERE `field_type` =  0 AND `state` =  1 AND `if_custom` =  '1' ORDER BY `custom_poz` ASC
[22:54:00] SELECT `cle_id`, `cle_name`, `cle_stat`, `cle_stage`, `cle_last_connecttime`, `cle_public_type` FROM (`est_client`) WHERE `user_id` = '1' AND con_rec_next_time >= '2015-07-20' AND con_rec_next_time <= '2015-07-20' AND dept_id IN (1) ORDER BY `con_rec_next_time` desc LIMIT 10
[22:54:00] SELECT cus_phone FROM est_cdr WHERE start_time>='1437402240' AND result=0 AND conn_secs>0 AND cus_phone!=''
[22:54:00] SELECT id,start_time,caller,state,reason,cle_id FROM est_lost_cdr WHERE user_id='1' AND state=0 LIMIT 10
[22:54:01] SELECT rmd_id,rmd_param_int,rmd_param_char,rmd_remark,rmd_time FROM est_remind WHERE rmd_deal = 0 AND user_id = 1  AND  rmd_time < '2015-07-20 00:00:00' limit 10
[22:54:01] SELECT rmd_id,rmd_param_int,rmd_param_char,rmd_remark,rmd_time FROM est_remind WHERE rmd_deal = 0 AND user_id = 1  AND  '2015-07-20 00:00:00' <= rmd_time AND rmd_time <= '2015-07-20 23:59:59' limit 10
[22:54:01] SELECT rmd_id,rmd_param_int,rmd_param_char,rmd_remark,rmd_time FROM est_remind WHERE rmd_deal = 0 AND user_id = 1  AND  '2015-07-20 23:59:59' < rmd_time AND rmd_time <= '2015-07-27 23:59:59' limit 10
[22:54:01] SELECT msg_id,msg_send_user_id,msg_receive_user_id,msg_send_user_name,msg_receive_user_name,msg_content,msg_content_text ,msg_insert_time FROM est_message WHERE msg_show_time <= 1437404071 AND msg_if_readed = 0 AND msg_receive_user_id = 1 LIMIT 10
[22:54:01] SELECT COUNT(*) AS `numrows` FROM (`est_message`) WHERE `msg_show_time` <= 1437404071 AND `msg_if_readed` =  '0' AND `msg_receive_user_id` =  '1'
[22:54:01] SELECT * FROM (`est_anns`) WHERE (create_user_id = '1' OR dept_id IN (1) ) ORDER BY `creat_time` desc LIMIT 10
[22:54:01] SELECT user_id,dept_id,deal_date,conn_num,conn_success,transformation,new_increment FROM est_statistics_stage WHERE deal_date='2015-07-20' AND dept_id IN (1) LIMIT 10
[22:54:01] SELECT `id`, `name`, `fields`, `state`, `field_type`, `data_type`, `if_require`, `default`, `jl_series`, `jl_field_type`, `datefmt` FROM (`est_fields`) WHERE `field_type` =  0 AND `state` =  1 AND `if_custom` =  '1' ORDER BY `custom_poz` ASC
[22:54:01] SELECT `cle_id`, `cle_name`, `cle_stat`, `cle_stage`, `cle_last_connecttime`, `cle_public_type` FROM (`est_client`) WHERE `user_id` = '1' AND con_rec_next_time >= '2015-07-20' AND con_rec_next_time <= '2015-07-20' AND dept_id IN (1) ORDER BY `con_rec_next_time` desc LIMIT 10
[22:54:01] SELECT cus_phone FROM est_cdr WHERE start_time>='1437402241' AND result=0 AND conn_secs>0 AND cus_phone!=''
[22:54:01] SELECT id,start_time,caller,state,reason,cle_id FROM est_lost_cdr WHERE user_id='1' AND state=0 LIMIT 10
[22:54:01] SELECT rmd_id,rmd_param_int,rmd_param_char,rmd_remark,rmd_time FROM est_remind WHERE rmd_deal = 0 AND user_id = 1  AND  rmd_time < '2015-07-20 00:00:00' limit 10
[22:54:01] SELECT rmd_id,rmd_param_int,rmd_param_char,rmd_remark,rmd_time FROM est_remind WHERE rmd_deal = 0 AND user_id = 1  AND  '2015-07-20 00:00:00' <= rmd_time AND rmd_time <= '2015-07-20 23:59:59' limit 10
[22:54:01] SELECT rmd_id,rmd_param_int,rmd_param_char,rmd_remark,rmd_time FROM est_remind WHERE rmd_deal = 0 AND user_id = 1  AND  '2015-07-20 23:59:59' < rmd_time AND rmd_time <= '2015-07-27 23:59:59' limit 10
[22:54:01] SELECT msg_id,msg_send_user_id,msg_receive_user_id,msg_send_user_name,msg_receive_user_name,msg_content,msg_content_text ,msg_insert_time FROM est_message WHERE msg_show_time <= 1437404071 AND msg_if_readed = 0 AND msg_receive_user_id = 1 LIMIT 10
[22:54:01] SELECT COUNT(*) AS `numrows` FROM (`est_message`) WHERE `msg_show_time` <= 1437404071 AND `msg_if_readed` =  '0' AND `msg_receive_user_id` =  '1'
[22:54:01] SELECT * FROM (`est_anns`) WHERE (create_user_id = '1' OR dept_id IN (1) ) ORDER BY `creat_time` desc LIMIT 10
[22:54:01] SELECT rmd_id,rmd_param_int,rmd_param_char,rmd_remark,rmd_time FROM est_remind WHERE rmd_deal = 0 AND user_id = 1  AND  rmd_time < '2015-07-20 00:00:00' limit 10
[22:54:01] SELECT rmd_id,rmd_param_int,rmd_param_char,rmd_remark,rmd_time FROM est_remind WHERE rmd_deal = 0 AND user_id = 1  AND  '2015-07-20 00:00:00' <= rmd_time AND rmd_time <= '2015-07-20 23:59:59' limit 10
[22:54:01] SELECT rmd_id,rmd_param_int,rmd_param_char,rmd_remark,rmd_time FROM est_remind WHERE rmd_deal = 0 AND user_id = 1  AND  '2015-07-20 23:59:59' < rmd_time AND rmd_time <= '2015-07-27 23:59:59' limit 10
[22:54:01] SELECT user_id,dept_id,deal_date,conn_num,conn_success,transformation,new_increment FROM est_statistics_stage WHERE deal_date='2015-07-20' AND dept_id IN (1) LIMIT 10
[22:54:01] SELECT msg_id,msg_send_user_id,msg_receive_user_id,msg_send_user_name,msg_receive_user_name,msg_content,msg_content_text ,msg_insert_time FROM est_message WHERE msg_show_time <= 1437404071 AND msg_if_readed = 0 AND msg_receive_user_id = 1 LIMIT 10
[22:54:01] SELECT COUNT(*) AS `numrows` FROM (`est_message`) WHERE `msg_show_time` <= 1437404071 AND `msg_if_readed` =  '0' AND `msg_receive_user_id` =  '1'
[22:54:01] SELECT `id`, `name`, `fields`, `state`, `field_type`, `data_type`, `if_require`, `default`, `jl_series`, `jl_field_type`, `datefmt` FROM (`est_fields`) WHERE `field_type` =  0 AND `state` =  1 AND `if_custom` =  '1' ORDER BY `custom_poz` ASC
[22:54:01] SELECT * FROM (`est_anns`) WHERE (create_user_id = '1' OR dept_id IN (1) ) ORDER BY `creat_time` desc LIMIT 10
[22:54:01] SELECT `cle_id`, `cle_name`, `cle_stat`, `cle_stage`, `cle_last_connecttime`, `cle_public_type` FROM (`est_client`) WHERE `user_id` = '1' AND con_rec_next_time >= '2015-07-20' AND con_rec_next_time <= '2015-07-20' AND dept_id IN (1) ORDER BY `con_rec_next_time` desc LIMIT 10
[22:54:01] SELECT user_id,dept_id,deal_date,conn_num,conn_success,transformation,new_increment FROM est_statistics_stage WHERE deal_date='2015-07-20' AND dept_id IN (1) LIMIT 10
[22:54:01] SELECT cus_phone FROM est_cdr WHERE start_time>='1437402241' AND result=0 AND conn_secs>0 AND cus_phone!=''
[22:54:01] SELECT id,start_time,caller,state,reason,cle_id FROM est_lost_cdr WHERE user_id='1' AND state=0 LIMIT 10
[22:54:01] SELECT `id`, `name`, `fields`, `state`, `field_type`, `data_type`, `if_require`, `default`, `jl_series`, `jl_field_type`, `datefmt` FROM (`est_fields`) WHERE `field_type` =  0 AND `state` =  1 AND `if_custom` =  '1' ORDER BY `custom_poz` ASC
[22:54:01] SELECT `cle_id`, `cle_name`, `cle_stat`, `cle_stage`, `cle_last_connecttime`, `cle_public_type` FROM (`est_client`) WHERE `user_id` = '1' AND con_rec_next_time >= '2015-07-20' AND con_rec_next_time <= '2015-07-20' AND dept_id IN (1) ORDER BY `con_rec_next_time` desc LIMIT 10
[22:54:01] SELECT cus_phone FROM est_cdr WHERE start_time>='1437402241' AND result=0 AND conn_secs>0 AND cus_phone!=''
[22:54:01] SELECT id,start_time,caller,state,reason,cle_id FROM est_lost_cdr WHERE user_id='1' AND state=0 LIMIT 10
[22:54:01] SELECT rmd_id,rmd_param_int,rmd_param_char,rmd_remark,rmd_time FROM est_remind WHERE rmd_deal = 0 AND user_id = 1  AND  rmd_time < '2015-07-20 00:00:00' limit 10
[22:54:01] SELECT rmd_id,rmd_param_int,rmd_param_char,rmd_remark,rmd_time FROM est_remind WHERE rmd_deal = 0 AND user_id = 1  AND  '2015-07-20 00:00:00' <= rmd_time AND rmd_time <= '2015-07-20 23:59:59' limit 10
[22:54:01] SELECT rmd_id,rmd_param_int,rmd_param_char,rmd_remark,rmd_time FROM est_remind WHERE rmd_deal = 0 AND user_id = 1  AND  '2015-07-20 23:59:59' < rmd_time AND rmd_time <= '2015-07-27 23:59:59' limit 10
[22:54:01] SELECT msg_id,msg_send_user_id,msg_receive_user_id,msg_send_user_name,msg_receive_user_name,msg_content,msg_content_text ,msg_insert_time FROM est_message WHERE msg_show_time <= 1437404071 AND msg_if_readed = 0 AND msg_receive_user_id = 1 LIMIT 10
[22:54:01] SELECT COUNT(*) AS `numrows` FROM (`est_message`) WHERE `msg_show_time` <= 1437404071 AND `msg_if_readed` =  '0' AND `msg_receive_user_id` =  '1'
[22:54:01] SELECT * FROM (`est_anns`) WHERE (create_user_id = '1' OR dept_id IN (1) ) ORDER BY `creat_time` desc LIMIT 10
[22:54:01] SELECT user_id,dept_id,deal_date,conn_num,conn_success,transformation,new_increment FROM est_statistics_stage WHERE deal_date='2015-07-20' AND dept_id IN (1) LIMIT 10
[22:54:01] SELECT `id`, `name`, `fields`, `state`, `field_type`, `data_type`, `if_require`, `default`, `jl_series`, `jl_field_type`, `datefmt` FROM (`est_fields`) WHERE `field_type` =  0 AND `state` =  1 AND `if_custom` =  '1' ORDER BY `custom_poz` ASC
[22:54:01] SELECT `cle_id`, `cle_name`, `cle_stat`, `cle_stage`, `cle_last_connecttime`, `cle_public_type` FROM (`est_client`) WHERE `user_id` = '1' AND con_rec_next_time >= '2015-07-20' AND con_rec_next_time <= '2015-07-20' AND dept_id IN (1) ORDER BY `con_rec_next_time` desc LIMIT 10
[22:54:01] SELECT cus_phone FROM est_cdr WHERE start_time>='1437402241' AND result=0 AND conn_secs>0 AND cus_phone!=''
[22:54:01] SELECT id,start_time,caller,state,reason,cle_id FROM est_lost_cdr WHERE user_id='1' AND state=0 LIMIT 10
[22:55:28] SELECT count(*) as total FROM (`est_users`) WHERE `user_id` > 0
[22:55:28] SELECT * FROM (`est_users`) WHERE `user_id` > 0 ORDER BY `user_id` DESC LIMIT 10
[22:55:30] SELECT `role_id`, `role_name`, `role_type` FROM (`est_role`)
[22:55:41] UPDATE `est_users` SET `user_outcaller_type` = '1', `user_outcaller_num` = '01067197823' WHERE `user_id` =  '1'
[22:55:41] SELECT `user_id` FROM (`est_users`) WHERE `user_id` =  '1'
[22:55:41] SELECT count(*) as total FROM (`est_users`) WHERE `user_id` > 0
[22:55:41] SELECT * FROM (`est_users`) WHERE `user_id` > 0 ORDER BY `user_id` DESC LIMIT 10
[22:55:52] SELECT `user_id`, `user_num`, `user_password`, `user_name`, `user_phone`, `user_ol_model`, `role_id`, `role_name`, `role_type`, `dept_id`, `dept_name`, `user_tel_server`, `user_cti_server`, `user_channel`, `user_sms_phone`, `user_if_tip`, `user_remark`, `user_last_login`, `user_phone_type`, `user_last_ip`, `user_outcaller_type`, `user_outcaller_num`, `user_notebook`, `user_login_state`, `user_workbench_layout`, `user_display_dialpanel`, `user_outcall_popup`, `user_to_selfphone` FROM (`est_users`) WHERE `user_id` =  '1'
[22:55:52] UPDATE `est_users` SET `user_last_login` = '2015-07-20 22:55:52', `user_last_ip` = '180.157.155.155' WHERE `user_id` =  '1'
[22:55:53] SELECT rmd_id,rmd_param_int,rmd_param_char,rmd_remark,rmd_time FROM est_remind WHERE rmd_deal = 0 AND user_id = 1  AND  rmd_time < '2015-07-20 00:00:00' limit 10
[22:55:53] SELECT rmd_id,rmd_param_int,rmd_param_char,rmd_remark,rmd_time FROM est_remind WHERE rmd_deal = 0 AND user_id = 1  AND  '2015-07-20 00:00:00' <= rmd_time AND rmd_time <= '2015-07-20 23:59:59' limit 10
[22:55:53] SELECT rmd_id,rmd_param_int,rmd_param_char,rmd_remark,rmd_time FROM est_remind WHERE rmd_deal = 0 AND user_id = 1  AND  '2015-07-20 23:59:59' < rmd_time AND rmd_time <= '2015-07-27 23:59:59' limit 10
[22:55:53] SELECT msg_id,msg_send_user_id,msg_receive_user_id,msg_send_user_name,msg_receive_user_name,msg_content,msg_content_text ,msg_insert_time FROM est_message WHERE msg_show_time <= 1437404183 AND msg_if_readed = 0 AND msg_receive_user_id = 1 LIMIT 10
[22:55:53] SELECT COUNT(*) AS `numrows` FROM (`est_message`) WHERE `msg_show_time` <= 1437404183 AND `msg_if_readed` =  '0' AND `msg_receive_user_id` =  '1'
[22:55:53] SELECT * FROM (`est_anns`) WHERE (create_user_id = '1' OR dept_id IN (1) ) ORDER BY `creat_time` desc LIMIT 10
[22:55:53] SELECT user_id,dept_id,deal_date,conn_num,conn_success,transformation,new_increment FROM est_statistics_stage WHERE deal_date='2015-07-20' AND dept_id IN (1) LIMIT 10
[22:55:53] SELECT `id`, `name`, `fields`, `state`, `field_type`, `data_type`, `if_require`, `default`, `jl_series`, `jl_field_type`, `datefmt` FROM (`est_fields`) WHERE `field_type` =  0 AND `state` =  1 AND `if_custom` =  '1' ORDER BY `custom_poz` ASC
[22:55:53] SELECT `cle_id`, `cle_name`, `cle_stat`, `cle_stage`, `cle_last_connecttime`, `cle_public_type` FROM (`est_client`) WHERE `user_id` = '1' AND con_rec_next_time >= '2015-07-20' AND con_rec_next_time <= '2015-07-20' AND dept_id IN (1) ORDER BY `con_rec_next_time` desc LIMIT 10
[22:55:53] SELECT cus_phone FROM est_cdr WHERE start_time>='1437402353' AND result=0 AND conn_secs>0 AND cus_phone!=''
[22:55:53] SELECT id,start_time,caller,state,reason,cle_id FROM est_lost_cdr WHERE user_id='1' AND state=0 LIMIT 10
[22:55:53] SELECT rmd_id,rmd_param_int,rmd_param_char,rmd_remark,rmd_time FROM est_remind WHERE rmd_deal = 0 AND user_id = 1  AND  rmd_time < '2015-07-20 00:00:00' limit 10
[22:55:53] SELECT rmd_id,rmd_param_int,rmd_param_char,rmd_remark,rmd_time FROM est_remind WHERE rmd_deal = 0 AND user_id = 1  AND  '2015-07-20 00:00:00' <= rmd_time AND rmd_time <= '2015-07-20 23:59:59' limit 10
[22:55:53] SELECT rmd_id,rmd_param_int,rmd_param_char,rmd_remark,rmd_time FROM est_remind WHERE rmd_deal = 0 AND user_id = 1  AND  '2015-07-20 23:59:59' < rmd_time AND rmd_time <= '2015-07-27 23:59:59' limit 10
[22:55:53] SELECT msg_id,msg_send_user_id,msg_receive_user_id,msg_send_user_name,msg_receive_user_name,msg_content,msg_content_text ,msg_insert_time FROM est_message WHERE msg_show_time <= 1437404183 AND msg_if_readed = 0 AND msg_receive_user_id = 1 LIMIT 10
[22:55:53] SELECT COUNT(*) AS `numrows` FROM (`est_message`) WHERE `msg_show_time` <= 1437404183 AND `msg_if_readed` =  '0' AND `msg_receive_user_id` =  '1'
[22:55:53] SELECT * FROM (`est_anns`) WHERE (create_user_id = '1' OR dept_id IN (1) ) ORDER BY `creat_time` desc LIMIT 10
[22:55:53] SELECT user_id,dept_id,deal_date,conn_num,conn_success,transformation,new_increment FROM est_statistics_stage WHERE deal_date='2015-07-20' AND dept_id IN (1) LIMIT 10
[22:55:53] SELECT `id`, `name`, `fields`, `state`, `field_type`, `data_type`, `if_require`, `default`, `jl_series`, `jl_field_type`, `datefmt` FROM (`est_fields`) WHERE `field_type` =  0 AND `state` =  1 AND `if_custom` =  '1' ORDER BY `custom_poz` ASC
[22:55:53] SELECT `cle_id`, `cle_name`, `cle_stat`, `cle_stage`, `cle_last_connecttime`, `cle_public_type` FROM (`est_client`) WHERE `user_id` = '1' AND con_rec_next_time >= '2015-07-20' AND con_rec_next_time <= '2015-07-20' AND dept_id IN (1) ORDER BY `con_rec_next_time` desc LIMIT 10
[22:55:53] SELECT cus_phone FROM est_cdr WHERE start_time>='1437402353' AND result=0 AND conn_secs>0 AND cus_phone!=''
[22:55:53] SELECT id,start_time,caller,state,reason,cle_id FROM est_lost_cdr WHERE user_id='1' AND state=0 LIMIT 10
[22:55:53] SELECT rmd_id,rmd_param_int,rmd_param_char,rmd_remark,rmd_time FROM est_remind WHERE rmd_deal = 0 AND user_id = 1  AND  rmd_time < '2015-07-20 00:00:00' limit 10
[22:55:53] SELECT rmd_id,rmd_param_int,rmd_param_char,rmd_remark,rmd_time FROM est_remind WHERE rmd_deal = 0 AND user_id = 1  AND  '2015-07-20 00:00:00' <= rmd_time AND rmd_time <= '2015-07-20 23:59:59' limit 10
[22:55:53] SELECT rmd_id,rmd_param_int,rmd_param_char,rmd_remark,rmd_time FROM est_remind WHERE rmd_deal = 0 AND user_id = 1  AND  '2015-07-20 23:59:59' < rmd_time AND rmd_time <= '2015-07-27 23:59:59' limit 10
[22:55:53] SELECT msg_id,msg_send_user_id,msg_receive_user_id,msg_send_user_name,msg_receive_user_name,msg_content,msg_content_text ,msg_insert_time FROM est_message WHERE msg_show_time <= 1437404183 AND msg_if_readed = 0 AND msg_receive_user_id = 1 LIMIT 10
[22:55:53] SELECT COUNT(*) AS `numrows` FROM (`est_message`) WHERE `msg_show_time` <= 1437404183 AND `msg_if_readed` =  '0' AND `msg_receive_user_id` =  '1'
[22:55:53] SELECT * FROM (`est_anns`) WHERE (create_user_id = '1' OR dept_id IN (1) ) ORDER BY `creat_time` desc LIMIT 10
[22:55:53] SELECT user_id,dept_id,deal_date,conn_num,conn_success,transformation,new_increment FROM est_statistics_stage WHERE deal_date='2015-07-20' AND dept_id IN (1) LIMIT 10
[22:55:53] SELECT `id`, `name`, `fields`, `state`, `field_type`, `data_type`, `if_require`, `default`, `jl_series`, `jl_field_type`, `datefmt` FROM (`est_fields`) WHERE `field_type` =  0 AND `state` =  1 AND `if_custom` =  '1' ORDER BY `custom_poz` ASC
[22:55:53] SELECT `cle_id`, `cle_name`, `cle_stat`, `cle_stage`, `cle_last_connecttime`, `cle_public_type` FROM (`est_client`) WHERE `user_id` = '1' AND con_rec_next_time >= '2015-07-20' AND con_rec_next_time <= '2015-07-20' AND dept_id IN (1) ORDER BY `con_rec_next_time` desc LIMIT 10
[22:55:53] SELECT cus_phone FROM est_cdr WHERE start_time>='1437402353' AND result=0 AND conn_secs>0 AND cus_phone!=''
[22:55:53] SELECT id,start_time,caller,state,reason,cle_id FROM est_lost_cdr WHERE user_id='1' AND state=0 LIMIT 10
