[21:47:10] SELECT `user_id`, `user_num`, `user_password`, `user_name`, `user_phone`, `user_ol_model`, `role_id`, `role_name`, `role_type`, `dept_id`, `dept_name`, `user_tel_server`, `user_cti_server`, `user_channel`, `user_sms_phone`, `user_if_tip`, `user_remark`, `user_last_login`, `user_phone_type`, `user_last_ip`, `user_outcaller_type`, `user_outcaller_num`, `user_notebook`, `user_login_state`, `user_workbench_layout`, `user_display_dialpanel`, `user_outcall_popup`, `user_to_selfphone` FROM (`est_users`) WHERE `user_id` =  '35'
[21:47:10] SELECT count(*) as total FROM (`est_users`) WHERE `role_id` > '0'
[21:47:10] SELECT * FROM (`est_role`) WHERE `role_id` =  1
[21:47:10] SELECT count(*) as total FROM (`est_client`) WHERE `user_id` =  '35'
[21:47:10] UPDATE `est_statistics_stage` SET `dept_id` = 1 WHERE `user_id` =  '35' AND `dept_id` != 1
[21:47:10] SELECT order_id FROM est_order WHERE user_id=35 AND dept_id!=1
[21:47:10] UPDATE `est_service` SET `dept_id` = 1 WHERE `user_id` =  '35'
[21:47:10] UPDATE `est_users` SET `dept_id` = 1, `role_id` = 1, `role_name` = 'BOSS', `role_type` = '1' WHERE `user_id` =  '35'
[21:47:10] SELECT `user_id` FROM (`est_users`) WHERE `user_id` =  '35'
[21:47:10] UPDATE `est_users` SET `user_last_login` = '2015-08-16 21:47:10', `user_last_ip` = '114.242.250.174' WHERE `user_id` =  '35'
[21:47:11] SELECT `user_id`, `user_num`, `user_password`, `user_name`, `user_phone`, `user_ol_model`, `role_id`, `role_name`, `role_type`, `dept_id`, `dept_name`, `user_tel_server`, `user_cti_server`, `user_channel`, `user_sms_phone`, `user_if_tip`, `user_remark`, `user_last_login`, `user_phone_type`, `user_last_ip`, `user_outcaller_type`, `user_outcaller_num`, `user_notebook`, `user_login_state`, `user_workbench_layout`, `user_display_dialpanel`, `user_outcall_popup`, `user_to_selfphone` FROM (`est_users`) WHERE `user_id` =  '35'
[21:47:11] SELECT `que_id`, `que_name`, `que_type` FROM (`est_queue`)
[21:47:11] SELECT * FROM (`est_config`) LIMIT 1
[21:47:13] SELECT rmd_id,rmd_param_int,rmd_param_char,rmd_remark,rmd_time FROM est_remind WHERE rmd_deal = 0 AND user_id = 35  AND  rmd_time < '2015-08-16 00:00:00' limit 10
[21:47:13] SELECT rmd_id,rmd_param_int,rmd_param_char,rmd_remark,rmd_time FROM est_remind WHERE rmd_deal = 0 AND user_id = 35  AND  '2015-08-16 00:00:00' <= rmd_time AND rmd_time <= '2015-08-16 23:59:59' limit 10
[21:47:13] SELECT rmd_id,rmd_param_int,rmd_param_char,rmd_remark,rmd_time FROM est_remind WHERE rmd_deal = 0 AND user_id = 35  AND  '2015-08-16 23:59:59' < rmd_time AND rmd_time <= '2015-08-23 23:59:59' limit 10
[21:47:13] SELECT msg_id,msg_send_user_id,msg_receive_user_id,msg_send_user_name,msg_receive_user_name,msg_content,msg_content_text ,msg_insert_time FROM est_message WHERE msg_show_time <= 1439732863 AND msg_if_readed = 0 AND msg_receive_user_id = 35 LIMIT 10
[21:47:13] SELECT COUNT(*) AS `numrows` FROM (`est_message`) WHERE `msg_show_time` <= 1439732863 AND `msg_if_readed` =  '0' AND `msg_receive_user_id` =  '35'
[21:47:13] SELECT * FROM (`est_department`) WHERE `dept_id` =  1 LIMIT 1
[21:47:13] SELECT `dept_id`, `dept_pid`, `dept_deep` FROM (`est_department`) WHERE `dept_deep` <= '1'
[21:47:13] SELECT * FROM (`est_anns`) WHERE (create_user_id = '35' OR dept_id IN (1) ) ORDER BY `creat_time` desc LIMIT 10
[21:47:13] SELECT `dept_id`, `dept_pid`, `dept_name`, `dept_deep` FROM (`est_department`) ORDER BY `dept_id`
[21:47:13] SELECT `user_id`, `user_name`, `user_num`, `dept_id`, `dept_name` FROM (`est_users`) WHERE `dept_id` IN (1)
[21:47:13] SELECT user_id,dept_id,deal_date,conn_num,conn_success,transformation,new_increment FROM est_statistics_stage WHERE deal_date='2015-08-16' AND dept_id IN (1) LIMIT 10
[21:47:13] SELECT `id`, `name`, `fields`, `field_type`, `if_custom`, `field_list_width`, `data_type`, `if_require`, `default`, `jl_series`, `jl_field_type`, `datefmt` FROM (`est_fields`) WHERE `field_type` =  1 AND `state` =  1 ORDER BY `id` ASC
[21:47:13] SELECT `id`, `name`, `fields`, `state`, `field_type`, `data_type`, `if_require`, `default`, `jl_series`, `jl_field_type`, `datefmt` FROM (`est_fields`) WHERE `field_type` =  0 AND `state` =  1 AND `if_custom` =  '1' ORDER BY `custom_poz` ASC
[21:47:13] SELECT `cle_id`, `cle_name`, `cle_stat`, `cle_stage`, `cle_last_connecttime`, `cle_public_type` FROM (`est_client`) WHERE `user_id` = '35' AND con_rec_next_time >= '2015-08-16' AND con_rec_next_time <= '2015-08-16' AND dept_id IN (1) ORDER BY `con_rec_next_time` desc LIMIT 10
[21:47:13] SELECT cus_phone FROM est_cdr WHERE start_time>='1439731033' AND result=0 AND conn_secs>0 AND cus_phone!=''
[21:47:13] SELECT id,start_time,caller,state,reason,cle_id FROM est_lost_cdr WHERE user_id='35' AND state=0 LIMIT 10
[21:47:13] SELECT rmd_id,rmd_param_int,rmd_param_char,rmd_remark,rmd_time FROM est_remind WHERE rmd_deal = 0 AND user_id = 35  AND  rmd_time < '2015-08-16 00:00:00' limit 10
[21:47:13] SELECT rmd_id,rmd_param_int,rmd_param_char,rmd_remark,rmd_time FROM est_remind WHERE rmd_deal = 0 AND user_id = 35  AND  '2015-08-16 00:00:00' <= rmd_time AND rmd_time <= '2015-08-16 23:59:59' limit 10
[21:47:13] SELECT rmd_id,rmd_param_int,rmd_param_char,rmd_remark,rmd_time FROM est_remind WHERE rmd_deal = 0 AND user_id = 35  AND  '2015-08-16 23:59:59' < rmd_time AND rmd_time <= '2015-08-23 23:59:59' limit 10
[21:47:13] SELECT msg_id,msg_send_user_id,msg_receive_user_id,msg_send_user_name,msg_receive_user_name,msg_content,msg_content_text ,msg_insert_time FROM est_message WHERE msg_show_time <= 1439732863 AND msg_if_readed = 0 AND msg_receive_user_id = 35 LIMIT 10
[21:47:13] SELECT COUNT(*) AS `numrows` FROM (`est_message`) WHERE `msg_show_time` <= 1439732863 AND `msg_if_readed` =  '0' AND `msg_receive_user_id` =  '35'
[21:47:13] SELECT * FROM (`est_anns`) WHERE (create_user_id = '35' OR dept_id IN (1) ) ORDER BY `creat_time` desc LIMIT 10
[21:47:13] SELECT user_id,dept_id,deal_date,conn_num,conn_success,transformation,new_increment FROM est_statistics_stage WHERE deal_date='2015-08-16' AND dept_id IN (1) LIMIT 10
[21:47:13] SELECT `id`, `name`, `fields`, `state`, `field_type`, `data_type`, `if_require`, `default`, `jl_series`, `jl_field_type`, `datefmt` FROM (`est_fields`) WHERE `field_type` =  0 AND `state` =  1 AND `if_custom` =  '1' ORDER BY `custom_poz` ASC
[21:47:13] SELECT `cle_id`, `cle_name`, `cle_stat`, `cle_stage`, `cle_last_connecttime`, `cle_public_type` FROM (`est_client`) WHERE `user_id` = '35' AND con_rec_next_time >= '2015-08-16' AND con_rec_next_time <= '2015-08-16' AND dept_id IN (1) ORDER BY `con_rec_next_time` desc LIMIT 10
[21:47:13] SELECT cus_phone FROM est_cdr WHERE start_time>='1439731033' AND result=0 AND conn_secs>0 AND cus_phone!=''
[21:47:13] SELECT id,start_time,caller,state,reason,cle_id FROM est_lost_cdr WHERE user_id='35' AND state=0 LIMIT 10
[21:47:13] SELECT rmd_id,rmd_param_int,rmd_param_char,rmd_remark,rmd_time FROM est_remind WHERE rmd_deal = 0 AND user_id = 35  AND  rmd_time < '2015-08-16 00:00:00' limit 10
[21:47:13] SELECT rmd_id,rmd_param_int,rmd_param_char,rmd_remark,rmd_time FROM est_remind WHERE rmd_deal = 0 AND user_id = 35  AND  '2015-08-16 00:00:00' <= rmd_time AND rmd_time <= '2015-08-16 23:59:59' limit 10
[21:47:13] SELECT rmd_id,rmd_param_int,rmd_param_char,rmd_remark,rmd_time FROM est_remind WHERE rmd_deal = 0 AND user_id = 35  AND  '2015-08-16 23:59:59' < rmd_time AND rmd_time <= '2015-08-23 23:59:59' limit 10
[21:47:13] SELECT msg_id,msg_send_user_id,msg_receive_user_id,msg_send_user_name,msg_receive_user_name,msg_content,msg_content_text ,msg_insert_time FROM est_message WHERE msg_show_time <= 1439732863 AND msg_if_readed = 0 AND msg_receive_user_id = 35 LIMIT 10
[21:47:13] SELECT COUNT(*) AS `numrows` FROM (`est_message`) WHERE `msg_show_time` <= 1439732863 AND `msg_if_readed` =  '0' AND `msg_receive_user_id` =  '35'
[21:47:13] SELECT * FROM (`est_anns`) WHERE (create_user_id = '35' OR dept_id IN (1) ) ORDER BY `creat_time` desc LIMIT 10
[21:47:13] SELECT user_id,dept_id,deal_date,conn_num,conn_success,transformation,new_increment FROM est_statistics_stage WHERE deal_date='2015-08-16' AND dept_id IN (1) LIMIT 10
[21:47:13] SELECT `id`, `name`, `fields`, `state`, `field_type`, `data_type`, `if_require`, `default`, `jl_series`, `jl_field_type`, `datefmt` FROM (`est_fields`) WHERE `field_type` =  0 AND `state` =  1 AND `if_custom` =  '1' ORDER BY `custom_poz` ASC
[21:47:13] SELECT `cle_id`, `cle_name`, `cle_stat`, `cle_stage`, `cle_last_connecttime`, `cle_public_type` FROM (`est_client`) WHERE `user_id` = '35' AND con_rec_next_time >= '2015-08-16' AND con_rec_next_time <= '2015-08-16' AND dept_id IN (1) ORDER BY `con_rec_next_time` desc LIMIT 10
[21:47:13] SELECT cus_phone FROM est_cdr WHERE start_time>='1439731033' AND result=0 AND conn_secs>0 AND cus_phone!=''
[21:47:13] SELECT id,start_time,caller,state,reason,cle_id FROM est_lost_cdr WHERE user_id='35' AND state=0 LIMIT 10
[21:47:13] SELECT rmd_id,rmd_param_int,rmd_param_char,rmd_remark,rmd_time FROM est_remind WHERE rmd_deal = 0 AND user_id = 35  AND  rmd_time < '2015-08-16 00:00:00' limit 10
[21:47:13] SELECT rmd_id,rmd_param_int,rmd_param_char,rmd_remark,rmd_time FROM est_remind WHERE rmd_deal = 0 AND user_id = 35  AND  '2015-08-16 00:00:00' <= rmd_time AND rmd_time <= '2015-08-16 23:59:59' limit 10
[21:47:13] SELECT rmd_id,rmd_param_int,rmd_param_char,rmd_remark,rmd_time FROM est_remind WHERE rmd_deal = 0 AND user_id = 35  AND  '2015-08-16 23:59:59' < rmd_time AND rmd_time <= '2015-08-23 23:59:59' limit 10
[21:47:13] SELECT msg_id,msg_send_user_id,msg_receive_user_id,msg_send_user_name,msg_receive_user_name,msg_content,msg_content_text ,msg_insert_time FROM est_message WHERE msg_show_time <= 1439732863 AND msg_if_readed = 0 AND msg_receive_user_id = 35 LIMIT 10
[21:47:13] SELECT COUNT(*) AS `numrows` FROM (`est_message`) WHERE `msg_show_time` <= 1439732863 AND `msg_if_readed` =  '0' AND `msg_receive_user_id` =  '35'
[21:47:13] SELECT * FROM (`est_anns`) WHERE (create_user_id = '35' OR dept_id IN (1) ) ORDER BY `creat_time` desc LIMIT 10
[21:47:13] SELECT user_id,dept_id,deal_date,conn_num,conn_success,transformation,new_increment FROM est_statistics_stage WHERE deal_date='2015-08-16' AND dept_id IN (1) LIMIT 10
[21:47:13] SELECT `id`, `name`, `fields`, `state`, `field_type`, `data_type`, `if_require`, `default`, `jl_series`, `jl_field_type`, `datefmt` FROM (`est_fields`) WHERE `field_type` =  0 AND `state` =  1 AND `if_custom` =  '1' ORDER BY `custom_poz` ASC
[21:47:13] SELECT `cle_id`, `cle_name`, `cle_stat`, `cle_stage`, `cle_last_connecttime`, `cle_public_type` FROM (`est_client`) WHERE `user_id` = '35' AND con_rec_next_time >= '2015-08-16' AND con_rec_next_time <= '2015-08-16' AND dept_id IN (1) ORDER BY `con_rec_next_time` desc LIMIT 10
[21:47:13] SELECT cus_phone FROM est_cdr WHERE start_time>='1439731033' AND result=0 AND conn_secs>0 AND cus_phone!=''
[21:47:13] SELECT id,start_time,caller,state,reason,cle_id FROM est_lost_cdr WHERE user_id='35' AND state=0 LIMIT 10
[21:47:15] SELECT COUNT(*) AS `numrows` FROM (`est_config`)
[21:47:15] UPDATE `est_config` SET `login_wizard` = 1
[21:47:29] SELECT `role_id`, `role_name`, `role_type` FROM (`est_role`)
[21:47:29] SELECT * FROM (`est_config`) LIMIT 1
[21:47:35] SELECT * FROM (`est_role`) WHERE `role_id` =  '2'
[21:47:56] SELECT * FROM (`est_product_class`) ORDER BY `p_c_id`
[21:48:08] SELECT `client_list_display` AS list_display FROM (`est_users`) WHERE `user_id` =  '35' LIMIT 1
[21:48:08] SELECT `id`, `name`, `fields`, `field_type`, `if_custom`, `field_list_width`, `data_type`, `if_require`, `default`, `jl_series`, `jl_field_type`, `datefmt` FROM (`est_fields`) WHERE `field_type` IN (0, 1)  AND `state` =  1 ORDER BY `id` ASC
[21:48:08] SELECT `id`, `name`, `fields`, `state` FROM (`est_fields`) WHERE `field_type` =  0 AND `state` =  1 AND `if_custom` =  0 ORDER BY `id` ASC
[21:48:08] SELECT `client_list_display` AS list_display FROM (`est_users`) WHERE `user_id` =  '35' LIMIT 1
[21:48:08] SELECT `id`, `name`, `fields`, `state`, `field_type`, `data_type`, `if_require`, `default`, `jl_series`, `jl_field_type`, `datefmt` FROM (`est_fields`) WHERE `field_type` =  0 AND `state` =  1 AND `if_custom` =  '1' ORDER BY `custom_poz` ASC
[21:48:08] SELECT `cle_name`, `cle_phone`, `cle_stat`, `dept_id`, `user_id`, `est_client`.`cle_id`, `cle_public_type` FROM (`est_client`) WHERE `user_id` = '35' AND dept_id IN (1) ORDER BY `cle_id` desc LIMIT 10
[21:48:08] SELECT `dept_id`, `dept_name` FROM (`est_department`)
[21:48:09] SELECT * FROM (`est_dictionary_detail`) WHERE `parent_id` =  1 ORDER BY `sorts` ASC
[21:48:09] SELECT `region_id`, `region_name` FROM (`est_region`) WHERE `region_type` =  1 AND `parent_id` =  1
[21:48:09] SELECT * FROM (`est_dictionary_detail`) WHERE `parent_id` =  6 ORDER BY `sorts` ASC
[21:48:09] INSERT INTO `est_dictionary_detail` (`name`, `parent_id`, `sorts`) VALUES ('未拨打','6',0), ('呼通','6',1), ('未呼通','6',2), ('空号错号','6',3), ('停机','6',4)
[21:48:09] SELECT * FROM (`est_dictionary_detail`) WHERE `parent_id` =  2 ORDER BY `sorts` ASC
[21:48:16] (SELECT cle_id FROM est_client WHERE cle_pingyin LIKE '%ce%') UNION (SELECT cle_id FROM est_contact WHERE con_name LIKE '%ce%') ORDER BY `cle_id` DESC LIMIT 10
[21:48:17] (SELECT cle_id FROM est_client WHERE cle_pingyin LIKE '%ce%') UNION (SELECT cle_id FROM est_contact WHERE con_name LIKE '%ce%') ORDER BY `cle_id` DESC LIMIT 10
[21:48:19] (SELECT cle_id FROM est_client WHERE cle_pingyin LIKE '%ce%') UNION (SELECT cle_id FROM est_contact WHERE con_name LIKE '%ce%') ORDER BY `cle_id` DESC LIMIT 10
[21:48:21] (SELECT cle_id FROM est_client WHERE cle_pingyin LIKE '%ce%') UNION (SELECT cle_id FROM est_contact WHERE con_name LIKE '%ce%') ORDER BY `cle_id` DESC LIMIT 10
[21:48:21] (SELECT cle_id FROM est_client WHERE cle_pingyin LIKE '%ce%') UNION (SELECT cle_id FROM est_contact WHERE con_name LIKE '%ce%') ORDER BY `cle_id` DESC LIMIT 10
[21:48:22] (SELECT cle_id FROM est_client WHERE cle_pingyin LIKE '%ce%') UNION (SELECT cle_id FROM est_contact WHERE con_name LIKE '%ce%') ORDER BY `cle_id` DESC LIMIT 10
[21:48:22] (SELECT cle_id FROM est_client WHERE cle_pingyin LIKE '%ce%') UNION (SELECT cle_id FROM est_contact WHERE con_name LIKE '%ce%') ORDER BY `cle_id` DESC LIMIT 10
[21:48:22] (SELECT cle_id FROM est_client WHERE cle_name LIKE '%ce's%') UNION (SELECT cle_id FROM est_contact WHERE con_name LIKE '%ce's%') ORDER BY `cle_id` DESC LIMIT 10
[21:48:22] ROLLBACK
[21:48:22] SET AUTOCOMMIT=1
[21:48:22] (SELECT cle_id FROM est_client WHERE cle_name LIKE '%ce'si%') UNION (SELECT cle_id FROM est_contact WHERE con_name LIKE '%ce'si%') ORDER BY `cle_id` DESC LIMIT 10
[21:48:22] ROLLBACK
[21:48:22] SET AUTOCOMMIT=1
[21:48:22] (SELECT cle_id FROM est_client WHERE cle_name LIKE '%侧死%') UNION (SELECT cle_id FROM est_contact WHERE con_name LIKE '%侧死%') ORDER BY `cle_id` DESC LIMIT 10
[21:48:23] (SELECT cle_id FROM est_client WHERE cle_pingyin LIKE '%ce%') UNION (SELECT cle_id FROM est_contact WHERE con_name LIKE '%ce%') ORDER BY `cle_id` DESC LIMIT 10
[21:48:23] (SELECT cle_id FROM est_client WHERE cle_pingyin LIKE '%ce%') UNION (SELECT cle_id FROM est_contact WHERE con_name LIKE '%ce%') ORDER BY `cle_id` DESC LIMIT 10
[21:48:23] (SELECT cle_id FROM est_client WHERE cle_name LIKE '%ce'sh%') UNION (SELECT cle_id FROM est_contact WHERE con_name LIKE '%ce'sh%') ORDER BY `cle_id` DESC LIMIT 10
[21:48:23] ROLLBACK
[21:48:23] SET AUTOCOMMIT=1
[21:48:23] (SELECT cle_id FROM est_client WHERE cle_name LIKE '%ce'shi%') UNION (SELECT cle_id FROM est_contact WHERE con_name LIKE '%ce'shi%') ORDER BY `cle_id` DESC LIMIT 10
[21:48:23] ROLLBACK
[21:48:23] SET AUTOCOMMIT=1
[21:48:23] (SELECT cle_id FROM est_client WHERE cle_name LIKE '%ce'shi%') UNION (SELECT cle_id FROM est_contact WHERE con_name LIKE '%ce'shi%') ORDER BY `cle_id` DESC LIMIT 10
[21:48:23] ROLLBACK
[21:48:23] SET AUTOCOMMIT=1
[21:48:23] (SELECT cle_id FROM est_client WHERE cle_name LIKE '%测试k%') UNION (SELECT cle_id FROM est_contact WHERE con_name LIKE '%测试k%') ORDER BY `cle_id` DESC LIMIT 10
[21:48:23] (SELECT cle_id FROM est_client WHERE cle_name LIKE '%测试k%') UNION (SELECT cle_id FROM est_contact WHERE con_name LIKE '%测试k%') ORDER BY `cle_id` DESC LIMIT 10
[21:48:23] (SELECT cle_id FROM est_client WHERE cle_name LIKE '%测试ke%') UNION (SELECT cle_id FROM est_contact WHERE con_name LIKE '%测试ke%') ORDER BY `cle_id` DESC LIMIT 10
[21:48:23] (SELECT cle_id FROM est_client WHERE cle_name LIKE '%测试ke'hu%') UNION (SELECT cle_id FROM est_contact WHERE con_name LIKE '%测试ke'hu%') ORDER BY `cle_id` DESC LIMIT 10
[21:48:23] ROLLBACK
[21:48:23] SET AUTOCOMMIT=1
[21:48:24] (SELECT cle_id FROM est_client WHERE cle_name LIKE '%测试客户%') UNION (SELECT cle_id FROM est_contact WHERE con_name LIKE '%测试客户%') ORDER BY `cle_id` DESC LIMIT 10
[21:48:24] (SELECT cle_id FROM est_client WHERE cle_name LIKE '%测试客户%') UNION (SELECT cle_id FROM est_contact WHERE con_name LIKE '%测试客户%') ORDER BY `cle_id` DESC LIMIT 10
[21:48:25] SELECT `id`, `name`, `fields`, `state`, `field_type`, `data_type`, `if_require`, `default`, `jl_series`, `jl_field_type`, `datefmt` FROM (`est_fields`) WHERE `field_type` IN (0, 1)  AND `state` =  1 AND `if_custom` =  '1' ORDER BY `custom_poz` ASC
[21:48:25] INSERT INTO `est_client` (`cle_name`, `cle_pingyin`, `cle_phone`, `cle_phone2`, `cle_phone3`, `cle_address`, `cle_info_source`, `cle_stage`, `cle_stat`, `cle_province_name`, `cle_province_id`, `cle_city_id`, `cle_city_name`, `cle_remark`, `user_id`, `dept_id`, `cle_executor_time`, `cle_creat_time`, `cle_creat_user_id`) VALUES ('测试客户', 'cskh', '', '', '', '', '', '', '未拨打', '', 0, 0, '', '', '35', 1, '2015-08-16 21:48:25', '2015-08-16', '35')
[21:48:25] INSERT INTO `est_client_log` (`cle_id`, `contents`, `log_time`, `user_ip`, `user_name`) VALUES (1,'添加客户','2015-08-16 21:48:25','114.242.250.174','1001')
[21:48:26] SELECT * FROM (`est_client`) WHERE `cle_id` =  '1'
[21:48:26] SELECT * FROM (`est_client`) WHERE `cle_id` =  '1'
[21:48:26] SELECT `con_mobile`, `con_name` FROM (`est_contact`) WHERE `cle_id` =  '1' ORDER BY `con_if_main` desc LIMIT 20
[21:48:26] SELECT `id`, `name`, `fields`, `field_type`, `if_custom`, `field_list_width`, `data_type`, `if_require`, `default`, `jl_series`, `jl_field_type`, `datefmt` FROM (`est_fields`) WHERE `field_type` =  0 AND `state` =  1 ORDER BY `id` ASC
[21:48:26] SELECT * FROM (`est_dictionary_detail`) WHERE `parent_id` =  1 ORDER BY `sorts` ASC
[21:48:26] SELECT `region_id`, `region_name` FROM (`est_region`) WHERE `region_type` =  1 AND `parent_id` =  1
[21:48:26] SELECT * FROM (`est_dictionary_detail`) WHERE `parent_id` =  6 ORDER BY `sorts` ASC
[21:48:26] SELECT * FROM (`est_dictionary_detail`) WHERE `parent_id` =  2 ORDER BY `sorts` ASC
[21:48:26] SELECT * FROM (`est_client`) WHERE `cle_id` =  '1'
[21:48:26] SELECT * FROM (`est_dictionary_detail`) WHERE `parent_id` =  4 ORDER BY `sorts` ASC
[21:48:26] SELECT `id`, `name`, `fields`, `field_type`, `if_custom`, `field_list_width`, `data_type`, `if_require`, `default`, `jl_series`, `jl_field_type`, `datefmt` FROM (`est_fields`) WHERE `field_type` =  4 AND `state` =  1 ORDER BY `id` ASC
[21:48:27] SELECT `user_id`, `user_name`, `user_num` FROM (`est_users`) WHERE `user_id` > 0 LIMIT 20
[21:48:27] SELECT `contact_list_display` AS list_display FROM (`est_users`) WHERE `user_id` =  '35' LIMIT 1
[21:48:27] SELECT `id`, `name`, `fields`, `state`, `field_type`, `data_type`, `if_require`, `default`, `jl_series`, `jl_field_type`, `datefmt` FROM (`est_fields`) WHERE `field_type` =  1 AND `state` =  1 AND `if_custom` =  '1' ORDER BY `custom_poz` ASC
[21:48:27] SELECT count(*) as total FROM (`est_contact`) WHERE `cle_id` = '1'
