[09:50:22] SELECT `user_id`, `user_num`, `user_password`, `user_name`, `user_phone`, `user_ol_model`, `role_id`, `role_name`, `role_type`, `dept_id`, `dept_name`, `user_tel_server`, `user_cti_server`, `user_channel`, `user_sms_phone`, `user_if_tip`, `user_remark`, `user_last_login`, `user_phone_type`, `user_last_ip`, `user_outcaller_type`, `user_outcaller_num`, `user_notebook`, `user_login_state`, `user_workbench_layout`, `user_display_dialpanel`, `user_outcall_popup`, `user_to_selfphone` FROM (`est_users`) WHERE `user_id` =  '1'
[09:50:22] SELECT * FROM (`est_role`) WHERE `role_id` =  '1'
[09:50:22] UPDATE `est_users` SET `user_last_login` = '2015-07-15 09:50:22', `user_last_ip` = '180.158.134.27' WHERE `user_id` =  '1'
[09:50:22] SELECT `que_id`, `que_name`, `que_type` FROM (`est_queue`)
[09:50:22] SELECT * FROM (`est_config`) LIMIT 1
[09:50:22] SELECT rmd_id,rmd_param_int,rmd_param_char,rmd_remark,rmd_time FROM est_remind WHERE rmd_deal = 0 AND user_id = 1  AND  rmd_time < '2015-07-15 00:00:00' limit 10
[09:50:22] SELECT rmd_id,rmd_param_int,rmd_param_char,rmd_remark,rmd_time FROM est_remind WHERE rmd_deal = 0 AND user_id = 1  AND  '2015-07-15 00:00:00' <= rmd_time AND rmd_time <= '2015-07-15 23:59:59' limit 10
[09:50:22] SELECT rmd_id,rmd_param_int,rmd_param_char,rmd_remark,rmd_time FROM est_remind WHERE rmd_deal = 0 AND user_id = 1  AND  '2015-07-15 23:59:59' < rmd_time AND rmd_time <= '2015-07-22 23:59:59' limit 10
[09:50:22] SELECT msg_id,msg_send_user_id,msg_receive_user_id,msg_send_user_name,msg_receive_user_name,msg_content,msg_content_text ,msg_insert_time FROM est_message WHERE msg_show_time <= 1436925052 AND msg_if_readed = 0 AND msg_receive_user_id = 1 LIMIT 10
[09:50:22] SELECT COUNT(*) AS `numrows` FROM (`est_message`) WHERE `msg_show_time` <= 1436925052 AND `msg_if_readed` =  '0' AND `msg_receive_user_id` =  '1'
[09:50:22] SELECT * FROM (`est_department`) WHERE `dept_id` =  '1' LIMIT 1
[09:50:22] SELECT `dept_id`, `dept_pid`, `dept_deep` FROM (`est_department`) WHERE `dept_deep` <= '1'
[09:50:22] SELECT * FROM (`est_anns`) WHERE (create_user_id = '1' OR dept_id IN (1) ) ORDER BY `creat_time` desc LIMIT 10
[09:50:22] SELECT `dept_id`, `dept_pid`, `dept_name`, `dept_deep` FROM (`est_department`) ORDER BY `dept_id`
[09:50:22] SELECT `user_id`, `user_name`, `user_num`, `dept_id`, `dept_name` FROM (`est_users`) WHERE `dept_id` IN (1)
[09:50:22] SELECT user_id,dept_id,deal_date,conn_num,conn_success,transformation,new_increment FROM est_statistics_stage WHERE deal_date='2015-07-15' AND dept_id IN (1) LIMIT 10
[09:50:22] SELECT `id`, `name`, `fields`, `field_type`, `if_custom`, `field_list_width`, `data_type`, `if_require`, `default`, `jl_series`, `jl_field_type`, `datefmt` FROM (`est_fields`) WHERE `field_type` =  1 AND `state` =  1 ORDER BY `id` ASC
[09:50:22] SELECT `id`, `name`, `fields`, `state`, `field_type`, `data_type`, `if_require`, `default`, `jl_series`, `jl_field_type`, `datefmt` FROM (`est_fields`) WHERE `field_type` =  0 AND `state` =  1 AND `if_custom` =  '1' ORDER BY `custom_poz` ASC
[09:50:22] SELECT `cle_id`, `cle_name`, `cle_stat`, `cle_stage`, `cle_last_connecttime`, `cle_public_type` FROM (`est_client`) WHERE `user_id` = '1' AND con_rec_next_time >= '2015-07-15' AND con_rec_next_time <= '2015-07-15' AND dept_id IN (1) ORDER BY `con_rec_next_time` desc LIMIT 10
[09:50:22] SELECT cus_phone FROM est_cdr WHERE start_time>='1436923222' AND result=0 AND conn_secs>0 AND cus_phone!=''
[09:50:22] SELECT id,start_time,caller,state,reason,cle_id FROM est_lost_cdr WHERE user_id='1' AND state=0 LIMIT 10
[09:50:23] SELECT rmd_id,rmd_param_int,rmd_param_char,rmd_remark,rmd_time FROM est_remind WHERE rmd_deal = 0 AND user_id = 1  AND  rmd_time < '2015-07-15 00:00:00' limit 10
[09:50:23] SELECT rmd_id,rmd_param_int,rmd_param_char,rmd_remark,rmd_time FROM est_remind WHERE rmd_deal = 0 AND user_id = 1  AND  '2015-07-15 00:00:00' <= rmd_time AND rmd_time <= '2015-07-15 23:59:59' limit 10
[09:50:23] SELECT rmd_id,rmd_param_int,rmd_param_char,rmd_remark,rmd_time FROM est_remind WHERE rmd_deal = 0 AND user_id = 1  AND  '2015-07-15 23:59:59' < rmd_time AND rmd_time <= '2015-07-22 23:59:59' limit 10
[09:50:23] SELECT msg_id,msg_send_user_id,msg_receive_user_id,msg_send_user_name,msg_receive_user_name,msg_content,msg_content_text ,msg_insert_time FROM est_message WHERE msg_show_time <= 1436925053 AND msg_if_readed = 0 AND msg_receive_user_id = 1 LIMIT 10
[09:50:23] SELECT COUNT(*) AS `numrows` FROM (`est_message`) WHERE `msg_show_time` <= 1436925053 AND `msg_if_readed` =  '0' AND `msg_receive_user_id` =  '1'
[09:50:23] SELECT * FROM (`est_anns`) WHERE (create_user_id = '1' OR dept_id IN (1) ) ORDER BY `creat_time` desc LIMIT 10
[09:50:23] SELECT user_id,dept_id,deal_date,conn_num,conn_success,transformation,new_increment FROM est_statistics_stage WHERE deal_date='2015-07-15' AND dept_id IN (1) LIMIT 10
[09:50:23] SELECT `id`, `name`, `fields`, `state`, `field_type`, `data_type`, `if_require`, `default`, `jl_series`, `jl_field_type`, `datefmt` FROM (`est_fields`) WHERE `field_type` =  0 AND `state` =  1 AND `if_custom` =  '1' ORDER BY `custom_poz` ASC
[09:50:23] SELECT `cle_id`, `cle_name`, `cle_stat`, `cle_stage`, `cle_last_connecttime`, `cle_public_type` FROM (`est_client`) WHERE `user_id` = '1' AND con_rec_next_time >= '2015-07-15' AND con_rec_next_time <= '2015-07-15' AND dept_id IN (1) ORDER BY `con_rec_next_time` desc LIMIT 10
[09:50:23] SELECT cus_phone FROM est_cdr WHERE start_time>='1436923223' AND result=0 AND conn_secs>0 AND cus_phone!=''
[09:50:23] SELECT id,start_time,caller,state,reason,cle_id FROM est_lost_cdr WHERE user_id='1' AND state=0 LIMIT 10
[09:50:23] SELECT rmd_id,rmd_param_int,rmd_param_char,rmd_remark,rmd_time FROM est_remind WHERE rmd_deal = 0 AND user_id = 1  AND  rmd_time < '2015-07-15 00:00:00' limit 10
[09:50:23] SELECT rmd_id,rmd_param_int,rmd_param_char,rmd_remark,rmd_time FROM est_remind WHERE rmd_deal = 0 AND user_id = 1  AND  '2015-07-15 00:00:00' <= rmd_time AND rmd_time <= '2015-07-15 23:59:59' limit 10
[09:50:23] SELECT rmd_id,rmd_param_int,rmd_param_char,rmd_remark,rmd_time FROM est_remind WHERE rmd_deal = 0 AND user_id = 1  AND  '2015-07-15 23:59:59' < rmd_time AND rmd_time <= '2015-07-22 23:59:59' limit 10
[09:50:23] SELECT rmd_id,rmd_param_int,rmd_param_char,rmd_remark,rmd_time FROM est_remind WHERE rmd_deal = 0 AND user_id = 1  AND  rmd_time < '2015-07-15 00:00:00' limit 10
[09:50:23] SELECT rmd_id,rmd_param_int,rmd_param_char,rmd_remark,rmd_time FROM est_remind WHERE rmd_deal = 0 AND user_id = 1  AND  '2015-07-15 00:00:00' <= rmd_time AND rmd_time <= '2015-07-15 23:59:59' limit 10
[09:50:23] SELECT msg_id,msg_send_user_id,msg_receive_user_id,msg_send_user_name,msg_receive_user_name,msg_content,msg_content_text ,msg_insert_time FROM est_message WHERE msg_show_time <= 1436925053 AND msg_if_readed = 0 AND msg_receive_user_id = 1 LIMIT 10
[09:50:23] SELECT rmd_id,rmd_param_int,rmd_param_char,rmd_remark,rmd_time FROM est_remind WHERE rmd_deal = 0 AND user_id = 1  AND  '2015-07-15 23:59:59' < rmd_time AND rmd_time <= '2015-07-22 23:59:59' limit 10
[09:50:23] SELECT COUNT(*) AS `numrows` FROM (`est_message`) WHERE `msg_show_time` <= 1436925053 AND `msg_if_readed` =  '0' AND `msg_receive_user_id` =  '1'
[09:50:23] SELECT msg_id,msg_send_user_id,msg_receive_user_id,msg_send_user_name,msg_receive_user_name,msg_content,msg_content_text ,msg_insert_time FROM est_message WHERE msg_show_time <= 1436925053 AND msg_if_readed = 0 AND msg_receive_user_id = 1 LIMIT 10
[09:50:23] SELECT COUNT(*) AS `numrows` FROM (`est_message`) WHERE `msg_show_time` <= 1436925053 AND `msg_if_readed` =  '0' AND `msg_receive_user_id` =  '1'
[09:50:23] SELECT * FROM (`est_anns`) WHERE (create_user_id = '1' OR dept_id IN (1) ) ORDER BY `creat_time` desc LIMIT 10
[09:50:23] SELECT * FROM (`est_anns`) WHERE (create_user_id = '1' OR dept_id IN (1) ) ORDER BY `creat_time` desc LIMIT 10
[09:50:23] SELECT user_id,dept_id,deal_date,conn_num,conn_success,transformation,new_increment FROM est_statistics_stage WHERE deal_date='2015-07-15' AND dept_id IN (1) LIMIT 10
[09:50:23] SELECT user_id,dept_id,deal_date,conn_num,conn_success,transformation,new_increment FROM est_statistics_stage WHERE deal_date='2015-07-15' AND dept_id IN (1) LIMIT 10
[09:50:23] SELECT `id`, `name`, `fields`, `state`, `field_type`, `data_type`, `if_require`, `default`, `jl_series`, `jl_field_type`, `datefmt` FROM (`est_fields`) WHERE `field_type` =  0 AND `state` =  1 AND `if_custom` =  '1' ORDER BY `custom_poz` ASC
[09:50:23] SELECT `id`, `name`, `fields`, `state`, `field_type`, `data_type`, `if_require`, `default`, `jl_series`, `jl_field_type`, `datefmt` FROM (`est_fields`) WHERE `field_type` =  0 AND `state` =  1 AND `if_custom` =  '1' ORDER BY `custom_poz` ASC
[09:50:23] SELECT `cle_id`, `cle_name`, `cle_stat`, `cle_stage`, `cle_last_connecttime`, `cle_public_type` FROM (`est_client`) WHERE `user_id` = '1' AND con_rec_next_time >= '2015-07-15' AND con_rec_next_time <= '2015-07-15' AND dept_id IN (1) ORDER BY `con_rec_next_time` desc LIMIT 10
[09:50:23] SELECT `cle_id`, `cle_name`, `cle_stat`, `cle_stage`, `cle_last_connecttime`, `cle_public_type` FROM (`est_client`) WHERE `user_id` = '1' AND con_rec_next_time >= '2015-07-15' AND con_rec_next_time <= '2015-07-15' AND dept_id IN (1) ORDER BY `con_rec_next_time` desc LIMIT 10
[09:50:23] SELECT cus_phone FROM est_cdr WHERE start_time>='1436923223' AND result=0 AND conn_secs>0 AND cus_phone!=''
[09:50:23] SELECT id,start_time,caller,state,reason,cle_id FROM est_lost_cdr WHERE user_id='1' AND state=0 LIMIT 10
[09:50:23] SELECT cus_phone FROM est_cdr WHERE start_time>='1436923223' AND result=0 AND conn_secs>0 AND cus_phone!=''
[09:50:23] SELECT id,start_time,caller,state,reason,cle_id FROM est_lost_cdr WHERE user_id='1' AND state=0 LIMIT 10
[09:50:23] SELECT rmd_id,rmd_param_int,rmd_param_char,rmd_remark,rmd_time FROM est_remind WHERE rmd_deal = 0 AND user_id = 1  AND  rmd_time < '2015-07-15 00:00:00' limit 10
[09:50:23] SELECT rmd_id,rmd_param_int,rmd_param_char,rmd_remark,rmd_time FROM est_remind WHERE rmd_deal = 0 AND user_id = 1  AND  '2015-07-15 00:00:00' <= rmd_time AND rmd_time <= '2015-07-15 23:59:59' limit 10
[09:50:23] SELECT rmd_id,rmd_param_int,rmd_param_char,rmd_remark,rmd_time FROM est_remind WHERE rmd_deal = 0 AND user_id = 1  AND  '2015-07-15 23:59:59' < rmd_time AND rmd_time <= '2015-07-22 23:59:59' limit 10
[09:50:23] SELECT msg_id,msg_send_user_id,msg_receive_user_id,msg_send_user_name,msg_receive_user_name,msg_content,msg_content_text ,msg_insert_time FROM est_message WHERE msg_show_time <= 1436925053 AND msg_if_readed = 0 AND msg_receive_user_id = 1 LIMIT 10
[09:50:23] SELECT COUNT(*) AS `numrows` FROM (`est_message`) WHERE `msg_show_time` <= 1436925053 AND `msg_if_readed` =  '0' AND `msg_receive_user_id` =  '1'
[09:50:23] SELECT * FROM (`est_anns`) WHERE (create_user_id = '1' OR dept_id IN (1) ) ORDER BY `creat_time` desc LIMIT 10
[09:50:23] SELECT user_id,dept_id,deal_date,conn_num,conn_success,transformation,new_increment FROM est_statistics_stage WHERE deal_date='2015-07-15' AND dept_id IN (1) LIMIT 10
[09:50:23] SELECT `id`, `name`, `fields`, `state`, `field_type`, `data_type`, `if_require`, `default`, `jl_series`, `jl_field_type`, `datefmt` FROM (`est_fields`) WHERE `field_type` =  0 AND `state` =  1 AND `if_custom` =  '1' ORDER BY `custom_poz` ASC
[09:50:23] SELECT `cle_id`, `cle_name`, `cle_stat`, `cle_stage`, `cle_last_connecttime`, `cle_public_type` FROM (`est_client`) WHERE `user_id` = '1' AND con_rec_next_time >= '2015-07-15' AND con_rec_next_time <= '2015-07-15' AND dept_id IN (1) ORDER BY `con_rec_next_time` desc LIMIT 10
[09:50:23] SELECT cus_phone FROM est_cdr WHERE start_time>='1436923223' AND result=0 AND conn_secs>0 AND cus_phone!=''
[09:50:23] SELECT id,start_time,caller,state,reason,cle_id FROM est_lost_cdr WHERE user_id='1' AND state=0 LIMIT 10
